<?xml version="1.0" encoding="UTF-8"?>
<coverage generated="1652475334708" clover="3.2.0">
  <project timestamp="1652475334708" name="All files">
    <metrics statements="1031" coveredstatements="1025" conditionals="297" coveredconditionals="282" methods="102" coveredmethods="100" elements="1430" coveredelements="1407" complexity="0" loc="1031" ncloc="1031" packages="10" files="14" classes="14"/>
    <package name="arrUtils">
      <metrics statements="75" coveredstatements="75" conditionals="32" coveredconditionals="32" methods="6" coveredmethods="6"/>
      <file name="index.js" path="E:\odins\battleship\src\game-modules\arrUtils\index.js">
        <metrics statements="75" coveredstatements="75" conditionals="32" coveredconditionals="32" methods="6" coveredmethods="6"/>
        <line num="1" count="169" type="cond" truecount="1" falsecount="0"/>
        <line num="2" count="169" type="stmt"/>
        <line num="3" count="169" type="cond" truecount="4" falsecount="0"/>
        <line num="4" count="169" type="stmt"/>
        <line num="5" count="1" type="stmt"/>
        <line num="6" count="11" type="cond" truecount="4" falsecount="0"/>
        <line num="7" count="11" type="cond" truecount="2" falsecount="0"/>
        <line num="8" count="9" type="stmt"/>
        <line num="9" count="9" type="stmt"/>
        <line num="10" count="9" type="stmt"/>
        <line num="11" count="9" type="stmt"/>
        <line num="12" count="9" type="stmt"/>
        <line num="13" count="11" type="cond" truecount="1" falsecount="0"/>
        <line num="14" count="149" type="cond" truecount="1" falsecount="0"/>
        <line num="15" count="102" type="stmt"/>
        <line num="16" count="102" type="stmt"/>
        <line num="17" count="149" type="stmt"/>
        <line num="18" count="9" type="cond" truecount="1" falsecount="0"/>
        <line num="19" count="9" type="stmt"/>
        <line num="20" count="9" type="stmt"/>
        <line num="21" count="1" type="stmt"/>
        <line num="22" count="32" type="cond" truecount="1" falsecount="0"/>
        <line num="23" count="32" type="stmt"/>
        <line num="24" count="32" type="stmt"/>
        <line num="25" count="32" type="cond" truecount="1" falsecount="0"/>
        <line num="26" count="163" type="cond" truecount="1" falsecount="0"/>
        <line num="27" count="163" type="stmt"/>
        <line num="28" count="163" type="stmt"/>
        <line num="29" count="32" type="stmt"/>
        <line num="30" count="32" type="stmt"/>
        <line num="31" count="32" type="stmt"/>
        <line num="32" count="1" type="stmt"/>
        <line num="33" count="31" type="cond" truecount="1" falsecount="0"/>
        <line num="34" count="31" type="stmt"/>
        <line num="35" count="31" type="cond" truecount="1" falsecount="0"/>
        <line num="36" count="31" type="cond" truecount="1" falsecount="0"/>
        <line num="37" count="31" type="stmt"/>
        <line num="38" count="1" type="stmt"/>
        <line num="39" count="2" type="cond" truecount="1" falsecount="0"/>
        <line num="40" count="2" type="stmt"/>
        <line num="41" count="2" type="cond" truecount="1" falsecount="0"/>
        <line num="42" count="9" type="cond" truecount="1" falsecount="0"/>
        <line num="43" count="9" type="stmt"/>
        <line num="44" count="9" type="stmt"/>
        <line num="45" count="2" type="stmt"/>
        <line num="46" count="2" type="stmt"/>
        <line num="47" count="2" type="stmt"/>
        <line num="48" count="1" type="stmt"/>
        <line num="49" count="14" type="cond" truecount="1" falsecount="0"/>
        <line num="50" count="14" type="cond" truecount="1" falsecount="0"/>
        <line num="51" count="6" type="stmt"/>
        <line num="52" count="6" type="stmt"/>
        <line num="53" count="8" type="cond" truecount="1" falsecount="0"/>
        <line num="54" count="14" type="cond" truecount="2" falsecount="0"/>
        <line num="55" count="3" type="stmt"/>
        <line num="56" count="3" type="stmt"/>
        <line num="57" count="14" type="stmt"/>
        <line num="58" count="14" type="cond" truecount="1" falsecount="0"/>
        <line num="59" count="14" type="stmt"/>
        <line num="60" count="14" type="cond" truecount="1" falsecount="0"/>
        <line num="61" count="9" type="cond" truecount="1" falsecount="0"/>
        <line num="62" count="12" type="stmt"/>
        <line num="63" count="12" type="stmt"/>
        <line num="64" count="9" type="stmt"/>
        <line num="65" count="5" type="cond" truecount="1" falsecount="0"/>
        <line num="66" count="5" type="stmt"/>
        <line num="67" count="5" type="stmt"/>
        <line num="68" count="1" type="stmt"/>
        <line num="69" count="1" type="stmt"/>
        <line num="70" count="1" type="stmt"/>
        <line num="71" count="1" type="stmt"/>
        <line num="72" count="1" type="stmt"/>
        <line num="73" count="1" type="stmt"/>
        <line num="74" count="1" type="stmt"/>
        <line num="75" count="1" type="stmt"/>
      </file>
    </package>
    <package name="boardPlugins.createBoardAttacker">
      <metrics statements="150" coveredstatements="150" conditionals="29" coveredconditionals="29" methods="9" coveredmethods="9"/>
      <file name="index.js" path="E:\odins\battleship\src\game-modules\boardPlugins\createBoardAttacker\index.js">
        <metrics statements="150" coveredstatements="150" conditionals="29" coveredconditionals="29" methods="9" coveredmethods="9"/>
        <line num="1" count="1" type="stmt"/>
        <line num="2" count="1" type="stmt"/>
        <line num="3" count="1" type="stmt"/>
        <line num="4" count="1" type="stmt"/>
        <line num="5" count="1" type="stmt"/>
        <line num="6" count="1" type="stmt"/>
        <line num="7" count="1" type="stmt"/>
        <line num="8" count="1" type="stmt"/>
        <line num="9" count="1" type="stmt"/>
        <line num="10" count="1" type="stmt"/>
        <line num="11" count="1" type="stmt"/>
        <line num="12" count="1" type="stmt"/>
        <line num="13" count="7" type="cond" truecount="1" falsecount="0"/>
        <line num="14" count="7" type="stmt"/>
        <line num="15" count="7" type="stmt"/>
        <line num="16" count="7" type="stmt"/>
        <line num="17" count="7" type="stmt"/>
        <line num="18" count="7" type="stmt"/>
        <line num="19" count="7" type="stmt"/>
        <line num="20" count="7" type="stmt"/>
        <line num="21" count="7" type="stmt"/>
        <line num="22" count="7" type="stmt"/>
        <line num="23" count="7" type="stmt"/>
        <line num="24" count="7" type="stmt"/>
        <line num="25" count="7" type="cond" truecount="1" falsecount="0"/>
        <line num="26" count="75" type="stmt"/>
        <line num="27" count="75" type="stmt"/>
        <line num="28" count="75" type="stmt"/>
        <line num="29" count="75" type="stmt"/>
        <line num="30" count="75" type="stmt"/>
        <line num="31" count="75" type="stmt"/>
        <line num="32" count="75" type="stmt"/>
        <line num="33" count="75" type="cond" truecount="1" falsecount="0"/>
        <line num="34" count="75" type="stmt"/>
        <line num="35" count="75" type="stmt"/>
        <line num="36" count="7" type="stmt"/>
        <line num="37" count="7" type="cond" truecount="1" falsecount="0"/>
        <line num="38" count="75" type="stmt"/>
        <line num="39" count="75" type="stmt"/>
        <line num="40" count="75" type="stmt"/>
        <line num="41" count="75" type="stmt"/>
        <line num="42" count="75" type="stmt"/>
        <line num="43" count="75" type="stmt"/>
        <line num="44" count="75" type="stmt"/>
        <line num="45" count="75" type="stmt"/>
        <line num="46" count="7" type="stmt"/>
        <line num="47" count="7" type="cond" truecount="1" falsecount="0"/>
        <line num="48" count="75" type="stmt"/>
        <line num="49" count="75" type="stmt"/>
        <line num="50" count="75" type="stmt"/>
        <line num="51" count="7" type="stmt"/>
        <line num="52" count="7" type="cond" truecount="1" falsecount="0"/>
        <line num="53" count="485" type="stmt"/>
        <line num="54" count="485" type="stmt"/>
        <line num="55" count="485" type="stmt"/>
        <line num="56" count="7" type="stmt"/>
        <line num="57" count="7" type="cond" truecount="1" falsecount="0"/>
        <line num="58" count="348" type="stmt"/>
        <line num="59" count="348" type="stmt"/>
        <line num="60" count="348" type="stmt"/>
        <line num="61" count="348" type="cond" truecount="2" falsecount="0"/>
        <line num="62" count="75" type="stmt"/>
        <line num="63" count="75" type="stmt"/>
        <line num="64" count="75" type="stmt"/>
        <line num="65" count="348" type="cond" truecount="1" falsecount="0"/>
        <line num="66" count="20" type="stmt"/>
        <line num="67" count="20" type="stmt"/>
        <line num="68" count="20" type="stmt"/>
        <line num="69" count="55" type="cond" truecount="1" falsecount="0"/>
        <line num="70" count="55" type="stmt"/>
        <line num="71" count="55" type="stmt"/>
        <line num="72" count="55" type="stmt"/>
        <line num="73" count="55" type="stmt"/>
        <line num="74" count="55" type="stmt"/>
        <line num="75" count="55" type="cond" truecount="1" falsecount="0"/>
        <line num="76" count="55" type="stmt"/>
        <line num="77" count="55" type="stmt"/>
        <line num="78" count="55" type="stmt"/>
        <line num="79" count="55" type="stmt"/>
        <line num="80" count="55" type="stmt"/>
        <line num="81" count="7" type="stmt"/>
        <line num="82" count="7" type="cond" truecount="1" falsecount="0"/>
        <line num="83" count="78" type="stmt"/>
        <line num="84" count="78" type="stmt"/>
        <line num="85" count="78" type="stmt"/>
        <line num="86" count="78" type="stmt"/>
        <line num="87" count="78" type="cond" truecount="2" falsecount="0"/>
        <line num="88" count="55" type="stmt"/>
        <line num="89" count="55" type="stmt"/>
        <line num="90" count="55" type="stmt"/>
        <line num="91" count="55" type="stmt"/>
        <line num="92" count="78" type="cond" truecount="1" falsecount="0"/>
        <line num="93" count="15" type="stmt"/>
        <line num="94" count="15" type="stmt"/>
        <line num="95" count="15" type="stmt"/>
        <line num="96" count="78" type="stmt"/>
        <line num="97" count="78" type="stmt"/>
        <line num="98" count="78" type="stmt"/>
        <line num="99" count="78" type="stmt"/>
        <line num="100" count="78" type="stmt"/>
        <line num="101" count="78" type="stmt"/>
        <line num="102" count="78" type="stmt"/>
        <line num="103" count="78" type="stmt"/>
        <line num="104" count="78" type="stmt"/>
        <line num="105" count="78" type="stmt"/>
        <line num="106" count="78" type="stmt"/>
        <line num="107" count="7" type="stmt"/>
        <line num="108" count="7" type="cond" truecount="1" falsecount="0"/>
        <line num="109" count="73" type="stmt"/>
        <line num="110" count="73" type="stmt"/>
        <line num="111" count="73" type="stmt"/>
        <line num="112" count="73" type="cond" truecount="1" falsecount="0"/>
        <line num="113" count="73" type="cond" truecount="1" falsecount="0"/>
        <line num="114" count="14" type="cond" truecount="1" falsecount="0"/>
        <line num="115" count="14" type="stmt"/>
        <line num="116" count="14" type="stmt"/>
        <line num="117" count="14" type="stmt"/>
        <line num="118" count="59" type="cond" truecount="1" falsecount="0"/>
        <line num="119" count="59" type="stmt"/>
        <line num="120" count="73" type="cond" truecount="1" falsecount="0"/>
        <line num="121" count="4" type="cond" truecount="1" falsecount="0"/>
        <line num="122" count="4" type="stmt"/>
        <line num="123" count="4" type="stmt"/>
        <line num="124" count="4" type="stmt"/>
        <line num="125" count="73" type="stmt"/>
        <line num="126" count="73" type="stmt"/>
        <line num="127" count="73" type="stmt"/>
        <line num="128" count="73" type="cond" truecount="2" falsecount="0"/>
        <line num="129" count="40" type="stmt"/>
        <line num="130" count="40" type="stmt"/>
        <line num="131" count="40" type="stmt"/>
        <line num="132" count="40" type="stmt"/>
        <line num="133" count="7" type="stmt"/>
        <line num="134" count="7" type="cond" truecount="1" falsecount="0"/>
        <line num="135" count="485" type="stmt"/>
        <line num="136" count="485" type="cond" truecount="1" falsecount="0"/>
        <line num="137" count="485" type="stmt"/>
        <line num="138" count="485" type="stmt"/>
        <line num="139" count="485" type="cond" truecount="1" falsecount="0"/>
        <line num="140" count="485" type="stmt"/>
        <line num="141" count="485" type="stmt"/>
        <line num="142" count="485" type="cond" truecount="1" falsecount="0"/>
        <line num="143" count="485" type="stmt"/>
        <line num="144" count="485" type="stmt"/>
        <line num="145" count="485" type="stmt"/>
        <line num="146" count="7" type="stmt"/>
        <line num="147" count="7" type="stmt"/>
        <line num="148" count="7" type="stmt"/>
        <line num="149" count="1" type="stmt"/>
        <line num="150" count="1" type="stmt"/>
      </file>
    </package>
    <package name="boardPlugins.placeShipsRandomly">
      <metrics statements="77" coveredstatements="77" conditionals="18" coveredconditionals="17" methods="4" coveredmethods="4"/>
      <file name="index.js" path="E:\odins\battleship\src\game-modules\boardPlugins\placeShipsRandomly\index.js">
        <metrics statements="77" coveredstatements="77" conditionals="18" coveredconditionals="17" methods="4" coveredmethods="4"/>
        <line num="1" count="1" type="stmt"/>
        <line num="2" count="1" type="stmt"/>
        <line num="3" count="1" type="stmt"/>
        <line num="4" count="1" type="stmt"/>
        <line num="5" count="18006" type="cond" truecount="1" falsecount="0"/>
        <line num="6" count="18006" type="stmt"/>
        <line num="7" count="18006" type="stmt"/>
        <line num="8" count="18006" type="cond" truecount="1" falsecount="0"/>
        <line num="9" count="18006" type="stmt"/>
        <line num="10" count="1" type="stmt"/>
        <line num="11" count="18006" type="cond" truecount="1" falsecount="0"/>
        <line num="12" count="18006" type="stmt"/>
        <line num="13" count="18006" type="stmt"/>
        <line num="14" count="18006" type="cond" truecount="1" falsecount="0"/>
        <line num="15" count="18006" type="stmt"/>
        <line num="16" count="18006" type="stmt"/>
        <line num="17" count="1" type="stmt"/>
        <line num="18" count="19806" type="cond" truecount="1" falsecount="0"/>
        <line num="19" count="19806" type="stmt"/>
        <line num="20" count="19806" type="stmt"/>
        <line num="21" count="19806" type="stmt"/>
        <line num="22" count="19806" type="stmt"/>
        <line num="23" count="19806" type="stmt"/>
        <line num="24" count="19806" type="stmt"/>
        <line num="25" count="19806" type="cond" truecount="2" falsecount="0"/>
        <line num="26" count="18006" type="stmt"/>
        <line num="27" count="18006" type="stmt"/>
        <line num="28" count="18006" type="stmt"/>
        <line num="29" count="19806" type="cond" truecount="1" falsecount="1"/>
        <line num="30" count="18006" type="stmt"/>
        <line num="31" count="18006" type="stmt"/>
        <line num="32" count="18006" type="stmt"/>
        <line num="33" count="18006" type="cond" truecount="1" falsecount="0"/>
        <line num="34" count="21662" type="stmt"/>
        <line num="35" count="21662" type="stmt"/>
        <line num="36" count="21662" type="stmt"/>
        <line num="37" count="21662" type="cond" truecount="1" falsecount="0"/>
        <line num="38" count="28337" type="stmt"/>
        <line num="39" count="28337" type="cond" truecount="2" falsecount="0"/>
        <line num="40" count="18006" type="stmt"/>
        <line num="41" count="18006" type="stmt"/>
        <line num="42" count="18006" type="stmt"/>
        <line num="43" count="28337" type="stmt"/>
        <line num="44" count="28337" type="stmt"/>
        <line num="45" count="28337" type="stmt"/>
        <line num="46" count="28337" type="stmt"/>
        <line num="47" count="28337" type="stmt"/>
        <line num="48" count="28337" type="stmt"/>
        <line num="49" count="28337" type="cond" truecount="2" falsecount="0"/>
        <line num="50" count="6" type="stmt"/>
        <line num="51" count="6" type="stmt"/>
        <line num="52" count="6" type="stmt"/>
        <line num="53" count="6" type="stmt"/>
        <line num="54" count="21662" type="stmt"/>
        <line num="55" count="19806" type="cond" truecount="2" falsecount="0"/>
        <line num="56" count="18006" type="stmt"/>
        <line num="57" count="18006" type="stmt"/>
        <line num="58" count="18006" type="stmt"/>
        <line num="59" count="1" type="stmt"/>
        <line num="60" count="1800" type="cond" truecount="1" falsecount="0"/>
        <line num="61" count="1800" type="stmt"/>
        <line num="62" count="1800" type="stmt"/>
        <line num="63" count="1800" type="stmt"/>
        <line num="64" count="1800" type="stmt"/>
        <line num="65" count="1800" type="stmt"/>
        <line num="66" count="1800" type="stmt"/>
        <line num="67" count="1800" type="stmt"/>
        <line num="68" count="1800" type="stmt"/>
        <line num="69" count="1800" type="stmt"/>
        <line num="70" count="1800" type="stmt"/>
        <line num="71" count="1800" type="stmt"/>
        <line num="72" count="1800" type="stmt"/>
        <line num="73" count="1800" type="stmt"/>
        <line num="74" count="1800" type="stmt"/>
        <line num="75" count="1800" type="stmt"/>
        <line num="76" count="1" type="stmt"/>
        <line num="77" count="1" type="stmt"/>
      </file>
    </package>
    <package name="boardPlugins.restrictBoardToFixedShipsLengths">
      <metrics statements="89" coveredstatements="89" conditionals="20" coveredconditionals="20" methods="11" coveredmethods="11"/>
      <file name="index.js" path="E:\odins\battleship\src\game-modules\boardPlugins\restrictBoardToFixedShipsLengths\index.js">
        <metrics statements="89" coveredstatements="89" conditionals="20" coveredconditionals="20" methods="11" coveredmethods="11"/>
        <line num="1" count="1" type="stmt"/>
        <line num="2" count="1" type="stmt"/>
        <line num="3" count="1" type="stmt"/>
        <line num="4" count="29" type="cond" truecount="1" falsecount="0"/>
        <line num="5" count="29" type="stmt"/>
        <line num="6" count="29" type="cond" truecount="1" falsecount="0"/>
        <line num="7" count="29" type="stmt"/>
        <line num="8" count="29" type="stmt"/>
        <line num="9" count="29" type="cond" truecount="1" falsecount="0"/>
        <line num="10" count="151" type="stmt"/>
        <line num="11" count="151" type="stmt"/>
        <line num="12" count="29" type="stmt"/>
        <line num="13" count="29" type="cond" truecount="1" falsecount="0"/>
        <line num="14" count="118" type="cond" truecount="1" falsecount="0"/>
        <line num="15" count="118" type="stmt"/>
        <line num="16" count="29" type="stmt"/>
        <line num="17" count="29" type="cond" truecount="1" falsecount="0"/>
        <line num="18" count="42" type="stmt"/>
        <line num="19" count="42" type="stmt"/>
        <line num="20" count="29" type="stmt"/>
        <line num="21" count="29" type="cond" truecount="1" falsecount="0"/>
        <line num="22" count="89" type="stmt"/>
        <line num="23" count="89" type="stmt"/>
        <line num="24" count="89" type="stmt"/>
        <line num="25" count="29" type="stmt"/>
        <line num="26" count="29" type="cond" truecount="1" falsecount="0"/>
        <line num="27" count="32" type="stmt"/>
        <line num="28" count="32" type="stmt"/>
        <line num="29" count="32" type="stmt"/>
        <line num="30" count="29" type="stmt"/>
        <line num="31" count="29" type="cond" truecount="1" falsecount="0"/>
        <line num="32" count="21" type="stmt"/>
        <line num="33" count="21" type="stmt"/>
        <line num="34" count="29" type="stmt"/>
        <line num="35" count="29" type="cond" truecount="1" falsecount="0"/>
        <line num="36" count="106" type="stmt"/>
        <line num="37" count="106" type="stmt"/>
        <line num="38" count="106" type="cond" truecount="1" falsecount="0"/>
        <line num="39" count="3" type="stmt"/>
        <line num="40" count="3" type="stmt"/>
        <line num="41" count="3" type="stmt"/>
        <line num="42" count="106" type="stmt"/>
        <line num="43" count="106" type="cond" truecount="1" falsecount="0"/>
        <line num="44" count="10" type="stmt"/>
        <line num="45" count="10" type="stmt"/>
        <line num="46" count="10" type="stmt"/>
        <line num="47" count="106" type="stmt"/>
        <line num="48" count="106" type="stmt"/>
        <line num="49" count="106" type="stmt"/>
        <line num="50" count="106" type="stmt"/>
        <line num="51" count="29" type="stmt"/>
        <line num="52" count="29" type="cond" truecount="1" falsecount="0"/>
        <line num="53" count="45" type="stmt"/>
        <line num="54" count="45" type="stmt"/>
        <line num="55" count="45" type="cond" truecount="1" falsecount="0"/>
        <line num="56" count="3" type="stmt"/>
        <line num="57" count="3" type="stmt"/>
        <line num="58" count="3" type="stmt"/>
        <line num="59" count="45" type="stmt"/>
        <line num="60" count="45" type="cond" truecount="1" falsecount="0"/>
        <line num="61" count="18" type="stmt"/>
        <line num="62" count="18" type="stmt"/>
        <line num="63" count="24" type="cond" truecount="1" falsecount="0"/>
        <line num="64" count="24" type="stmt"/>
        <line num="65" count="24" type="stmt"/>
        <line num="66" count="24" type="stmt"/>
        <line num="67" count="29" type="stmt"/>
        <line num="68" count="29" type="cond" truecount="1" falsecount="0"/>
        <line num="69" count="7" type="stmt"/>
        <line num="70" count="7" type="cond" truecount="1" falsecount="0"/>
        <line num="71" count="7" type="stmt"/>
        <line num="72" count="29" type="stmt"/>
        <line num="73" count="29" type="cond" truecount="1" falsecount="0"/>
        <line num="74" count="15" type="stmt"/>
        <line num="75" count="15" type="stmt"/>
        <line num="76" count="15" type="cond" truecount="1" falsecount="0"/>
        <line num="77" count="15" type="stmt"/>
        <line num="78" count="29" type="stmt"/>
        <line num="79" count="29" type="stmt"/>
        <line num="80" count="29" type="stmt"/>
        <line num="81" count="29" type="stmt"/>
        <line num="82" count="29" type="stmt"/>
        <line num="83" count="29" type="stmt"/>
        <line num="84" count="29" type="stmt"/>
        <line num="85" count="29" type="stmt"/>
        <line num="86" count="29" type="stmt"/>
        <line num="87" count="29" type="stmt"/>
        <line num="88" count="1" type="stmt"/>
        <line num="89" count="1" type="stmt"/>
      </file>
    </package>
    <package name="coordsUtils">
      <metrics statements="134" coveredstatements="134" conditionals="50" coveredconditionals="48" methods="16" coveredmethods="16"/>
      <file name="index.js" path="E:\odins\battleship\src\game-modules\coordsUtils\index.js">
        <metrics statements="134" coveredstatements="134" conditionals="50" coveredconditionals="48" methods="16" coveredmethods="16"/>
        <line num="1" count="7733" type="cond" truecount="1" falsecount="2"/>
        <line num="2" count="7733" type="stmt"/>
        <line num="3" count="7733" type="stmt"/>
        <line num="4" count="1" type="stmt"/>
        <line num="5" count="96" type="cond" truecount="4" falsecount="0"/>
        <line num="6" count="96" type="cond" truecount="1" falsecount="0"/>
        <line num="7" count="96" type="stmt"/>
        <line num="8" count="1" type="stmt"/>
        <line num="9" count="187958" type="cond" truecount="1" falsecount="0"/>
        <line num="10" count="187958" type="stmt"/>
        <line num="11" count="187958" type="cond" truecount="3" falsecount="0"/>
        <line num="12" count="187958" type="cond" truecount="4" falsecount="0"/>
        <line num="13" count="187958" type="stmt"/>
        <line num="14" count="1" type="stmt"/>
        <line num="15" count="77" type="cond" truecount="1" falsecount="0"/>
        <line num="16" count="77" type="stmt"/>
        <line num="17" count="77" type="stmt"/>
        <line num="18" count="1" type="stmt"/>
        <line num="19" count="265" type="cond" truecount="1" falsecount="0"/>
        <line num="20" count="265" type="cond" truecount="2" falsecount="0"/>
        <line num="21" count="265" type="stmt"/>
        <line num="22" count="1" type="stmt"/>
        <line num="23" count="42874" type="cond" truecount="1" falsecount="0"/>
        <line num="24" count="42874" type="cond" truecount="2" falsecount="0"/>
        <line num="25" count="42872" type="stmt"/>
        <line num="26" count="42872" type="stmt"/>
        <line num="27" count="42872" type="cond" truecount="1" falsecount="0"/>
        <line num="28" count="85756" type="cond" truecount="3" falsecount="0"/>
        <line num="29" count="42884" type="stmt"/>
        <line num="30" count="42884" type="stmt"/>
        <line num="31" count="42884" type="stmt"/>
        <line num="32" count="42884" type="cond" truecount="1" falsecount="0"/>
        <line num="33" count="85768" type="stmt"/>
        <line num="34" count="85768" type="cond" truecount="1" falsecount="0"/>
        <line num="35" count="85768" type="stmt"/>
        <line num="36" count="42884" type="stmt"/>
        <line num="37" count="42884" type="stmt"/>
        <line num="38" count="42872" type="stmt"/>
        <line num="39" count="42872" type="stmt"/>
        <line num="40" count="42872" type="cond" truecount="1" falsecount="0"/>
        <line num="41" count="42872" type="stmt"/>
        <line num="42" count="1" type="stmt"/>
        <line num="43" count="101474" type="cond" truecount="1" falsecount="0"/>
        <line num="44" count="101474" type="cond" truecount="2" falsecount="0"/>
        <line num="45" count="101474" type="stmt"/>
        <line num="46" count="1" type="stmt"/>
        <line num="47" count="82" type="cond" truecount="1" falsecount="0"/>
        <line num="48" count="82" type="stmt"/>
        <line num="49" count="82" type="stmt"/>
        <line num="50" count="82" type="stmt"/>
        <line num="51" count="82" type="stmt"/>
        <line num="52" count="82" type="stmt"/>
        <line num="53" count="82" type="stmt"/>
        <line num="54" count="82" type="stmt"/>
        <line num="55" count="82" type="stmt"/>
        <line num="56" count="1" type="stmt"/>
        <line num="57" count="56" type="cond" truecount="1" falsecount="0"/>
        <line num="58" count="56" type="cond" truecount="1" falsecount="0"/>
        <line num="59" count="56" type="stmt"/>
        <line num="60" count="1" type="stmt"/>
        <line num="61" count="9" type="cond" truecount="1" falsecount="0"/>
        <line num="62" count="9" type="cond" truecount="1" falsecount="0"/>
        <line num="63" count="9" type="stmt"/>
        <line num="64" count="1" type="stmt"/>
        <line num="65" count="1" type="cond" truecount="1" falsecount="0"/>
        <line num="66" count="1" type="stmt"/>
        <line num="67" count="1" type="stmt"/>
        <line num="68" count="1" type="stmt"/>
        <line num="69" count="1" type="stmt"/>
        <line num="70" count="1" type="stmt"/>
        <line num="71" count="1" type="stmt"/>
        <line num="72" count="1" type="stmt"/>
        <line num="73" count="1" type="stmt"/>
        <line num="74" count="1" type="stmt"/>
        <line num="75" count="1" type="stmt"/>
        <line num="76" count="1" type="stmt"/>
        <line num="77" count="1" type="stmt"/>
        <line num="78" count="1" type="stmt"/>
        <line num="79" count="305" type="cond" truecount="1" falsecount="0"/>
        <line num="80" count="305" type="stmt"/>
        <line num="81" count="305" type="stmt"/>
        <line num="82" count="305" type="stmt"/>
        <line num="83" count="305" type="stmt"/>
        <line num="84" count="305" type="stmt"/>
        <line num="85" count="305" type="stmt"/>
        <line num="86" count="305" type="stmt"/>
        <line num="87" count="305" type="stmt"/>
        <line num="88" count="1" type="stmt"/>
        <line num="89" count="303" type="cond" truecount="1" falsecount="0"/>
        <line num="90" count="303" type="cond" truecount="1" falsecount="0"/>
        <line num="91" count="303" type="stmt"/>
        <line num="92" count="1" type="stmt"/>
        <line num="93" count="75" type="cond" truecount="1" falsecount="0"/>
        <line num="94" count="75" type="cond" truecount="2" falsecount="0"/>
        <line num="95" count="74" type="stmt"/>
        <line num="96" count="74" type="cond" truecount="1" falsecount="0"/>
        <line num="97" count="152" type="stmt"/>
        <line num="98" count="152" type="stmt"/>
        <line num="99" count="152" type="stmt"/>
        <line num="100" count="74" type="stmt"/>
        <line num="101" count="74" type="stmt"/>
        <line num="102" count="1" type="stmt"/>
        <line num="103" count="1824" type="cond" truecount="1" falsecount="0"/>
        <line num="104" count="1824" type="stmt"/>
        <line num="105" count="1824" type="cond" truecount="1" falsecount="0"/>
        <line num="106" count="18166" type="cond" truecount="1" falsecount="0"/>
        <line num="107" count="181428" type="stmt"/>
        <line num="108" count="181428" type="stmt"/>
        <line num="109" count="18166" type="stmt"/>
        <line num="110" count="1824" type="stmt"/>
        <line num="111" count="1824" type="stmt"/>
        <line num="112" count="1" type="stmt"/>
        <line num="113" count="197346" type="cond" truecount="1" falsecount="0"/>
        <line num="114" count="197346" type="stmt"/>
        <line num="115" count="197346" type="stmt"/>
        <line num="116" count="1" type="stmt"/>
        <line num="117" count="1" type="stmt"/>
        <line num="118" count="1" type="stmt"/>
        <line num="119" count="1" type="stmt"/>
        <line num="120" count="1" type="stmt"/>
        <line num="121" count="1" type="stmt"/>
        <line num="122" count="1" type="stmt"/>
        <line num="123" count="1" type="stmt"/>
        <line num="124" count="1" type="stmt"/>
        <line num="125" count="1" type="stmt"/>
        <line num="126" count="1" type="stmt"/>
        <line num="127" count="1" type="stmt"/>
        <line num="128" count="1" type="stmt"/>
        <line num="129" count="1" type="stmt"/>
        <line num="130" count="1" type="stmt"/>
        <line num="131" count="1" type="stmt"/>
        <line num="132" count="1" type="stmt"/>
        <line num="133" count="1" type="stmt"/>
        <line num="134" count="1" type="stmt"/>
      </file>
    </package>
    <package name="game-board">
      <metrics statements="270" coveredstatements="270" conditionals="78" coveredconditionals="74" methods="25" coveredmethods="25"/>
      <file name="createGameBoard.js" path="E:\odins\battleship\src\game-modules\game-board\createGameBoard.js">
        <metrics statements="227" coveredstatements="227" conditionals="67" coveredconditionals="67" methods="21" coveredmethods="21"/>
        <line num="1" count="1" type="stmt"/>
        <line num="2" count="1" type="stmt"/>
        <line num="3" count="1" type="stmt"/>
        <line num="4" count="1" type="stmt"/>
        <line num="5" count="1" type="stmt"/>
        <line num="6" count="1" type="stmt"/>
        <line num="7" count="1856" type="cond" truecount="1" falsecount="0"/>
        <line num="8" count="1856" type="cond" truecount="1" falsecount="0"/>
        <line num="9" count="5" type="stmt"/>
        <line num="10" count="5" type="stmt"/>
        <line num="11" count="1851" type="cond" truecount="1" falsecount="0"/>
        <line num="12" count="1851" type="stmt"/>
        <line num="13" count="1851" type="stmt"/>
        <line num="14" count="1851" type="stmt"/>
        <line num="15" count="1851" type="stmt"/>
        <line num="16" count="1851" type="stmt"/>
        <line num="17" count="1851" type="stmt"/>
        <line num="18" count="1851" type="stmt"/>
        <line num="19" count="1851" type="stmt"/>
        <line num="20" count="1851" type="stmt"/>
        <line num="21" count="1851" type="stmt"/>
        <line num="22" count="1851" type="cond" truecount="1" falsecount="0"/>
        <line num="23" count="972" type="stmt"/>
        <line num="24" count="972" type="stmt"/>
        <line num="25" count="1851" type="stmt"/>
        <line num="26" count="1851" type="cond" truecount="1" falsecount="0"/>
        <line num="27" count="403" type="stmt"/>
        <line num="28" count="403" type="stmt"/>
        <line num="29" count="1851" type="stmt"/>
        <line num="30" count="1851" type="cond" truecount="1" falsecount="0"/>
        <line num="31" count="917" type="stmt"/>
        <line num="32" count="917" type="stmt"/>
        <line num="33" count="1851" type="stmt"/>
        <line num="34" count="1851" type="cond" truecount="2" falsecount="0"/>
        <line num="35" count="428" type="cond" truecount="1" falsecount="0"/>
        <line num="36" count="428" type="stmt"/>
        <line num="37" count="1851" type="stmt"/>
        <line num="38" count="1851" type="cond" truecount="1" falsecount="0"/>
        <line num="39" count="42862" type="cond" truecount="1" falsecount="0"/>
        <line num="40" count="42862" type="stmt"/>
        <line num="41" count="1851" type="stmt"/>
        <line num="42" count="1851" type="cond" truecount="1" falsecount="0"/>
        <line num="43" count="47192" type="cond" truecount="1" falsecount="0"/>
        <line num="44" count="4" type="stmt"/>
        <line num="45" count="4" type="stmt"/>
        <line num="46" count="47188" type="cond" truecount="1" falsecount="0"/>
        <line num="47" count="47188" type="cond" truecount="1" falsecount="0"/>
        <line num="48" count="94370" type="cond" truecount="2" falsecount="0"/>
        <line num="49" count="4322" type="stmt"/>
        <line num="50" count="4322" type="stmt"/>
        <line num="51" count="47188" type="stmt"/>
        <line num="52" count="47192" type="cond" truecount="1" falsecount="0"/>
        <line num="53" count="4" type="stmt"/>
        <line num="54" count="4" type="stmt"/>
        <line num="55" count="47192" type="stmt"/>
        <line num="56" count="47192" type="cond" truecount="1" falsecount="0"/>
        <line num="57" count="6628" type="stmt"/>
        <line num="58" count="6628" type="stmt"/>
        <line num="59" count="47192" type="stmt"/>
        <line num="60" count="1851" type="stmt"/>
        <line num="61" count="1851" type="cond" truecount="1" falsecount="0"/>
        <line num="62" count="921" type="cond" truecount="1" falsecount="0"/>
        <line num="63" count="2" type="stmt"/>
        <line num="64" count="2" type="stmt"/>
        <line num="65" count="921" type="stmt"/>
        <line num="66" count="921" type="cond" truecount="2" falsecount="0"/>
        <line num="67" count="917" type="stmt"/>
        <line num="68" count="921" type="cond" truecount="1" falsecount="0"/>
        <line num="69" count="114" type="stmt"/>
        <line num="70" count="114" type="stmt"/>
        <line num="71" count="921" type="stmt"/>
        <line num="72" count="921" type="cond" truecount="1" falsecount="0"/>
        <line num="73" count="921" type="stmt"/>
        <line num="74" count="921" type="cond" truecount="2" falsecount="0"/>
        <line num="75" count="358" type="stmt"/>
        <line num="76" count="358" type="stmt"/>
        <line num="77" count="358" type="stmt"/>
        <line num="78" count="921" type="cond" truecount="1" falsecount="0"/>
        <line num="79" count="1" type="stmt"/>
        <line num="80" count="1" type="stmt"/>
        <line num="81" count="921" type="stmt"/>
        <line num="82" count="1851" type="stmt"/>
        <line num="83" count="1851" type="stmt"/>
        <line num="84" count="1851" type="stmt"/>
        <line num="85" count="1851" type="cond" truecount="1" falsecount="0"/>
        <line num="86" count="28343" type="cond" truecount="2" falsecount="0"/>
        <line num="87" count="28342" type="stmt"/>
        <line num="88" count="28342" type="stmt"/>
        <line num="89" count="28342" type="stmt"/>
        <line num="90" count="28343" type="cond" truecount="1" falsecount="0"/>
        <line num="91" count="10333" type="stmt"/>
        <line num="92" count="10333" type="stmt"/>
        <line num="93" count="28343" type="stmt"/>
        <line num="94" count="1851" type="stmt"/>
        <line num="95" count="1851" type="cond" truecount="1" falsecount="0"/>
        <line num="96" count="18853" type="cond" truecount="2" falsecount="0"/>
        <line num="97" count="18850" type="stmt"/>
        <line num="98" count="18850" type="stmt"/>
        <line num="99" count="18850" type="stmt"/>
        <line num="100" count="18850" type="stmt"/>
        <line num="101" count="18850" type="stmt"/>
        <line num="102" count="18850" type="stmt"/>
        <line num="103" count="18850" type="stmt"/>
        <line num="104" count="18850" type="stmt"/>
        <line num="105" count="18850" type="stmt"/>
        <line num="106" count="18850" type="stmt"/>
        <line num="107" count="18850" type="stmt"/>
        <line num="108" count="18850" type="stmt"/>
        <line num="109" count="1851" type="stmt"/>
        <line num="110" count="1851" type="cond" truecount="1" falsecount="0"/>
        <line num="111" count="42" type="cond" truecount="2" falsecount="0"/>
        <line num="112" count="39" type="stmt"/>
        <line num="113" count="39" type="stmt"/>
        <line num="114" count="39" type="cond" truecount="1" falsecount="0"/>
        <line num="115" count="39" type="stmt"/>
        <line num="116" count="39" type="stmt"/>
        <line num="117" count="42" type="cond" truecount="2" falsecount="0"/>
        <line num="118" count="36" type="stmt"/>
        <line num="119" count="36" type="stmt"/>
        <line num="120" count="36" type="stmt"/>
        <line num="121" count="1851" type="stmt"/>
        <line num="122" count="1851" type="cond" truecount="1" falsecount="0"/>
        <line num="123" count="4" type="cond" truecount="2" falsecount="0"/>
        <line num="124" count="1" type="stmt"/>
        <line num="125" count="1" type="stmt"/>
        <line num="126" count="1851" type="stmt"/>
        <line num="127" count="1851" type="cond" truecount="1" falsecount="0"/>
        <line num="128" count="746" type="stmt"/>
        <line num="129" count="746" type="stmt"/>
        <line num="130" count="746" type="stmt"/>
        <line num="131" count="746" type="stmt"/>
        <line num="132" count="746" type="cond" truecount="1" falsecount="0"/>
        <line num="133" count="746" type="stmt"/>
        <line num="134" count="746" type="cond" truecount="1" falsecount="0"/>
        <line num="135" count="403" type="stmt"/>
        <line num="136" count="403" type="stmt"/>
        <line num="137" count="403" type="stmt"/>
        <line num="138" count="403" type="stmt"/>
        <line num="139" count="302" type="cond" truecount="1" falsecount="0"/>
        <line num="140" count="302" type="stmt"/>
        <line num="141" count="302" type="stmt"/>
        <line num="142" count="302" type="stmt"/>
        <line num="143" count="302" type="stmt"/>
        <line num="144" count="302" type="stmt"/>
        <line num="145" count="302" type="stmt"/>
        <line num="146" count="302" type="stmt"/>
        <line num="147" count="746" type="cond" truecount="2" falsecount="0"/>
        <line num="148" count="126" type="stmt"/>
        <line num="149" count="126" type="stmt"/>
        <line num="150" count="126" type="stmt"/>
        <line num="151" count="126" type="stmt"/>
        <line num="152" count="126" type="stmt"/>
        <line num="153" count="126" type="stmt"/>
        <line num="154" count="126" type="stmt"/>
        <line num="155" count="1851" type="stmt"/>
        <line num="156" count="1851" type="cond" truecount="1" falsecount="0"/>
        <line num="157" count="1807" type="stmt"/>
        <line num="158" count="1807" type="stmt"/>
        <line num="159" count="1851" type="stmt"/>
        <line num="160" count="1851" type="cond" truecount="1" falsecount="0"/>
        <line num="161" count="342" type="stmt"/>
        <line num="162" count="342" type="stmt"/>
        <line num="163" count="1851" type="stmt"/>
        <line num="164" count="1851" type="cond" truecount="1" falsecount="0"/>
        <line num="165" count="1" type="cond" truecount="1" falsecount="0"/>
        <line num="166" count="1" type="stmt"/>
        <line num="167" count="1851" type="stmt"/>
        <line num="168" count="1851" type="cond" truecount="1" falsecount="0"/>
        <line num="169" count="1" type="cond" truecount="1" falsecount="0"/>
        <line num="170" count="7" type="stmt"/>
        <line num="171" count="7" type="stmt"/>
        <line num="172" count="7" type="stmt"/>
        <line num="173" count="7" type="cond" truecount="1" falsecount="0"/>
        <line num="174" count="7" type="stmt"/>
        <line num="175" count="7" type="stmt"/>
        <line num="176" count="7" type="stmt"/>
        <line num="177" count="7" type="stmt"/>
        <line num="178" count="7" type="stmt"/>
        <line num="179" count="7" type="stmt"/>
        <line num="180" count="7" type="stmt"/>
        <line num="181" count="1" type="stmt"/>
        <line num="182" count="1851" type="stmt"/>
        <line num="183" count="1851" type="cond" truecount="1" falsecount="0"/>
        <line num="184" count="19740" type="cond" truecount="1" falsecount="0"/>
        <line num="185" count="19740" type="stmt"/>
        <line num="186" count="1851" type="stmt"/>
        <line num="187" count="1851" type="cond" truecount="1" falsecount="0"/>
        <line num="188" count="4" type="cond" truecount="2" falsecount="0"/>
        <line num="189" count="4" type="stmt"/>
        <line num="190" count="1851" type="stmt"/>
        <line num="191" count="1851" type="cond" truecount="1" falsecount="0"/>
        <line num="192" count="175" type="stmt"/>
        <line num="193" count="175" type="stmt"/>
        <line num="194" count="175" type="stmt"/>
        <line num="195" count="175" type="cond" truecount="1" falsecount="0"/>
        <line num="196" count="78" type="stmt"/>
        <line num="197" count="78" type="stmt"/>
        <line num="198" count="175" type="stmt"/>
        <line num="199" count="1851" type="stmt"/>
        <line num="200" count="1851" type="cond" truecount="1" falsecount="0"/>
        <line num="201" count="8" type="stmt"/>
        <line num="202" count="8" type="cond" truecount="1" falsecount="0"/>
        <line num="203" count="8" type="cond" truecount="1" falsecount="0"/>
        <line num="204" count="8" type="stmt"/>
        <line num="205" count="1851" type="stmt"/>
        <line num="206" count="1851" type="stmt"/>
        <line num="207" count="1851" type="stmt"/>
        <line num="208" count="1851" type="stmt"/>
        <line num="209" count="1851" type="stmt"/>
        <line num="210" count="1851" type="stmt"/>
        <line num="211" count="1851" type="stmt"/>
        <line num="212" count="1851" type="stmt"/>
        <line num="213" count="1851" type="stmt"/>
        <line num="214" count="1851" type="stmt"/>
        <line num="215" count="1851" type="stmt"/>
        <line num="216" count="1851" type="stmt"/>
        <line num="217" count="1851" type="stmt"/>
        <line num="218" count="1851" type="stmt"/>
        <line num="219" count="1851" type="stmt"/>
        <line num="220" count="1851" type="stmt"/>
        <line num="221" count="1851" type="stmt"/>
        <line num="222" count="1851" type="stmt"/>
        <line num="223" count="1851" type="stmt"/>
        <line num="224" count="1851" type="stmt"/>
        <line num="225" count="1851" type="stmt"/>
        <line num="226" count="1" type="stmt"/>
        <line num="227" count="1" type="stmt"/>
      </file>
      <file name="index.js" path="E:\odins\battleship\src\game-modules\game-board\index.js">
        <metrics statements="2" coveredstatements="2" conditionals="6" coveredconditionals="2" methods="1" coveredmethods="1"/>
        <line num="1" count="1" type="stmt"/>
        <line num="2" count="678" type="cond" truecount="2" falsecount="4"/>
      </file>
      <file name="shotType.js" path="E:\odins\battleship\src\game-modules\game-board\shotType.js">
        <metrics statements="16" coveredstatements="16" conditionals="0" coveredconditionals="0" methods="0" coveredmethods="0"/>
        <line num="1" count="1" type="stmt"/>
        <line num="2" count="1" type="stmt"/>
        <line num="3" count="1" type="stmt"/>
        <line num="4" count="1" type="stmt"/>
        <line num="5" count="1" type="stmt"/>
        <line num="6" count="1" type="stmt"/>
        <line num="7" count="1" type="stmt"/>
        <line num="8" count="1" type="stmt"/>
        <line num="9" count="1" type="stmt"/>
        <line num="10" count="1" type="stmt"/>
        <line num="11" count="1" type="stmt"/>
        <line num="12" count="1" type="stmt"/>
        <line num="13" count="1" type="stmt"/>
        <line num="14" count="1" type="stmt"/>
        <line num="15" count="1" type="stmt"/>
        <line num="16" count="1" type="stmt"/>
      </file>
      <file name="utils.js" path="E:\odins\battleship\src\game-modules\game-board\utils.js">
        <metrics statements="25" coveredstatements="25" conditionals="5" coveredconditionals="5" methods="3" coveredmethods="3"/>
        <line num="1" count="1" type="stmt"/>
        <line num="2" count="1" type="stmt"/>
        <line num="3" count="1" type="stmt"/>
        <line num="4" count="1" type="stmt"/>
        <line num="5" count="1" type="stmt"/>
        <line num="6" count="18225" type="cond" truecount="1" falsecount="0"/>
        <line num="7" count="18225" type="stmt"/>
        <line num="8" count="18225" type="cond" truecount="2" falsecount="0"/>
        <line num="9" count="18225" type="stmt"/>
        <line num="10" count="1" type="stmt"/>
        <line num="11" count="8" type="cond" truecount="1" falsecount="0"/>
        <line num="12" count="8" type="stmt"/>
        <line num="13" count="8" type="stmt"/>
        <line num="14" count="8" type="stmt"/>
        <line num="15" count="8" type="stmt"/>
        <line num="16" count="1" type="stmt"/>
        <line num="17" count="660" type="cond" truecount="1" falsecount="0"/>
        <line num="18" count="660" type="stmt"/>
        <line num="19" count="660" type="stmt"/>
        <line num="20" count="1" type="stmt"/>
        <line num="21" count="1" type="stmt"/>
        <line num="22" count="1" type="stmt"/>
        <line num="23" count="1" type="stmt"/>
        <line num="24" count="1" type="stmt"/>
        <line num="25" count="1" type="stmt"/>
      </file>
    </package>
    <package name="random-coords-generator">
      <metrics statements="47" coveredstatements="47" conditionals="14" coveredconditionals="14" methods="5" coveredmethods="5"/>
      <file name="index.js" path="E:\odins\battleship\src\game-modules\random-coords-generator\index.js">
        <metrics statements="47" coveredstatements="47" conditionals="14" coveredconditionals="14" methods="5" coveredmethods="5"/>
        <line num="1" count="1" type="stmt"/>
        <line num="2" count="1" type="stmt"/>
        <line num="3" count="1" type="stmt"/>
        <line num="4" count="1200" type="cond" truecount="1" falsecount="0"/>
        <line num="5" count="1200" type="cond" truecount="1" falsecount="0"/>
        <line num="6" count="1200" type="stmt"/>
        <line num="7" count="1" type="stmt"/>
        <line num="8" count="22" type="cond" truecount="1" falsecount="0"/>
        <line num="9" count="22" type="stmt"/>
        <line num="10" count="22" type="stmt"/>
        <line num="11" count="22" type="stmt"/>
        <line num="12" count="22" type="cond" truecount="1" falsecount="0"/>
        <line num="13" count="947" type="cond" truecount="1" falsecount="0"/>
        <line num="14" count="1226" type="stmt"/>
        <line num="15" count="1226" type="stmt"/>
        <line num="16" count="1226" type="stmt"/>
        <line num="17" count="1226" type="cond" truecount="2" falsecount="0"/>
        <line num="18" count="945" type="stmt"/>
        <line num="19" count="945" type="stmt"/>
        <line num="20" count="945" type="stmt"/>
        <line num="21" count="945" type="stmt"/>
        <line num="22" count="945" type="stmt"/>
        <line num="23" count="2" type="cond" truecount="1" falsecount="0"/>
        <line num="24" count="2" type="stmt"/>
        <line num="25" count="2" type="stmt"/>
        <line num="26" count="22" type="stmt"/>
        <line num="27" count="22" type="cond" truecount="2" falsecount="0"/>
        <line num="28" count="565" type="stmt"/>
        <line num="29" count="565" type="cond" truecount="1" falsecount="0"/>
        <line num="30" count="565" type="cond" truecount="1" falsecount="0"/>
        <line num="31" count="565" type="stmt"/>
        <line num="32" count="22" type="stmt"/>
        <line num="33" count="22" type="cond" truecount="1" falsecount="0"/>
        <line num="34" count="258" type="cond" truecount="1" falsecount="0"/>
        <line num="35" count="258" type="stmt"/>
        <line num="36" count="22" type="stmt"/>
        <line num="37" count="22" type="stmt"/>
        <line num="38" count="22" type="stmt"/>
        <line num="39" count="22" type="stmt"/>
        <line num="40" count="22" type="stmt"/>
        <line num="41" count="22" type="stmt"/>
        <line num="42" count="22" type="stmt"/>
        <line num="43" count="1" type="stmt"/>
        <line num="44" count="1" type="stmt"/>
        <line num="45" count="1" type="stmt"/>
        <line num="46" count="1" type="stmt"/>
        <line num="47" count="1" type="stmt"/>
      </file>
    </package>
    <package name="randoms">
      <metrics statements="33" coveredstatements="27" conditionals="3" coveredconditionals="3" methods="4" coveredmethods="2"/>
      <file name="index.js" path="E:\odins\battleship\src\game-modules\randoms\index.js">
        <metrics statements="33" coveredstatements="27" conditionals="3" coveredconditionals="3" methods="4" coveredmethods="2"/>
        <line num="1" count="1" type="stmt"/>
        <line num="2" count="1" type="stmt"/>
        <line num="3" count="0" type="stmt"/>
        <line num="4" count="0" type="stmt"/>
        <line num="5" count="0" type="stmt"/>
        <line num="6" count="1" type="stmt"/>
        <line num="7" count="219943" type="cond" truecount="1" falsecount="0"/>
        <line num="8" count="219943" type="stmt"/>
        <line num="9" count="219943" type="stmt"/>
        <line num="10" count="219943" type="stmt"/>
        <line num="11" count="219943" type="stmt"/>
        <line num="12" count="219943" type="stmt"/>
        <line num="13" count="1" type="stmt"/>
        <line num="14" count="0" type="stmt"/>
        <line num="15" count="0" type="stmt"/>
        <line num="16" count="0" type="stmt"/>
        <line num="17" count="1" type="stmt"/>
        <line num="18" count="25341" type="cond" truecount="1" falsecount="0"/>
        <line num="19" count="25341" type="stmt"/>
        <line num="20" count="25341" type="stmt"/>
        <line num="21" count="25341" type="cond" truecount="1" falsecount="0"/>
        <line num="22" count="217543" type="stmt"/>
        <line num="23" count="217543" type="stmt"/>
        <line num="24" count="217543" type="stmt"/>
        <line num="25" count="25341" type="stmt"/>
        <line num="26" count="25341" type="stmt"/>
        <line num="27" count="1" type="stmt"/>
        <line num="28" count="1" type="stmt"/>
        <line num="29" count="1" type="stmt"/>
        <line num="30" count="1" type="stmt"/>
        <line num="31" count="1" type="stmt"/>
        <line num="32" count="1" type="stmt"/>
        <line num="33" count="1" type="stmt"/>
      </file>
    </package>
    <package name="rectUtils">
      <metrics statements="110" coveredstatements="110" conditionals="41" coveredconditionals="33" methods="15" coveredmethods="15"/>
      <file name="index.js" path="E:\odins\battleship\src\game-modules\rectUtils\index.js">
        <metrics statements="110" coveredstatements="110" conditionals="41" coveredconditionals="33" methods="15" coveredmethods="15"/>
        <line num="1" count="1" type="stmt"/>
        <line num="2" count="1" type="stmt"/>
        <line num="3" count="97055" type="cond" truecount="1" falsecount="4"/>
        <line num="4" count="97055" type="cond" truecount="1" falsecount="0"/>
        <line num="5" count="97055" type="stmt"/>
        <line num="6" count="1" type="stmt"/>
        <line num="7" count="1" type="cond" truecount="1" falsecount="4"/>
        <line num="8" count="1" type="cond" truecount="1" falsecount="0"/>
        <line num="9" count="1" type="stmt"/>
        <line num="10" count="1" type="stmt"/>
        <line num="11" count="18401" type="cond" truecount="1" falsecount="0"/>
        <line num="12" count="18401" type="stmt"/>
        <line num="13" count="18401" type="stmt"/>
        <line num="14" count="18401" type="stmt"/>
        <line num="15" count="18401" type="stmt"/>
        <line num="16" count="1" type="stmt"/>
        <line num="17" count="18401" type="cond" truecount="1" falsecount="0"/>
        <line num="18" count="18401" type="stmt"/>
        <line num="19" count="18401" type="stmt"/>
        <line num="20" count="18401" type="stmt"/>
        <line num="21" count="18401" type="stmt"/>
        <line num="22" count="1" type="stmt"/>
        <line num="23" count="18397" type="cond" truecount="1" falsecount="0"/>
        <line num="24" count="18397" type="stmt"/>
        <line num="25" count="18397" type="stmt"/>
        <line num="26" count="1" type="stmt"/>
        <line num="27" count="36232" type="cond" truecount="1" falsecount="0"/>
        <line num="28" count="36232" type="stmt"/>
        <line num="29" count="36232" type="stmt"/>
        <line num="30" count="36232" type="stmt"/>
        <line num="31" count="36232" type="stmt"/>
        <line num="32" count="36232" type="stmt"/>
        <line num="33" count="36232" type="stmt"/>
        <line num="34" count="1" type="stmt"/>
        <line num="35" count="186933" type="cond" truecount="1" falsecount="0"/>
        <line num="36" count="186933" type="stmt"/>
        <line num="37" count="186933" type="stmt"/>
        <line num="38" count="186933" type="stmt"/>
        <line num="39" count="186933" type="cond" truecount="1" falsecount="0"/>
        <line num="40" count="186933" type="cond" truecount="1" falsecount="0"/>
        <line num="41" count="186933" type="cond" truecount="1" falsecount="0"/>
        <line num="42" count="186933" type="stmt"/>
        <line num="43" count="1" type="stmt"/>
        <line num="44" count="139077" type="cond" truecount="1" falsecount="0"/>
        <line num="45" count="139077" type="cond" truecount="1" falsecount="0"/>
        <line num="46" count="139077" type="stmt"/>
        <line num="47" count="1" type="stmt"/>
        <line num="48" count="1" type="cond" truecount="1" falsecount="0"/>
        <line num="49" count="1" type="stmt"/>
        <line num="50" count="1" type="stmt"/>
        <line num="51" count="1" type="stmt"/>
        <line num="52" count="6" type="cond" truecount="1" falsecount="0"/>
        <line num="53" count="6" type="cond" truecount="1" falsecount="0"/>
        <line num="54" count="6" type="stmt"/>
        <line num="55" count="1" type="stmt"/>
        <line num="56" count="234" type="cond" truecount="1" falsecount="0"/>
        <line num="57" count="234" type="stmt"/>
        <line num="58" count="234" type="stmt"/>
        <line num="59" count="234" type="stmt"/>
        <line num="60" count="234" type="stmt"/>
        <line num="61" count="234" type="cond" truecount="1" falsecount="0"/>
        <line num="62" count="234" type="cond" truecount="1" falsecount="0"/>
        <line num="63" count="234" type="cond" truecount="1" falsecount="0"/>
        <line num="64" count="234" type="cond" truecount="1" falsecount="0"/>
        <line num="65" count="234" type="stmt"/>
        <line num="66" count="234" type="stmt"/>
        <line num="67" count="234" type="stmt"/>
        <line num="68" count="1" type="stmt"/>
        <line num="69" count="142" type="cond" truecount="1" falsecount="0"/>
        <line num="70" count="142" type="cond" truecount="1" falsecount="0"/>
        <line num="71" count="142" type="stmt"/>
        <line num="72" count="1" type="stmt"/>
        <line num="73" count="8" type="cond" truecount="1" falsecount="0"/>
        <line num="74" count="8" type="stmt"/>
        <line num="75" count="8" type="stmt"/>
        <line num="76" count="8" type="cond" truecount="1" falsecount="0"/>
        <line num="77" count="12" type="cond" truecount="1" falsecount="0"/>
        <line num="78" count="22" type="stmt"/>
        <line num="79" count="22" type="stmt"/>
        <line num="80" count="12" type="stmt"/>
        <line num="81" count="8" type="stmt"/>
        <line num="82" count="8" type="stmt"/>
        <line num="83" count="1" type="stmt"/>
        <line num="84" count="1071950" type="cond" truecount="1" falsecount="0"/>
        <line num="85" count="1071950" type="stmt"/>
        <line num="86" count="1071950" type="stmt"/>
        <line num="87" count="1071950" type="cond" truecount="3" falsecount="0"/>
        <line num="88" count="1071950" type="stmt"/>
        <line num="89" count="1" type="stmt"/>
        <line num="90" count="98290" type="cond" truecount="1" falsecount="0"/>
        <line num="91" count="98290" type="cond" truecount="1" falsecount="0"/>
        <line num="92" count="98290" type="stmt"/>
        <line num="93" count="1" type="stmt"/>
        <line num="94" count="1" type="stmt"/>
        <line num="95" count="1" type="stmt"/>
        <line num="96" count="1" type="stmt"/>
        <line num="97" count="1" type="stmt"/>
        <line num="98" count="1" type="stmt"/>
        <line num="99" count="1" type="stmt"/>
        <line num="100" count="1" type="stmt"/>
        <line num="101" count="1" type="stmt"/>
        <line num="102" count="1" type="stmt"/>
        <line num="103" count="1" type="stmt"/>
        <line num="104" count="1" type="stmt"/>
        <line num="105" count="1" type="stmt"/>
        <line num="106" count="1" type="stmt"/>
        <line num="107" count="1" type="stmt"/>
        <line num="108" count="1" type="stmt"/>
        <line num="109" count="1" type="stmt"/>
        <line num="110" count="1" type="stmt"/>
      </file>
    </package>
    <package name="ship">
      <metrics statements="46" coveredstatements="46" conditionals="12" coveredconditionals="12" methods="7" coveredmethods="7"/>
      <file name="createShip.js" path="E:\odins\battleship\src\game-modules\ship\createShip.js">
        <metrics statements="45" coveredstatements="45" conditionals="12" coveredconditionals="12" methods="7" coveredmethods="7"/>
        <line num="1" count="18240" type="cond" truecount="1" falsecount="0"/>
        <line num="2" count="18240" type="cond" truecount="2" falsecount="0"/>
        <line num="3" count="18237" type="stmt"/>
        <line num="4" count="18237" type="stmt"/>
        <line num="5" count="18237" type="stmt"/>
        <line num="6" count="18237" type="cond" truecount="1" falsecount="0"/>
        <line num="7" count="1017" type="stmt"/>
        <line num="8" count="1017" type="stmt"/>
        <line num="9" count="18237" type="stmt"/>
        <line num="10" count="18237" type="cond" truecount="1" falsecount="0"/>
        <line num="11" count="690" type="cond" truecount="2" falsecount="0"/>
        <line num="12" count="10" type="stmt"/>
        <line num="13" count="10" type="stmt"/>
        <line num="14" count="690" type="stmt"/>
        <line num="15" count="18237" type="stmt"/>
        <line num="16" count="18237" type="cond" truecount="1" falsecount="0"/>
        <line num="17" count="690" type="stmt"/>
        <line num="18" count="690" type="stmt"/>
        <line num="19" count="690" type="stmt"/>
        <line num="20" count="18237" type="stmt"/>
        <line num="21" count="18237" type="cond" truecount="1" falsecount="0"/>
        <line num="22" count="322" type="cond" truecount="1" falsecount="0"/>
        <line num="23" count="1" type="stmt"/>
        <line num="24" count="1" type="stmt"/>
        <line num="25" count="322" type="stmt"/>
        <line num="26" count="322" type="stmt"/>
        <line num="27" count="18237" type="stmt"/>
        <line num="28" count="18237" type="cond" truecount="1" falsecount="0"/>
        <line num="29" count="319" type="stmt"/>
        <line num="30" count="319" type="stmt"/>
        <line num="31" count="18237" type="stmt"/>
        <line num="32" count="18237" type="cond" truecount="1" falsecount="0"/>
        <line num="33" count="9" type="stmt"/>
        <line num="34" count="9" type="stmt"/>
        <line num="35" count="18237" type="stmt"/>
        <line num="36" count="18237" type="stmt"/>
        <line num="37" count="18237" type="stmt"/>
        <line num="38" count="18237" type="stmt"/>
        <line num="39" count="18237" type="stmt"/>
        <line num="40" count="18237" type="stmt"/>
        <line num="41" count="18237" type="stmt"/>
        <line num="42" count="18237" type="stmt"/>
        <line num="43" count="18237" type="stmt"/>
        <line num="44" count="1" type="stmt"/>
        <line num="45" count="1" type="stmt"/>
      </file>
      <file name="index.js" path="E:\odins\battleship\src\game-modules\ship\index.js">
        <metrics statements="1" coveredstatements="1" conditionals="0" coveredconditionals="0" methods="0" coveredmethods="0"/>
        <line num="1" count="1" type="stmt"/>
      </file>
    </package>
  </project>
</coverage>
