{"E:\\odins\\battleship\\src\\game-modules\\arrUtils\\index.js": {"path":"E:\\odins\\battleship\\src\\game-modules\\arrUtils\\index.js","all":false,"statementMap":{"0":{"start":{"line":1,"column":0},"end":{"line":1,"column":34}},"1":{"start":{"line":2,"column":0},"end":{"line":2,"column":46}},"2":{"start":{"line":3,"column":0},"end":{"line":3,"column":39}},"3":{"start":{"line":4,"column":0},"end":{"line":4,"column":1}},"4":{"start":{"line":5,"column":0},"end":{"line":5,"column":0}},"5":{"start":{"line":6,"column":0},"end":{"line":6,"column":51}},"6":{"start":{"line":7,"column":0},"end":{"line":7,"column":32}},"7":{"start":{"line":8,"column":0},"end":{"line":8,"column":0}},"8":{"start":{"line":9,"column":0},"end":{"line":9,"column":37}},"9":{"start":{"line":10,"column":0},"end":{"line":10,"column":0}},"10":{"start":{"line":11,"column":0},"end":{"line":11,"column":27}},"11":{"start":{"line":12,"column":0},"end":{"line":12,"column":0}},"12":{"start":{"line":13,"column":0},"end":{"line":13,"column":45}},"13":{"start":{"line":14,"column":0},"end":{"line":14,"column":44}},"14":{"start":{"line":15,"column":0},"end":{"line":15,"column":25}},"15":{"start":{"line":16,"column":0},"end":{"line":16,"column":3}},"16":{"start":{"line":17,"column":0},"end":{"line":17,"column":2}},"17":{"start":{"line":18,"column":0},"end":{"line":18,"column":0}},"18":{"start":{"line":19,"column":0},"end":{"line":19,"column":11}},"19":{"start":{"line":20,"column":0},"end":{"line":20,"column":1}},"20":{"start":{"line":21,"column":0},"end":{"line":21,"column":0}},"21":{"start":{"line":22,"column":0},"end":{"line":22,"column":23}},"22":{"start":{"line":23,"column":0},"end":{"line":23,"column":22}},"23":{"start":{"line":24,"column":0},"end":{"line":24,"column":0}},"24":{"start":{"line":25,"column":0},"end":{"line":25,"column":21}},"25":{"start":{"line":26,"column":0},"end":{"line":26,"column":36}},"26":{"start":{"line":27,"column":0},"end":{"line":27,"column":32}},"27":{"start":{"line":28,"column":0},"end":{"line":28,"column":3}},"28":{"start":{"line":29,"column":0},"end":{"line":29,"column":0}},"29":{"start":{"line":30,"column":0},"end":{"line":30,"column":11}},"30":{"start":{"line":31,"column":0},"end":{"line":31,"column":1}},"31":{"start":{"line":32,"column":0},"end":{"line":32,"column":0}},"32":{"start":{"line":33,"column":0},"end":{"line":33,"column":28}},"33":{"start":{"line":34,"column":0},"end":{"line":34,"column":26}},"34":{"start":{"line":35,"column":0},"end":{"line":35,"column":33}},"35":{"start":{"line":36,"column":0},"end":{"line":36,"column":54}},"36":{"start":{"line":37,"column":0},"end":{"line":37,"column":1}},"37":{"start":{"line":38,"column":0},"end":{"line":38,"column":0}},"38":{"start":{"line":39,"column":0},"end":{"line":39,"column":21}},"39":{"start":{"line":40,"column":0},"end":{"line":40,"column":22}},"40":{"start":{"line":41,"column":0},"end":{"line":41,"column":26}},"41":{"start":{"line":42,"column":0},"end":{"line":42,"column":33}},"42":{"start":{"line":43,"column":0},"end":{"line":43,"column":20}},"43":{"start":{"line":44,"column":0},"end":{"line":44,"column":3}},"44":{"start":{"line":45,"column":0},"end":{"line":45,"column":0}},"45":{"start":{"line":46,"column":0},"end":{"line":46,"column":11}},"46":{"start":{"line":47,"column":0},"end":{"line":47,"column":1}},"47":{"start":{"line":48,"column":0},"end":{"line":48,"column":0}},"48":{"start":{"line":49,"column":0},"end":{"line":49,"column":37}},"49":{"start":{"line":50,"column":0},"end":{"line":50,"column":28}},"50":{"start":{"line":51,"column":0},"end":{"line":51,"column":110}},"51":{"start":{"line":52,"column":0},"end":{"line":52,"column":2}},"52":{"start":{"line":53,"column":0},"end":{"line":53,"column":0}},"53":{"start":{"line":54,"column":0},"end":{"line":54,"column":35}},"54":{"start":{"line":55,"column":0},"end":{"line":55,"column":75}},"55":{"start":{"line":56,"column":0},"end":{"line":56,"column":2}},"56":{"start":{"line":57,"column":0},"end":{"line":57,"column":0}},"57":{"start":{"line":58,"column":0},"end":{"line":58,"column":71}},"58":{"start":{"line":59,"column":0},"end":{"line":59,"column":0}},"59":{"start":{"line":60,"column":0},"end":{"line":60,"column":37}},"60":{"start":{"line":61,"column":0},"end":{"line":61,"column":31}},"61":{"start":{"line":62,"column":0},"end":{"line":62,"column":23}},"62":{"start":{"line":63,"column":0},"end":{"line":63,"column":3}},"63":{"start":{"line":64,"column":0},"end":{"line":64,"column":2}},"64":{"start":{"line":65,"column":0},"end":{"line":65,"column":0}},"65":{"start":{"line":66,"column":0},"end":{"line":66,"column":11}},"66":{"start":{"line":67,"column":0},"end":{"line":67,"column":1}},"67":{"start":{"line":68,"column":0},"end":{"line":68,"column":0}},"68":{"start":{"line":69,"column":0},"end":{"line":69,"column":16}},"69":{"start":{"line":70,"column":0},"end":{"line":70,"column":12}},"70":{"start":{"line":71,"column":0},"end":{"line":71,"column":9}},"71":{"start":{"line":72,"column":0},"end":{"line":72,"column":14}},"72":{"start":{"line":73,"column":0},"end":{"line":73,"column":7}},"73":{"start":{"line":74,"column":0},"end":{"line":74,"column":15}},"74":{"start":{"line":75,"column":0},"end":{"line":75,"column":1}}},"s":{"0":169,"1":169,"2":169,"3":169,"4":1,"5":11,"6":11,"7":9,"8":9,"9":9,"10":9,"11":9,"12":11,"13":149,"14":102,"15":102,"16":149,"17":9,"18":9,"19":9,"20":1,"21":32,"22":32,"23":32,"24":32,"25":163,"26":163,"27":163,"28":32,"29":32,"30":32,"31":1,"32":31,"33":31,"34":31,"35":31,"36":31,"37":1,"38":2,"39":2,"40":2,"41":9,"42":9,"43":9,"44":2,"45":2,"46":2,"47":1,"48":14,"49":14,"50":6,"51":6,"52":8,"53":14,"54":3,"55":3,"56":14,"57":14,"58":14,"59":14,"60":9,"61":12,"62":12,"63":9,"64":5,"65":5,"66":5,"67":1,"68":1,"69":1,"70":1,"71":1,"72":1,"73":1,"74":1},"branchMap":{"0":{"type":"branch","line":1,"loc":{"start":{"line":1,"column":0},"end":{"line":4,"column":1}},"locations":[{"start":{"line":1,"column":0},"end":{"line":4,"column":1}}]},"1":{"type":"branch","line":3,"loc":{"start":{"line":3,"column":8},"end":{"line":3,"column":23}},"locations":[{"start":{"line":3,"column":8},"end":{"line":3,"column":23}}]},"2":{"type":"branch","line":3,"loc":{"start":{"line":3,"column":8},"end":{"line":3,"column":39}},"locations":[{"start":{"line":3,"column":8},"end":{"line":3,"column":39}}]},"3":{"type":"branch","line":3,"loc":{"start":{"line":3,"column":23},"end":{"line":3,"column":36}},"locations":[{"start":{"line":3,"column":23},"end":{"line":3,"column":36}}]},"4":{"type":"branch","line":3,"loc":{"start":{"line":3,"column":23},"end":{"line":3,"column":39}},"locations":[{"start":{"line":3,"column":23},"end":{"line":3,"column":39}}]},"5":{"type":"branch","line":6,"loc":{"start":{"line":6,"column":0},"end":{"line":20,"column":1}},"locations":[{"start":{"line":6,"column":0},"end":{"line":20,"column":1}}]},"6":{"type":"branch","line":6,"loc":{"start":{"line":6,"column":50},"end":{"line":6,"column":51}},"locations":[{"start":{"line":6,"column":50},"end":{"line":6,"column":51}}]},"7":{"type":"branch","line":6,"loc":{"start":{"line":6,"column":50},"end":{"line":6,"column":51}},"locations":[{"start":{"line":6,"column":50},"end":{"line":6,"column":51}}]},"8":{"type":"branch","line":6,"loc":{"start":{"line":6,"column":50},"end":{"line":6,"column":49}},"locations":[{"start":{"line":6,"column":50},"end":{"line":6,"column":49}}]},"9":{"type":"branch","line":7,"loc":{"start":{"line":7,"column":23},"end":{"line":7,"column":30}},"locations":[{"start":{"line":7,"column":23},"end":{"line":7,"column":30}}]},"10":{"type":"branch","line":7,"loc":{"start":{"line":7,"column":23},"end":{"line":13,"column":6}},"locations":[{"start":{"line":7,"column":23},"end":{"line":13,"column":6}}]},"11":{"type":"branch","line":13,"loc":{"start":{"line":13,"column":44},"end":{"line":17,"column":2}},"locations":[{"start":{"line":13,"column":44},"end":{"line":17,"column":2}}]},"12":{"type":"branch","line":14,"loc":{"start":{"line":14,"column":43},"end":{"line":16,"column":3}},"locations":[{"start":{"line":14,"column":43},"end":{"line":16,"column":3}}]},"13":{"type":"branch","line":18,"loc":{"start":{"line":18,"column":-1},"end":{"line":20,"column":1}},"locations":[{"start":{"line":18,"column":-1},"end":{"line":20,"column":1}}]},"14":{"type":"branch","line":22,"loc":{"start":{"line":22,"column":0},"end":{"line":31,"column":1}},"locations":[{"start":{"line":22,"column":0},"end":{"line":31,"column":1}}]},"15":{"type":"branch","line":25,"loc":{"start":{"line":25,"column":13},"end":{"line":28,"column":3}},"locations":[{"start":{"line":25,"column":13},"end":{"line":28,"column":3}}]},"16":{"type":"branch","line":26,"loc":{"start":{"line":26,"column":21},"end":{"line":26,"column":24}},"locations":[{"start":{"line":26,"column":21},"end":{"line":26,"column":24}}]},"17":{"type":"branch","line":33,"loc":{"start":{"line":33,"column":0},"end":{"line":37,"column":1}},"locations":[{"start":{"line":33,"column":0},"end":{"line":37,"column":1}}]},"18":{"type":"branch","line":35,"loc":{"start":{"line":35,"column":10},"end":{"line":35,"column":14}},"locations":[{"start":{"line":35,"column":10},"end":{"line":35,"column":14}}]},"19":{"type":"branch","line":36,"loc":{"start":{"line":36,"column":11},"end":{"line":36,"column":13}},"locations":[{"start":{"line":36,"column":11},"end":{"line":36,"column":13}}]},"20":{"type":"branch","line":39,"loc":{"start":{"line":39,"column":0},"end":{"line":47,"column":1}},"locations":[{"start":{"line":39,"column":0},"end":{"line":47,"column":1}}]},"21":{"type":"branch","line":41,"loc":{"start":{"line":41,"column":13},"end":{"line":44,"column":3}},"locations":[{"start":{"line":41,"column":13},"end":{"line":44,"column":3}}]},"22":{"type":"branch","line":42,"loc":{"start":{"line":42,"column":19},"end":{"line":42,"column":22}},"locations":[{"start":{"line":42,"column":19},"end":{"line":42,"column":22}}]},"23":{"type":"branch","line":49,"loc":{"start":{"line":49,"column":0},"end":{"line":67,"column":1}},"locations":[{"start":{"line":49,"column":0},"end":{"line":67,"column":1}}]},"24":{"type":"branch","line":50,"loc":{"start":{"line":50,"column":27},"end":{"line":52,"column":2}},"locations":[{"start":{"line":50,"column":27},"end":{"line":52,"column":2}}]},"25":{"type":"branch","line":53,"loc":{"start":{"line":53,"column":-1},"end":{"line":54,"column":8}},"locations":[{"start":{"line":53,"column":-1},"end":{"line":54,"column":8}}]},"26":{"type":"branch","line":54,"loc":{"start":{"line":54,"column":5},"end":{"line":54,"column":34}},"locations":[{"start":{"line":54,"column":5},"end":{"line":54,"column":34}}]},"27":{"type":"branch","line":54,"loc":{"start":{"line":54,"column":34},"end":{"line":56,"column":2}},"locations":[{"start":{"line":54,"column":34},"end":{"line":56,"column":2}}]},"28":{"type":"branch","line":60,"loc":{"start":{"line":60,"column":36},"end":{"line":64,"column":2}},"locations":[{"start":{"line":60,"column":36},"end":{"line":64,"column":2}}]},"29":{"type":"branch","line":61,"loc":{"start":{"line":61,"column":30},"end":{"line":63,"column":3}},"locations":[{"start":{"line":61,"column":30},"end":{"line":63,"column":3}}]},"30":{"type":"branch","line":65,"loc":{"start":{"line":65,"column":-1},"end":{"line":67,"column":1}},"locations":[{"start":{"line":65,"column":-1},"end":{"line":67,"column":1}}]},"31":{"type":"branch","line":58,"loc":{"start":{"line":58,"column":41},"end":{"line":58,"column":47}},"locations":[{"start":{"line":58,"column":41},"end":{"line":58,"column":47}}]}},"b":{"0":[169],"1":[27],"2":[142],"3":[63],"4":[79],"5":[11],"6":[4],"7":[4],"8":[7],"9":[2],"10":[9],"11":[149],"12":[102],"13":[9],"14":[32],"15":[163],"16":[110],"17":[31],"18":[135],"19":[68],"20":[2],"21":[9],"22":[3],"23":[14],"24":[6],"25":[8],"26":[7],"27":[3],"28":[9],"29":[12],"30":[5],"31":[9]},"fnMap":{"0":{"name":"defaultComparator","decl":{"start":{"line":1,"column":0},"end":{"line":4,"column":1}},"loc":{"start":{"line":1,"column":0},"end":{"line":4,"column":1}},"line":1},"1":{"name":"sortUnique","decl":{"start":{"line":6,"column":0},"end":{"line":20,"column":1}},"loc":{"start":{"line":6,"column":0},"end":{"line":20,"column":1}},"line":6},"2":{"name":"freqMap","decl":{"start":{"line":22,"column":0},"end":{"line":31,"column":1}},"loc":{"start":{"line":22,"column":0},"end":{"line":31,"column":1}},"line":22},"3":{"name":"freqMapToArr","decl":{"start":{"line":33,"column":0},"end":{"line":37,"column":1}},"loc":{"start":{"line":33,"column":0},"end":{"line":37,"column":1}},"line":33},"4":{"name":"group","decl":{"start":{"line":39,"column":0},"end":{"line":47,"column":1}},"loc":{"start":{"line":39,"column":0},"end":{"line":47,"column":1}},"line":39},"5":{"name":"reshape1dTo2d","decl":{"start":{"line":49,"column":0},"end":{"line":67,"column":1}},"loc":{"start":{"line":49,"column":0},"end":{"line":67,"column":1}},"line":49}},"f":{"0":169,"1":11,"2":32,"3":31,"4":2,"5":14}}
,"E:\\odins\\battleship\\src\\game-modules\\boardPlugins\\createBoardAttacker\\index.js": {"path":"E:\\odins\\battleship\\src\\game-modules\\boardPlugins\\createBoardAttacker\\index.js","all":false,"statementMap":{"0":{"start":{"line":1,"column":0},"end":{"line":1,"column":43}},"1":{"start":{"line":2,"column":0},"end":{"line":2,"column":44}},"2":{"start":{"line":3,"column":0},"end":{"line":3,"column":35}},"3":{"start":{"line":4,"column":0},"end":{"line":4,"column":39}},"4":{"start":{"line":5,"column":0},"end":{"line":5,"column":75}},"5":{"start":{"line":6,"column":0},"end":{"line":6,"column":0}},"6":{"start":{"line":7,"column":0},"end":{"line":7,"column":36}},"7":{"start":{"line":8,"column":0},"end":{"line":8,"column":10}},"8":{"start":{"line":9,"column":0},"end":{"line":9,"column":21}},"9":{"start":{"line":10,"column":0},"end":{"line":10,"column":20}},"10":{"start":{"line":11,"column":0},"end":{"line":11,"column":2}},"11":{"start":{"line":12,"column":0},"end":{"line":12,"column":0}},"12":{"start":{"line":13,"column":0},"end":{"line":13,"column":68}},"13":{"start":{"line":14,"column":0},"end":{"line":14,"column":43}},"14":{"start":{"line":15,"column":0},"end":{"line":15,"column":68}},"15":{"start":{"line":16,"column":0},"end":{"line":16,"column":0}},"16":{"start":{"line":17,"column":0},"end":{"line":17,"column":25}},"17":{"start":{"line":18,"column":0},"end":{"line":18,"column":14}},"18":{"start":{"line":19,"column":0},"end":{"line":19,"column":23}},"19":{"start":{"line":20,"column":0},"end":{"line":20,"column":23}},"20":{"start":{"line":21,"column":0},"end":{"line":21,"column":22}},"21":{"start":{"line":22,"column":0},"end":{"line":22,"column":13}},"22":{"start":{"line":23,"column":0},"end":{"line":23,"column":2}},"23":{"start":{"line":24,"column":0},"end":{"line":24,"column":0}},"24":{"start":{"line":25,"column":0},"end":{"line":25,"column":33}},"25":{"start":{"line":26,"column":0},"end":{"line":26,"column":86}},"26":{"start":{"line":27,"column":0},"end":{"line":27,"column":0}},"27":{"start":{"line":28,"column":0},"end":{"line":28,"column":75}},"28":{"start":{"line":29,"column":0},"end":{"line":29,"column":0}},"29":{"start":{"line":30,"column":0},"end":{"line":30,"column":26}},"30":{"start":{"line":31,"column":0},"end":{"line":31,"column":15}},"31":{"start":{"line":32,"column":0},"end":{"line":32,"column":34}},"32":{"start":{"line":33,"column":0},"end":{"line":33,"column":70}},"33":{"start":{"line":34,"column":0},"end":{"line":34,"column":3}},"34":{"start":{"line":35,"column":0},"end":{"line":35,"column":2}},"35":{"start":{"line":36,"column":0},"end":{"line":36,"column":0}},"36":{"start":{"line":37,"column":0},"end":{"line":37,"column":33}},"37":{"start":{"line":38,"column":0},"end":{"line":38,"column":33}},"38":{"start":{"line":39,"column":0},"end":{"line":39,"column":15}},"39":{"start":{"line":40,"column":0},"end":{"line":40,"column":24}},"40":{"start":{"line":41,"column":0},"end":{"line":41,"column":24}},"41":{"start":{"line":42,"column":0},"end":{"line":42,"column":23}},"42":{"start":{"line":43,"column":0},"end":{"line":43,"column":14}},"43":{"start":{"line":44,"column":0},"end":{"line":44,"column":4}},"44":{"start":{"line":45,"column":0},"end":{"line":45,"column":2}},"45":{"start":{"line":46,"column":0},"end":{"line":46,"column":0}},"46":{"start":{"line":47,"column":0},"end":{"line":47,"column":55}},"47":{"start":{"line":48,"column":0},"end":{"line":48,"column":23}},"48":{"start":{"line":49,"column":0},"end":{"line":49,"column":23}},"49":{"start":{"line":50,"column":0},"end":{"line":50,"column":2}},"50":{"start":{"line":51,"column":0},"end":{"line":51,"column":0}},"51":{"start":{"line":52,"column":0},"end":{"line":52,"column":51}},"52":{"start":{"line":53,"column":0},"end":{"line":53,"column":42}},"53":{"start":{"line":54,"column":0},"end":{"line":54,"column":39}},"54":{"start":{"line":55,"column":0},"end":{"line":55,"column":2}},"55":{"start":{"line":56,"column":0},"end":{"line":56,"column":0}},"56":{"start":{"line":57,"column":0},"end":{"line":57,"column":25}},"57":{"start":{"line":58,"column":0},"end":{"line":58,"column":47}},"58":{"start":{"line":59,"column":0},"end":{"line":59,"column":58}},"59":{"start":{"line":60,"column":0},"end":{"line":60,"column":0}},"60":{"start":{"line":61,"column":0},"end":{"line":61,"column":50}},"61":{"start":{"line":62,"column":0},"end":{"line":62,"column":0}},"62":{"start":{"line":63,"column":0},"end":{"line":63,"column":51}},"63":{"start":{"line":64,"column":0},"end":{"line":64,"column":0}},"64":{"start":{"line":65,"column":0},"end":{"line":65,"column":40}},"65":{"start":{"line":66,"column":0},"end":{"line":66,"column":46}},"66":{"start":{"line":67,"column":0},"end":{"line":67,"column":18}},"67":{"start":{"line":68,"column":0},"end":{"line":68,"column":3}},"68":{"start":{"line":69,"column":0},"end":{"line":69,"column":0}},"69":{"start":{"line":70,"column":0},"end":{"line":70,"column":33}},"70":{"start":{"line":71,"column":0},"end":{"line":71,"column":40}},"71":{"start":{"line":72,"column":0},"end":{"line":72,"column":35}},"72":{"start":{"line":73,"column":0},"end":{"line":73,"column":15}},"73":{"start":{"line":74,"column":0},"end":{"line":74,"column":61}},"74":{"start":{"line":75,"column":0},"end":{"line":75,"column":60}},"75":{"start":{"line":76,"column":0},"end":{"line":76,"column":5}},"76":{"start":{"line":77,"column":0},"end":{"line":77,"column":4}},"77":{"start":{"line":78,"column":0},"end":{"line":78,"column":0}},"78":{"start":{"line":79,"column":0},"end":{"line":79,"column":17}},"79":{"start":{"line":80,"column":0},"end":{"line":80,"column":2}},"80":{"start":{"line":81,"column":0},"end":{"line":81,"column":0}},"81":{"start":{"line":82,"column":0},"end":{"line":82,"column":28}},"82":{"start":{"line":83,"column":0},"end":{"line":83,"column":61}},"83":{"start":{"line":84,"column":0},"end":{"line":84,"column":0}},"84":{"start":{"line":85,"column":0},"end":{"line":85,"column":58}},"85":{"start":{"line":86,"column":0},"end":{"line":86,"column":0}},"86":{"start":{"line":87,"column":0},"end":{"line":87,"column":50}},"87":{"start":{"line":88,"column":0},"end":{"line":88,"column":0}},"88":{"start":{"line":89,"column":0},"end":{"line":89,"column":53}},"89":{"start":{"line":90,"column":0},"end":{"line":90,"column":38}},"90":{"start":{"line":91,"column":0},"end":{"line":91,"column":0}},"91":{"start":{"line":92,"column":0},"end":{"line":92,"column":40}},"92":{"start":{"line":93,"column":0},"end":{"line":93,"column":46}},"93":{"start":{"line":94,"column":0},"end":{"line":94,"column":18}},"94":{"start":{"line":95,"column":0},"end":{"line":95,"column":3}},"95":{"start":{"line":96,"column":0},"end":{"line":96,"column":0}},"96":{"start":{"line":97,"column":0},"end":{"line":97,"column":50}},"97":{"start":{"line":98,"column":0},"end":{"line":98,"column":0}},"98":{"start":{"line":99,"column":0},"end":{"line":99,"column":33}},"99":{"start":{"line":100,"column":0},"end":{"line":100,"column":39}},"100":{"start":{"line":101,"column":0},"end":{"line":101,"column":34}},"101":{"start":{"line":102,"column":0},"end":{"line":102,"column":78}},"102":{"start":{"line":103,"column":0},"end":{"line":103,"column":4}},"103":{"start":{"line":104,"column":0},"end":{"line":104,"column":0}},"104":{"start":{"line":105,"column":0},"end":{"line":105,"column":17}},"105":{"start":{"line":106,"column":0},"end":{"line":106,"column":2}},"106":{"start":{"line":107,"column":0},"end":{"line":107,"column":0}},"107":{"start":{"line":108,"column":0},"end":{"line":108,"column":29}},"108":{"start":{"line":109,"column":0},"end":{"line":109,"column":101}},"109":{"start":{"line":110,"column":0},"end":{"line":110,"column":54}},"110":{"start":{"line":111,"column":0},"end":{"line":111,"column":0}},"111":{"start":{"line":112,"column":0},"end":{"line":112,"column":62}},"112":{"start":{"line":113,"column":0},"end":{"line":113,"column":54}},"113":{"start":{"line":114,"column":0},"end":{"line":114,"column":57}},"114":{"start":{"line":115,"column":0},"end":{"line":115,"column":66}},"115":{"start":{"line":116,"column":0},"end":{"line":116,"column":27}},"116":{"start":{"line":117,"column":0},"end":{"line":117,"column":3}},"117":{"start":{"line":118,"column":0},"end":{"line":118,"column":58}},"118":{"start":{"line":119,"column":0},"end":{"line":119,"column":0}},"119":{"start":{"line":120,"column":0},"end":{"line":120,"column":36}},"120":{"start":{"line":121,"column":0},"end":{"line":121,"column":57}},"121":{"start":{"line":122,"column":0},"end":{"line":122,"column":66}},"122":{"start":{"line":123,"column":0},"end":{"line":123,"column":18}},"123":{"start":{"line":124,"column":0},"end":{"line":124,"column":3}},"124":{"start":{"line":125,"column":0},"end":{"line":125,"column":0}},"125":{"start":{"line":126,"column":0},"end":{"line":126,"column":53}},"126":{"start":{"line":127,"column":0},"end":{"line":127,"column":0}},"127":{"start":{"line":128,"column":0},"end":{"line":128,"column":49}},"128":{"start":{"line":129,"column":0},"end":{"line":129,"column":0}},"129":{"start":{"line":130,"column":0},"end":{"line":130,"column":45}},"130":{"start":{"line":131,"column":0},"end":{"line":131,"column":17}},"131":{"start":{"line":132,"column":0},"end":{"line":132,"column":2}},"132":{"start":{"line":133,"column":0},"end":{"line":133,"column":0}},"133":{"start":{"line":134,"column":0},"end":{"line":134,"column":20}},"134":{"start":{"line":135,"column":0},"end":{"line":135,"column":33}},"135":{"start":{"line":136,"column":0},"end":{"line":136,"column":37}},"136":{"start":{"line":137,"column":0},"end":{"line":137,"column":26}},"137":{"start":{"line":138,"column":0},"end":{"line":138,"column":0}},"138":{"start":{"line":139,"column":0},"end":{"line":139,"column":36}},"139":{"start":{"line":140,"column":0},"end":{"line":140,"column":27}},"140":{"start":{"line":141,"column":0},"end":{"line":141,"column":0}},"141":{"start":{"line":142,"column":0},"end":{"line":142,"column":10}},"142":{"start":{"line":143,"column":0},"end":{"line":143,"column":23}},"143":{"start":{"line":144,"column":0},"end":{"line":144,"column":3}},"144":{"start":{"line":145,"column":0},"end":{"line":145,"column":2}},"145":{"start":{"line":146,"column":0},"end":{"line":146,"column":0}},"146":{"start":{"line":147,"column":0},"end":{"line":147,"column":14}},"147":{"start":{"line":148,"column":0},"end":{"line":148,"column":1}},"148":{"start":{"line":149,"column":0},"end":{"line":149,"column":0}},"149":{"start":{"line":150,"column":0},"end":{"line":150,"column":34}}},"s":{"0":1,"1":1,"2":1,"3":1,"4":1,"5":1,"6":1,"7":1,"8":1,"9":1,"10":1,"11":1,"12":7,"13":7,"14":7,"15":7,"16":7,"17":7,"18":7,"19":7,"20":7,"21":7,"22":7,"23":7,"24":7,"25":75,"26":75,"27":75,"28":75,"29":75,"30":75,"31":75,"32":75,"33":75,"34":75,"35":7,"36":7,"37":75,"38":75,"39":75,"40":75,"41":75,"42":75,"43":75,"44":75,"45":7,"46":7,"47":75,"48":75,"49":75,"50":7,"51":7,"52":485,"53":485,"54":485,"55":7,"56":7,"57":348,"58":348,"59":348,"60":348,"61":75,"62":75,"63":75,"64":348,"65":20,"66":20,"67":20,"68":55,"69":55,"70":55,"71":55,"72":55,"73":55,"74":55,"75":55,"76":55,"77":55,"78":55,"79":55,"80":7,"81":7,"82":78,"83":78,"84":78,"85":78,"86":78,"87":55,"88":55,"89":55,"90":55,"91":78,"92":15,"93":15,"94":15,"95":78,"96":78,"97":78,"98":78,"99":78,"100":78,"101":78,"102":78,"103":78,"104":78,"105":78,"106":7,"107":7,"108":73,"109":73,"110":73,"111":73,"112":73,"113":14,"114":14,"115":14,"116":14,"117":59,"118":59,"119":73,"120":4,"121":4,"122":4,"123":4,"124":73,"125":73,"126":73,"127":73,"128":40,"129":40,"130":40,"131":40,"132":7,"133":7,"134":485,"135":485,"136":485,"137":485,"138":485,"139":485,"140":485,"141":485,"142":485,"143":485,"144":485,"145":7,"146":7,"147":7,"148":1,"149":1},"branchMap":{"0":{"type":"branch","line":13,"loc":{"start":{"line":13,"column":0},"end":{"line":148,"column":1}},"locations":[{"start":{"line":13,"column":0},"end":{"line":148,"column":1}}]},"1":{"type":"branch","line":25,"loc":{"start":{"line":25,"column":1},"end":{"line":35,"column":2}},"locations":[{"start":{"line":25,"column":1},"end":{"line":35,"column":2}}]},"2":{"type":"branch","line":33,"loc":{"start":{"line":33,"column":12},"end":{"line":33,"column":22}},"locations":[{"start":{"line":33,"column":12},"end":{"line":33,"column":22}}]},"3":{"type":"branch","line":37,"loc":{"start":{"line":37,"column":1},"end":{"line":45,"column":2}},"locations":[{"start":{"line":37,"column":1},"end":{"line":45,"column":2}}]},"4":{"type":"branch","line":47,"loc":{"start":{"line":47,"column":1},"end":{"line":50,"column":2}},"locations":[{"start":{"line":47,"column":1},"end":{"line":50,"column":2}}]},"5":{"type":"branch","line":52,"loc":{"start":{"line":52,"column":1},"end":{"line":55,"column":2}},"locations":[{"start":{"line":52,"column":1},"end":{"line":55,"column":2}}]},"6":{"type":"branch","line":57,"loc":{"start":{"line":57,"column":1},"end":{"line":80,"column":2}},"locations":[{"start":{"line":57,"column":1},"end":{"line":80,"column":2}}]},"7":{"type":"branch","line":61,"loc":{"start":{"line":61,"column":35},"end":{"line":61,"column":42}},"locations":[{"start":{"line":61,"column":35},"end":{"line":61,"column":42}}]},"8":{"type":"branch","line":61,"loc":{"start":{"line":61,"column":35},"end":{"line":65,"column":6}},"locations":[{"start":{"line":61,"column":35},"end":{"line":65,"column":6}}]},"9":{"type":"branch","line":65,"loc":{"start":{"line":65,"column":39},"end":{"line":68,"column":3}},"locations":[{"start":{"line":65,"column":39},"end":{"line":68,"column":3}}]},"10":{"type":"branch","line":69,"loc":{"start":{"line":69,"column":-1},"end":{"line":80,"column":2}},"locations":[{"start":{"line":69,"column":-1},"end":{"line":80,"column":2}}]},"11":{"type":"branch","line":75,"loc":{"start":{"line":75,"column":13},"end":{"line":75,"column":23}},"locations":[{"start":{"line":75,"column":13},"end":{"line":75,"column":23}}]},"12":{"type":"branch","line":82,"loc":{"start":{"line":82,"column":1},"end":{"line":106,"column":2}},"locations":[{"start":{"line":82,"column":1},"end":{"line":106,"column":2}}]},"13":{"type":"branch","line":87,"loc":{"start":{"line":87,"column":35},"end":{"line":87,"column":42}},"locations":[{"start":{"line":87,"column":35},"end":{"line":87,"column":42}}]},"14":{"type":"branch","line":87,"loc":{"start":{"line":87,"column":35},"end":{"line":92,"column":6}},"locations":[{"start":{"line":87,"column":35},"end":{"line":92,"column":6}}]},"15":{"type":"branch","line":92,"loc":{"start":{"line":92,"column":39},"end":{"line":95,"column":3}},"locations":[{"start":{"line":92,"column":39},"end":{"line":95,"column":3}}]},"16":{"type":"branch","line":108,"loc":{"start":{"line":108,"column":1},"end":{"line":132,"column":2}},"locations":[{"start":{"line":108,"column":1},"end":{"line":132,"column":2}}]},"17":{"type":"branch","line":112,"loc":{"start":{"line":112,"column":6},"end":{"line":113,"column":22}},"locations":[{"start":{"line":112,"column":6},"end":{"line":113,"column":22}}]},"18":{"type":"branch","line":113,"loc":{"start":{"line":113,"column":53},"end":{"line":117,"column":3}},"locations":[{"start":{"line":113,"column":53},"end":{"line":117,"column":3}}]},"19":{"type":"branch","line":118,"loc":{"start":{"line":118,"column":-1},"end":{"line":120,"column":6}},"locations":[{"start":{"line":118,"column":-1},"end":{"line":120,"column":6}}]},"20":{"type":"branch","line":120,"loc":{"start":{"line":120,"column":35},"end":{"line":124,"column":3}},"locations":[{"start":{"line":120,"column":35},"end":{"line":124,"column":3}}]},"21":{"type":"branch","line":128,"loc":{"start":{"line":128,"column":34},"end":{"line":128,"column":41}},"locations":[{"start":{"line":128,"column":34},"end":{"line":128,"column":41}}]},"22":{"type":"branch","line":128,"loc":{"start":{"line":128,"column":34},"end":{"line":132,"column":2}},"locations":[{"start":{"line":128,"column":34},"end":{"line":132,"column":2}}]},"23":{"type":"branch","line":114,"loc":{"start":{"line":114,"column":49},"end":{"line":114,"column":54}},"locations":[{"start":{"line":114,"column":49},"end":{"line":114,"column":54}}]},"24":{"type":"branch","line":121,"loc":{"start":{"line":121,"column":49},"end":{"line":121,"column":54}},"locations":[{"start":{"line":121,"column":49},"end":{"line":121,"column":54}}]},"25":{"type":"branch","line":134,"loc":{"start":{"line":134,"column":1},"end":{"line":145,"column":2}},"locations":[{"start":{"line":134,"column":1},"end":{"line":145,"column":2}}]},"26":{"type":"branch","line":136,"loc":{"start":{"line":136,"column":2},"end":{"line":137,"column":10}},"locations":[{"start":{"line":136,"column":2},"end":{"line":137,"column":10}}]},"27":{"type":"branch","line":139,"loc":{"start":{"line":139,"column":2},"end":{"line":140,"column":10}},"locations":[{"start":{"line":139,"column":2},"end":{"line":140,"column":10}}]},"28":{"type":"branch","line":142,"loc":{"start":{"line":142,"column":2},"end":{"line":143,"column":10}},"locations":[{"start":{"line":142,"column":2},"end":{"line":143,"column":10}}]}},"b":{"0":[7],"1":[75],"2":[820],"3":[75],"4":[75],"5":[485],"6":[348],"7":[273],"8":[75],"9":[20],"10":[55],"11":[173],"12":[78],"13":[23],"14":[55],"15":[15],"16":[73],"17":[69],"18":[14],"19":[59],"20":[4],"21":[15],"22":[40],"23":[28],"24":[8],"25":[485],"26":[78],"27":[59],"28":[348]},"fnMap":{"0":{"name":"createBoardAttacker","decl":{"start":{"line":13,"column":0},"end":{"line":148,"column":1}},"loc":{"start":{"line":13,"column":0},"end":{"line":148,"column":1}},"line":13},"1":{"name":"excludeShipAdjacent","decl":{"start":{"line":25,"column":1},"end":{"line":35,"column":2}},"loc":{"start":{"line":25,"column":1},"end":{"line":35,"column":2}},"line":25},"2":{"name":"clearAttackingState","decl":{"start":{"line":37,"column":1},"end":{"line":45,"column":2}},"loc":{"start":{"line":37,"column":1},"end":{"line":45,"column":2}},"line":37},"3":{"name":"excludeShipAdjacentAndClearAttackingState","decl":{"start":{"line":47,"column":1},"end":{"line":50,"column":2}},"loc":{"start":{"line":47,"column":1},"end":{"line":50,"column":2}},"line":47},"4":{"name":"attackAndExcludeCoords","decl":{"start":{"line":52,"column":1},"end":{"line":55,"column":2}},"loc":{"start":{"line":52,"column":1},"end":{"line":55,"column":2}},"line":52},"5":{"name":"freshAttack","decl":{"start":{"line":57,"column":1},"end":{"line":80,"column":2}},"loc":{"start":{"line":57,"column":1},"end":{"line":80,"column":2}},"line":57},"6":{"name":"adjacentAttack","decl":{"start":{"line":82,"column":1},"end":{"line":106,"column":2}},"loc":{"start":{"line":82,"column":1},"end":{"line":106,"column":2}},"line":82},"7":{"name":"directionAttack","decl":{"start":{"line":108,"column":1},"end":{"line":132,"column":2}},"loc":{"start":{"line":108,"column":1},"end":{"line":132,"column":2}},"line":108},"8":{"name":"attack","decl":{"start":{"line":134,"column":1},"end":{"line":145,"column":2}},"loc":{"start":{"line":134,"column":1},"end":{"line":145,"column":2}},"line":134}},"f":{"0":7,"1":75,"2":75,"3":75,"4":485,"5":348,"6":78,"7":73,"8":485}}
,"E:\\odins\\battleship\\src\\game-modules\\boardPlugins\\placeShipsRandomly\\index.js": {"path":"E:\\odins\\battleship\\src\\game-modules\\boardPlugins\\placeShipsRandomly\\index.js","all":false,"statementMap":{"0":{"start":{"line":1,"column":0},"end":{"line":1,"column":43}},"1":{"start":{"line":2,"column":0},"end":{"line":2,"column":39}},"2":{"start":{"line":3,"column":0},"end":{"line":3,"column":35}},"3":{"start":{"line":4,"column":0},"end":{"line":4,"column":0}},"4":{"start":{"line":5,"column":0},"end":{"line":5,"column":78}},"5":{"start":{"line":6,"column":0},"end":{"line":6,"column":60}},"6":{"start":{"line":7,"column":0},"end":{"line":7,"column":0}},"7":{"start":{"line":8,"column":0},"end":{"line":8,"column":88}},"8":{"start":{"line":9,"column":0},"end":{"line":9,"column":1}},"9":{"start":{"line":10,"column":0},"end":{"line":10,"column":0}},"10":{"start":{"line":11,"column":0},"end":{"line":11,"column":52}},"11":{"start":{"line":12,"column":0},"end":{"line":12,"column":17}},"12":{"start":{"line":13,"column":0},"end":{"line":13,"column":34}},"13":{"start":{"line":14,"column":0},"end":{"line":14,"column":40}},"14":{"start":{"line":15,"column":0},"end":{"line":15,"column":12}},"15":{"start":{"line":16,"column":0},"end":{"line":16,"column":1}},"16":{"start":{"line":17,"column":0},"end":{"line":17,"column":0}},"17":{"start":{"line":18,"column":0},"end":{"line":18,"column":28}},"18":{"start":{"line":19,"column":0},"end":{"line":19,"column":5}},"19":{"start":{"line":20,"column":0},"end":{"line":20,"column":14}},"20":{"start":{"line":21,"column":0},"end":{"line":21,"column":18}},"21":{"start":{"line":22,"column":0},"end":{"line":22,"column":7}},"22":{"start":{"line":23,"column":0},"end":{"line":23,"column":7}},"23":{"start":{"line":24,"column":0},"end":{"line":24,"column":4}},"24":{"start":{"line":25,"column":0},"end":{"line":25,"column":45}},"25":{"start":{"line":26,"column":0},"end":{"line":26,"column":0}},"26":{"start":{"line":27,"column":0},"end":{"line":27,"column":84}},"27":{"start":{"line":28,"column":0},"end":{"line":28,"column":0}},"28":{"start":{"line":29,"column":0},"end":{"line":29,"column":38}},"29":{"start":{"line":30,"column":0},"end":{"line":30,"column":0}},"30":{"start":{"line":31,"column":0},"end":{"line":31,"column":36}},"31":{"start":{"line":32,"column":0},"end":{"line":32,"column":0}},"32":{"start":{"line":33,"column":0},"end":{"line":33,"column":51}},"33":{"start":{"line":34,"column":0},"end":{"line":34,"column":28}},"34":{"start":{"line":35,"column":0},"end":{"line":35,"column":78}},"35":{"start":{"line":36,"column":0},"end":{"line":36,"column":0}},"36":{"start":{"line":37,"column":0},"end":{"line":37,"column":47}},"37":{"start":{"line":38,"column":0},"end":{"line":38,"column":46}},"38":{"start":{"line":39,"column":0},"end":{"line":39,"column":52}},"39":{"start":{"line":40,"column":0},"end":{"line":40,"column":0}},"40":{"start":{"line":41,"column":0},"end":{"line":41,"column":30}},"41":{"start":{"line":42,"column":0},"end":{"line":42,"column":0}},"42":{"start":{"line":43,"column":0},"end":{"line":43,"column":26}},"43":{"start":{"line":44,"column":0},"end":{"line":44,"column":17}},"44":{"start":{"line":45,"column":0},"end":{"line":45,"column":17}},"45":{"start":{"line":46,"column":0},"end":{"line":46,"column":90}},"46":{"start":{"line":47,"column":0},"end":{"line":47,"column":10}},"47":{"start":{"line":48,"column":0},"end":{"line":48,"column":10}},"48":{"start":{"line":49,"column":0},"end":{"line":49,"column":18}},"49":{"start":{"line":50,"column":0},"end":{"line":50,"column":0}},"50":{"start":{"line":51,"column":0},"end":{"line":51,"column":32}},"51":{"start":{"line":52,"column":0},"end":{"line":52,"column":15}},"52":{"start":{"line":53,"column":0},"end":{"line":53,"column":4}},"53":{"start":{"line":54,"column":0},"end":{"line":54,"column":3}},"54":{"start":{"line":55,"column":0},"end":{"line":55,"column":30}},"55":{"start":{"line":56,"column":0},"end":{"line":56,"column":0}},"56":{"start":{"line":57,"column":0},"end":{"line":57,"column":11}},"57":{"start":{"line":58,"column":0},"end":{"line":58,"column":1}},"58":{"start":{"line":59,"column":0},"end":{"line":59,"column":0}},"59":{"start":{"line":60,"column":0},"end":{"line":60,"column":50}},"60":{"start":{"line":61,"column":0},"end":{"line":61,"column":49}},"61":{"start":{"line":62,"column":0},"end":{"line":62,"column":74}},"62":{"start":{"line":63,"column":0},"end":{"line":63,"column":61}},"63":{"start":{"line":64,"column":0},"end":{"line":64,"column":86}},"64":{"start":{"line":65,"column":0},"end":{"line":65,"column":0}},"65":{"start":{"line":66,"column":0},"end":{"line":66,"column":45}},"66":{"start":{"line":67,"column":0},"end":{"line":67,"column":9}},"67":{"start":{"line":68,"column":0},"end":{"line":68,"column":34}},"68":{"start":{"line":69,"column":0},"end":{"line":69,"column":19}},"69":{"start":{"line":70,"column":0},"end":{"line":70,"column":8}},"70":{"start":{"line":71,"column":0},"end":{"line":71,"column":19}},"71":{"start":{"line":72,"column":0},"end":{"line":72,"column":3}},"72":{"start":{"line":73,"column":0},"end":{"line":73,"column":0}},"73":{"start":{"line":74,"column":0},"end":{"line":74,"column":24}},"74":{"start":{"line":75,"column":0},"end":{"line":75,"column":1}},"75":{"start":{"line":76,"column":0},"end":{"line":76,"column":0}},"76":{"start":{"line":77,"column":0},"end":{"line":77,"column":33}}},"s":{"0":1,"1":1,"2":1,"3":1,"4":18006,"5":18006,"6":18006,"7":18006,"8":18006,"9":1,"10":18006,"11":18006,"12":18006,"13":18006,"14":18006,"15":18006,"16":1,"17":19806,"18":19806,"19":19806,"20":19806,"21":19806,"22":19806,"23":19806,"24":19806,"25":18006,"26":18006,"27":18006,"28":19806,"29":18006,"30":18006,"31":18006,"32":18006,"33":21662,"34":21662,"35":21662,"36":21662,"37":28337,"38":28337,"39":18006,"40":18006,"41":18006,"42":28337,"43":28337,"44":28337,"45":28337,"46":28337,"47":28337,"48":28337,"49":6,"50":6,"51":6,"52":6,"53":21662,"54":19806,"55":18006,"56":18006,"57":18006,"58":1,"59":1800,"60":1800,"61":1800,"62":1800,"63":1800,"64":1800,"65":1800,"66":1800,"67":1800,"68":1800,"69":1800,"70":1800,"71":1800,"72":1800,"73":1800,"74":1800,"75":1,"76":1},"branchMap":{"0":{"type":"branch","line":5,"loc":{"start":{"line":5,"column":0},"end":{"line":9,"column":1}},"locations":[{"start":{"line":5,"column":0},"end":{"line":9,"column":1}}]},"1":{"type":"branch","line":8,"loc":{"start":{"line":8,"column":32},"end":{"line":8,"column":42}},"locations":[{"start":{"line":8,"column":32},"end":{"line":8,"column":42}}]},"2":{"type":"branch","line":11,"loc":{"start":{"line":11,"column":0},"end":{"line":16,"column":1}},"locations":[{"start":{"line":11,"column":0},"end":{"line":16,"column":1}}]},"3":{"type":"branch","line":14,"loc":{"start":{"line":14,"column":7},"end":{"line":14,"column":15}},"locations":[{"start":{"line":14,"column":7},"end":{"line":14,"column":15}}]},"4":{"type":"branch","line":18,"loc":{"start":{"line":18,"column":0},"end":{"line":58,"column":1}},"locations":[{"start":{"line":18,"column":0},"end":{"line":58,"column":1}}]},"5":{"type":"branch","line":25,"loc":{"start":{"line":25,"column":34},"end":{"line":25,"column":41}},"locations":[{"start":{"line":25,"column":34},"end":{"line":25,"column":41}}]},"6":{"type":"branch","line":25,"loc":{"start":{"line":25,"column":34},"end":{"line":29,"column":5}},"locations":[{"start":{"line":25,"column":34},"end":{"line":29,"column":5}}]},"7":{"type":"branch","line":29,"loc":{"start":{"line":29,"column":26},"end":{"line":29,"column":33}},"locations":[{"start":{"line":29,"column":26},"end":{"line":29,"column":33}}]},"8":{"type":"branch","line":29,"loc":{"start":{"line":29,"column":26},"end":{"line":55,"column":5}},"locations":[{"start":{"line":29,"column":26},"end":{"line":55,"column":5}}]},"9":{"type":"branch","line":55,"loc":{"start":{"line":55,"column":11},"end":{"line":55,"column":16}},"locations":[{"start":{"line":55,"column":11},"end":{"line":55,"column":16}}]},"10":{"type":"branch","line":55,"loc":{"start":{"line":55,"column":11},"end":{"line":58,"column":1}},"locations":[{"start":{"line":55,"column":11},"end":{"line":58,"column":1}}]},"11":{"type":"branch","line":33,"loc":{"start":{"line":33,"column":35},"end":{"line":54,"column":3}},"locations":[{"start":{"line":33,"column":35},"end":{"line":54,"column":3}}]},"12":{"type":"branch","line":37,"loc":{"start":{"line":37,"column":33},"end":{"line":53,"column":4}},"locations":[{"start":{"line":37,"column":33},"end":{"line":53,"column":4}}]},"13":{"type":"branch","line":39,"loc":{"start":{"line":39,"column":40},"end":{"line":39,"column":47}},"locations":[{"start":{"line":39,"column":40},"end":{"line":39,"column":47}}]},"14":{"type":"branch","line":39,"loc":{"start":{"line":39,"column":40},"end":{"line":43,"column":7}},"locations":[{"start":{"line":39,"column":40},"end":{"line":43,"column":7}}]},"15":{"type":"branch","line":49,"loc":{"start":{"line":49,"column":7},"end":{"line":49,"column":14}},"locations":[{"start":{"line":49,"column":7},"end":{"line":49,"column":14}}]},"16":{"type":"branch","line":49,"loc":{"start":{"line":49,"column":7},"end":{"line":53,"column":4}},"locations":[{"start":{"line":49,"column":7},"end":{"line":53,"column":4}}]},"17":{"type":"branch","line":60,"loc":{"start":{"line":60,"column":0},"end":{"line":75,"column":1}},"locations":[{"start":{"line":60,"column":0},"end":{"line":75,"column":1}}]}},"b":{"0":[18006],"1":[1062253],"2":[18006],"3":[81054],"4":[19806],"5":[1800],"6":[18006],"7":[0],"8":[18006],"9":[6],"10":[18006],"11":[21662],"12":[28337],"13":[10331],"14":[18006],"15":[18000],"16":[6],"17":[1800]},"fnMap":{"0":{"name":"excludeShipCoordsFromAllowedPositions","decl":{"start":{"line":5,"column":0},"end":{"line":9,"column":1}},"loc":{"start":{"line":5,"column":0},"end":{"line":9,"column":1}},"line":5},"1":{"name":"getShipsPlacementCanonicalForm","decl":{"start":{"line":11,"column":0},"end":{"line":16,"column":1}},"loc":{"start":{"line":11,"column":0},"end":{"line":16,"column":1}},"line":11},"2":{"name":"recursePlaceShips","decl":{"start":{"line":18,"column":0},"end":{"line":58,"column":1}},"loc":{"start":{"line":18,"column":0},"end":{"line":58,"column":1}},"line":18},"3":{"name":"placeShipsRandomly","decl":{"start":{"line":60,"column":0},"end":{"line":75,"column":1}},"loc":{"start":{"line":60,"column":0},"end":{"line":75,"column":1}},"line":60}},"f":{"0":18006,"1":18006,"2":19806,"3":1800}}
,"E:\\odins\\battleship\\src\\game-modules\\boardPlugins\\restrictBoardToFixedShipsLengths\\index.js": {"path":"E:\\odins\\battleship\\src\\game-modules\\boardPlugins\\restrictBoardToFixedShipsLengths\\index.js","all":false,"statementMap":{"0":{"start":{"line":1,"column":0},"end":{"line":1,"column":39}},"1":{"start":{"line":2,"column":0},"end":{"line":2,"column":37}},"2":{"start":{"line":3,"column":0},"end":{"line":3,"column":0}},"3":{"start":{"line":4,"column":0},"end":{"line":4,"column":64}},"4":{"start":{"line":5,"column":0},"end":{"line":5,"column":45}},"5":{"start":{"line":6,"column":0},"end":{"line":6,"column":72}},"6":{"start":{"line":7,"column":0},"end":{"line":7,"column":56}},"7":{"start":{"line":8,"column":0},"end":{"line":8,"column":0}},"8":{"start":{"line":9,"column":0},"end":{"line":9,"column":30}},"9":{"start":{"line":10,"column":0},"end":{"line":10,"column":32}},"10":{"start":{"line":11,"column":0},"end":{"line":11,"column":2}},"11":{"start":{"line":12,"column":0},"end":{"line":12,"column":0}},"12":{"start":{"line":13,"column":0},"end":{"line":13,"column":32}},"13":{"start":{"line":14,"column":0},"end":{"line":14,"column":67}},"14":{"start":{"line":15,"column":0},"end":{"line":15,"column":2}},"15":{"start":{"line":16,"column":0},"end":{"line":16,"column":0}},"16":{"start":{"line":17,"column":0},"end":{"line":17,"column":27}},"17":{"start":{"line":18,"column":0},"end":{"line":18,"column":35}},"18":{"start":{"line":19,"column":0},"end":{"line":19,"column":2}},"19":{"start":{"line":20,"column":0},"end":{"line":20,"column":0}},"20":{"start":{"line":21,"column":0},"end":{"line":21,"column":28}},"21":{"start":{"line":22,"column":0},"end":{"line":22,"column":52}},"22":{"start":{"line":23,"column":0},"end":{"line":23,"column":58}},"23":{"start":{"line":24,"column":0},"end":{"line":24,"column":2}},"24":{"start":{"line":25,"column":0},"end":{"line":25,"column":0}},"25":{"start":{"line":26,"column":0},"end":{"line":26,"column":30}},"26":{"start":{"line":27,"column":0},"end":{"line":27,"column":52}},"27":{"start":{"line":28,"column":0},"end":{"line":28,"column":58}},"28":{"start":{"line":29,"column":0},"end":{"line":29,"column":2}},"29":{"start":{"line":30,"column":0},"end":{"line":30,"column":0}},"30":{"start":{"line":31,"column":0},"end":{"line":31,"column":38}},"31":{"start":{"line":32,"column":0},"end":{"line":32,"column":48}},"32":{"start":{"line":33,"column":0},"end":{"line":33,"column":2}},"33":{"start":{"line":34,"column":0},"end":{"line":34,"column":0}},"34":{"start":{"line":35,"column":0},"end":{"line":35,"column":27}},"35":{"start":{"line":36,"column":0},"end":{"line":36,"column":42}},"36":{"start":{"line":37,"column":0},"end":{"line":37,"column":0}},"37":{"start":{"line":38,"column":0},"end":{"line":38,"column":28}},"38":{"start":{"line":39,"column":0},"end":{"line":39,"column":38}},"39":{"start":{"line":40,"column":0},"end":{"line":40,"column":100}},"40":{"start":{"line":41,"column":0},"end":{"line":41,"column":3}},"41":{"start":{"line":42,"column":0},"end":{"line":42,"column":0}},"42":{"start":{"line":43,"column":0},"end":{"line":43,"column":30}},"43":{"start":{"line":44,"column":0},"end":{"line":44,"column":38}},"44":{"start":{"line":45,"column":0},"end":{"line":45,"column":113}},"45":{"start":{"line":46,"column":0},"end":{"line":46,"column":3}},"46":{"start":{"line":47,"column":0},"end":{"line":47,"column":0}},"47":{"start":{"line":48,"column":0},"end":{"line":48,"column":23}},"48":{"start":{"line":49,"column":0},"end":{"line":49,"column":18}},"49":{"start":{"line":50,"column":0},"end":{"line":50,"column":2}},"50":{"start":{"line":51,"column":0},"end":{"line":51,"column":0}},"51":{"start":{"line":52,"column":0},"end":{"line":52,"column":29}},"52":{"start":{"line":53,"column":0},"end":{"line":53,"column":42}},"53":{"start":{"line":54,"column":0},"end":{"line":54,"column":0}},"54":{"start":{"line":55,"column":0},"end":{"line":55,"column":28}},"55":{"start":{"line":56,"column":0},"end":{"line":56,"column":38}},"56":{"start":{"line":57,"column":0},"end":{"line":57,"column":102}},"57":{"start":{"line":58,"column":0},"end":{"line":58,"column":3}},"58":{"start":{"line":59,"column":0},"end":{"line":59,"column":0}},"59":{"start":{"line":60,"column":0},"end":{"line":60,"column":25}},"60":{"start":{"line":61,"column":0},"end":{"line":61,"column":80}},"61":{"start":{"line":62,"column":0},"end":{"line":62,"column":3}},"62":{"start":{"line":63,"column":0},"end":{"line":63,"column":0}},"63":{"start":{"line":64,"column":0},"end":{"line":64,"column":25}},"64":{"start":{"line":65,"column":0},"end":{"line":65,"column":20}},"65":{"start":{"line":66,"column":0},"end":{"line":66,"column":2}},"66":{"start":{"line":67,"column":0},"end":{"line":67,"column":0}},"67":{"start":{"line":68,"column":0},"end":{"line":68,"column":29}},"68":{"start":{"line":69,"column":0},"end":{"line":69,"column":25}},"69":{"start":{"line":70,"column":0},"end":{"line":70,"column":73}},"70":{"start":{"line":71,"column":0},"end":{"line":71,"column":2}},"71":{"start":{"line":72,"column":0},"end":{"line":72,"column":0}},"72":{"start":{"line":73,"column":0},"end":{"line":73,"column":30}},"73":{"start":{"line":74,"column":0},"end":{"line":74,"column":42}},"74":{"start":{"line":75,"column":0},"end":{"line":75,"column":0}},"75":{"start":{"line":76,"column":0},"end":{"line":76,"column":57}},"76":{"start":{"line":77,"column":0},"end":{"line":77,"column":2}},"77":{"start":{"line":78,"column":0},"end":{"line":78,"column":0}},"78":{"start":{"line":79,"column":0},"end":{"line":79,"column":9}},"79":{"start":{"line":80,"column":0},"end":{"line":80,"column":11}},"80":{"start":{"line":81,"column":0},"end":{"line":81,"column":15}},"81":{"start":{"line":82,"column":0},"end":{"line":82,"column":12}},"82":{"start":{"line":83,"column":0},"end":{"line":83,"column":14}},"83":{"start":{"line":84,"column":0},"end":{"line":84,"column":18}},"84":{"start":{"line":85,"column":0},"end":{"line":85,"column":27}},"85":{"start":{"line":86,"column":0},"end":{"line":86,"column":2}},"86":{"start":{"line":87,"column":0},"end":{"line":87,"column":1}},"87":{"start":{"line":88,"column":0},"end":{"line":88,"column":0}},"88":{"start":{"line":89,"column":0},"end":{"line":89,"column":47}}},"s":{"0":1,"1":1,"2":1,"3":29,"4":29,"5":29,"6":29,"7":29,"8":29,"9":151,"10":151,"11":29,"12":29,"13":118,"14":118,"15":29,"16":29,"17":42,"18":42,"19":29,"20":29,"21":89,"22":89,"23":89,"24":29,"25":29,"26":32,"27":32,"28":32,"29":29,"30":29,"31":21,"32":21,"33":29,"34":29,"35":106,"36":106,"37":106,"38":3,"39":3,"40":3,"41":106,"42":106,"43":10,"44":10,"45":10,"46":106,"47":106,"48":106,"49":106,"50":29,"51":29,"52":45,"53":45,"54":45,"55":3,"56":3,"57":3,"58":45,"59":45,"60":18,"61":18,"62":24,"63":24,"64":24,"65":24,"66":29,"67":29,"68":7,"69":7,"70":7,"71":29,"72":29,"73":15,"74":15,"75":15,"76":15,"77":29,"78":29,"79":29,"80":29,"81":29,"82":29,"83":29,"84":29,"85":29,"86":29,"87":1,"88":1},"branchMap":{"0":{"type":"branch","line":4,"loc":{"start":{"line":4,"column":0},"end":{"line":87,"column":1}},"locations":[{"start":{"line":4,"column":0},"end":{"line":87,"column":1}}]},"1":{"type":"branch","line":6,"loc":{"start":{"line":6,"column":55},"end":{"line":6,"column":62}},"locations":[{"start":{"line":6,"column":55},"end":{"line":6,"column":62}}]},"2":{"type":"branch","line":9,"loc":{"start":{"line":9,"column":1},"end":{"line":11,"column":2}},"locations":[{"start":{"line":9,"column":1},"end":{"line":11,"column":2}}]},"3":{"type":"branch","line":13,"loc":{"start":{"line":13,"column":1},"end":{"line":15,"column":2}},"locations":[{"start":{"line":13,"column":1},"end":{"line":15,"column":2}}]},"4":{"type":"branch","line":14,"loc":{"start":{"line":14,"column":9},"end":{"line":14,"column":67}},"locations":[{"start":{"line":14,"column":9},"end":{"line":14,"column":67}}]},"5":{"type":"branch","line":17,"loc":{"start":{"line":17,"column":1},"end":{"line":19,"column":2}},"locations":[{"start":{"line":17,"column":1},"end":{"line":19,"column":2}}]},"6":{"type":"branch","line":21,"loc":{"start":{"line":21,"column":1},"end":{"line":24,"column":2}},"locations":[{"start":{"line":21,"column":1},"end":{"line":24,"column":2}}]},"7":{"type":"branch","line":26,"loc":{"start":{"line":26,"column":1},"end":{"line":29,"column":2}},"locations":[{"start":{"line":26,"column":1},"end":{"line":29,"column":2}}]},"8":{"type":"branch","line":31,"loc":{"start":{"line":31,"column":1},"end":{"line":33,"column":2}},"locations":[{"start":{"line":31,"column":1},"end":{"line":33,"column":2}}]},"9":{"type":"branch","line":35,"loc":{"start":{"line":35,"column":1},"end":{"line":50,"column":2}},"locations":[{"start":{"line":35,"column":1},"end":{"line":50,"column":2}}]},"10":{"type":"branch","line":38,"loc":{"start":{"line":38,"column":27},"end":{"line":41,"column":3}},"locations":[{"start":{"line":38,"column":27},"end":{"line":41,"column":3}}]},"11":{"type":"branch","line":43,"loc":{"start":{"line":43,"column":29},"end":{"line":46,"column":3}},"locations":[{"start":{"line":43,"column":29},"end":{"line":46,"column":3}}]},"12":{"type":"branch","line":52,"loc":{"start":{"line":52,"column":1},"end":{"line":66,"column":2}},"locations":[{"start":{"line":52,"column":1},"end":{"line":66,"column":2}}]},"13":{"type":"branch","line":55,"loc":{"start":{"line":55,"column":27},"end":{"line":58,"column":3}},"locations":[{"start":{"line":55,"column":27},"end":{"line":58,"column":3}}]},"14":{"type":"branch","line":60,"loc":{"start":{"line":60,"column":24},"end":{"line":62,"column":3}},"locations":[{"start":{"line":60,"column":24},"end":{"line":62,"column":3}}]},"15":{"type":"branch","line":63,"loc":{"start":{"line":63,"column":-1},"end":{"line":66,"column":2}},"locations":[{"start":{"line":63,"column":-1},"end":{"line":66,"column":2}}]},"16":{"type":"branch","line":68,"loc":{"start":{"line":68,"column":1},"end":{"line":71,"column":2}},"locations":[{"start":{"line":68,"column":1},"end":{"line":71,"column":2}}]},"17":{"type":"branch","line":70,"loc":{"start":{"line":70,"column":47},"end":{"line":70,"column":54}},"locations":[{"start":{"line":70,"column":47},"end":{"line":70,"column":54}}]},"18":{"type":"branch","line":73,"loc":{"start":{"line":73,"column":1},"end":{"line":77,"column":2}},"locations":[{"start":{"line":73,"column":1},"end":{"line":77,"column":2}}]},"19":{"type":"branch","line":76,"loc":{"start":{"line":76,"column":9},"end":{"line":76,"column":38}},"locations":[{"start":{"line":76,"column":9},"end":{"line":76,"column":38}}]}},"b":{"0":[29],"1":[103],"2":[151],"3":[118],"4":[112],"5":[42],"6":[89],"7":[32],"8":[21],"9":[106],"10":[3],"11":[10],"12":[45],"13":[3],"14":[18],"15":[24],"16":[7],"17":[12],"18":[15],"19":[3]},"fnMap":{"0":{"name":"restrictBoardToFixedShipsLengths","decl":{"start":{"line":4,"column":0},"end":{"line":87,"column":1}},"loc":{"start":{"line":4,"column":0},"end":{"line":87,"column":1}},"line":4},"1":{"name":"lengthAllowed","decl":{"start":{"line":9,"column":1},"end":{"line":11,"column":2}},"loc":{"start":{"line":9,"column":1},"end":{"line":11,"column":2}},"line":9},"2":{"name":"lengthAvailable","decl":{"start":{"line":13,"column":1},"end":{"line":15,"column":2}},"loc":{"start":{"line":13,"column":1},"end":{"line":15,"column":2}},"line":13},"3":{"name":"shipPlaced","decl":{"start":{"line":17,"column":1},"end":{"line":19,"column":2}},"loc":{"start":{"line":17,"column":1},"end":{"line":19,"column":2}},"line":17},"4":{"name":"placeLength","decl":{"start":{"line":21,"column":1},"end":{"line":24,"column":2}},"loc":{"start":{"line":21,"column":1},"end":{"line":24,"column":2}},"line":21},"5":{"name":"unplaceLength","decl":{"start":{"line":26,"column":1},"end":{"line":29,"column":2}},"loc":{"start":{"line":26,"column":1},"end":{"line":29,"column":2}},"line":26},"6":{"name":"getAvailableShipsLengths","decl":{"start":{"line":31,"column":1},"end":{"line":33,"column":2}},"loc":{"start":{"line":31,"column":1},"end":{"line":33,"column":2}},"line":31},"7":{"name":"placeShip","decl":{"start":{"line":35,"column":1},"end":{"line":50,"column":2}},"loc":{"start":{"line":35,"column":1},"end":{"line":50,"column":2}},"line":35},"8":{"name":"unplaceShip","decl":{"start":{"line":52,"column":1},"end":{"line":66,"column":2}},"loc":{"start":{"line":52,"column":1},"end":{"line":66,"column":2}},"line":52},"9":{"name":"unplaceAllShips","decl":{"start":{"line":68,"column":1},"end":{"line":71,"column":2}},"loc":{"start":{"line":68,"column":1},"end":{"line":71,"column":2}},"line":68},"10":{"name":"canPlaceShip","decl":{"start":{"line":73,"column":1},"end":{"line":77,"column":2}},"loc":{"start":{"line":73,"column":1},"end":{"line":77,"column":2}},"line":73}},"f":{"0":29,"1":151,"2":118,"3":42,"4":89,"5":32,"6":21,"7":106,"8":45,"9":7,"10":15}}
,"E:\\odins\\battleship\\src\\game-modules\\coordsUtils\\index.js": {"path":"E:\\odins\\battleship\\src\\game-modules\\coordsUtils\\index.js","all":false,"statementMap":{"0":{"start":{"line":1,"column":0},"end":{"line":1,"column":38}},"1":{"start":{"line":2,"column":0},"end":{"line":2,"column":24}},"2":{"start":{"line":3,"column":0},"end":{"line":3,"column":1}},"3":{"start":{"line":4,"column":0},"end":{"line":4,"column":0}},"4":{"start":{"line":5,"column":0},"end":{"line":5,"column":43}},"5":{"start":{"line":6,"column":0},"end":{"line":6,"column":52}},"6":{"start":{"line":7,"column":0},"end":{"line":7,"column":1}},"7":{"start":{"line":8,"column":0},"end":{"line":8,"column":0}},"8":{"start":{"line":9,"column":0},"end":{"line":9,"column":36}},"9":{"start":{"line":10,"column":0},"end":{"line":10,"column":48}},"10":{"start":{"line":11,"column":0},"end":{"line":11,"column":37}},"11":{"start":{"line":12,"column":0},"end":{"line":12,"column":51}},"12":{"start":{"line":13,"column":0},"end":{"line":13,"column":1}},"13":{"start":{"line":14,"column":0},"end":{"line":14,"column":0}},"14":{"start":{"line":15,"column":0},"end":{"line":15,"column":27}},"15":{"start":{"line":16,"column":0},"end":{"line":16,"column":37}},"16":{"start":{"line":17,"column":0},"end":{"line":17,"column":1}},"17":{"start":{"line":18,"column":0},"end":{"line":18,"column":0}},"18":{"start":{"line":19,"column":0},"end":{"line":19,"column":28}},"19":{"start":{"line":20,"column":0},"end":{"line":20,"column":98}},"20":{"start":{"line":21,"column":0},"end":{"line":21,"column":1}},"21":{"start":{"line":22,"column":0},"end":{"line":22,"column":0}},"22":{"start":{"line":23,"column":0},"end":{"line":23,"column":33}},"23":{"start":{"line":24,"column":0},"end":{"line":24,"column":40}},"24":{"start":{"line":25,"column":0},"end":{"line":25,"column":0}},"25":{"start":{"line":26,"column":0},"end":{"line":26,"column":38}},"26":{"start":{"line":27,"column":0},"end":{"line":27,"column":66}},"27":{"start":{"line":28,"column":0},"end":{"line":28,"column":33}},"28":{"start":{"line":29,"column":0},"end":{"line":29,"column":0}},"29":{"start":{"line":30,"column":0},"end":{"line":30,"column":40}},"30":{"start":{"line":31,"column":0},"end":{"line":31,"column":0}},"31":{"start":{"line":32,"column":0},"end":{"line":32,"column":40}},"32":{"start":{"line":33,"column":0},"end":{"line":33,"column":48}},"33":{"start":{"line":34,"column":0},"end":{"line":34,"column":59}},"34":{"start":{"line":35,"column":0},"end":{"line":35,"column":4}},"35":{"start":{"line":36,"column":0},"end":{"line":36,"column":0}},"36":{"start":{"line":37,"column":0},"end":{"line":37,"column":18}},"37":{"start":{"line":38,"column":0},"end":{"line":38,"column":17}},"38":{"start":{"line":39,"column":0},"end":{"line":39,"column":0}},"39":{"start":{"line":40,"column":0},"end":{"line":40,"column":36}},"40":{"start":{"line":41,"column":0},"end":{"line":41,"column":1}},"41":{"start":{"line":42,"column":0},"end":{"line":42,"column":0}},"42":{"start":{"line":43,"column":0},"end":{"line":43,"column":45}},"43":{"start":{"line":44,"column":0},"end":{"line":44,"column":79}},"44":{"start":{"line":45,"column":0},"end":{"line":45,"column":1}},"45":{"start":{"line":46,"column":0},"end":{"line":46,"column":0}},"46":{"start":{"line":47,"column":0},"end":{"line":47,"column":31}},"47":{"start":{"line":48,"column":0},"end":{"line":48,"column":22}},"48":{"start":{"line":49,"column":0},"end":{"line":49,"column":9}},"49":{"start":{"line":50,"column":0},"end":{"line":50,"column":13}},"50":{"start":{"line":51,"column":0},"end":{"line":51,"column":13}},"51":{"start":{"line":52,"column":0},"end":{"line":52,"column":13}},"52":{"start":{"line":53,"column":0},"end":{"line":53,"column":13}},"53":{"start":{"line":54,"column":0},"end":{"line":54,"column":2}},"54":{"start":{"line":55,"column":0},"end":{"line":55,"column":1}},"55":{"start":{"line":56,"column":0},"end":{"line":56,"column":0}},"56":{"start":{"line":57,"column":0},"end":{"line":57,"column":57}},"57":{"start":{"line":58,"column":0},"end":{"line":58,"column":75}},"58":{"start":{"line":59,"column":0},"end":{"line":59,"column":1}},"59":{"start":{"line":60,"column":0},"end":{"line":60,"column":0}},"60":{"start":{"line":61,"column":0},"end":{"line":61,"column":41}},"61":{"start":{"line":62,"column":0},"end":{"line":62,"column":89}},"62":{"start":{"line":63,"column":0},"end":{"line":63,"column":1}},"63":{"start":{"line":64,"column":0},"end":{"line":64,"column":0}},"64":{"start":{"line":65,"column":0},"end":{"line":65,"column":31}},"65":{"start":{"line":66,"column":0},"end":{"line":66,"column":22}},"66":{"start":{"line":67,"column":0},"end":{"line":67,"column":9}},"67":{"start":{"line":68,"column":0},"end":{"line":68,"column":13}},"68":{"start":{"line":69,"column":0},"end":{"line":69,"column":17}},"69":{"start":{"line":70,"column":0},"end":{"line":70,"column":13}},"70":{"start":{"line":71,"column":0},"end":{"line":71,"column":17}},"71":{"start":{"line":72,"column":0},"end":{"line":72,"column":13}},"72":{"start":{"line":73,"column":0},"end":{"line":73,"column":17}},"73":{"start":{"line":74,"column":0},"end":{"line":74,"column":13}},"74":{"start":{"line":75,"column":0},"end":{"line":75,"column":17}},"75":{"start":{"line":76,"column":0},"end":{"line":76,"column":2}},"76":{"start":{"line":77,"column":0},"end":{"line":77,"column":1}},"77":{"start":{"line":78,"column":0},"end":{"line":78,"column":0}},"78":{"start":{"line":79,"column":0},"end":{"line":79,"column":38}},"79":{"start":{"line":80,"column":0},"end":{"line":80,"column":22}},"80":{"start":{"line":81,"column":0},"end":{"line":81,"column":9}},"81":{"start":{"line":82,"column":0},"end":{"line":82,"column":17}},"82":{"start":{"line":83,"column":0},"end":{"line":83,"column":17}},"83":{"start":{"line":84,"column":0},"end":{"line":84,"column":17}},"84":{"start":{"line":85,"column":0},"end":{"line":85,"column":17}},"85":{"start":{"line":86,"column":0},"end":{"line":86,"column":2}},"86":{"start":{"line":87,"column":0},"end":{"line":87,"column":1}},"87":{"start":{"line":88,"column":0},"end":{"line":88,"column":0}},"88":{"start":{"line":89,"column":0},"end":{"line":89,"column":64}},"89":{"start":{"line":90,"column":0},"end":{"line":90,"column":78}},"90":{"start":{"line":91,"column":0},"end":{"line":91,"column":1}},"91":{"start":{"line":92,"column":0},"end":{"line":92,"column":0}},"92":{"start":{"line":93,"column":0},"end":{"line":93,"column":26}},"93":{"start":{"line":94,"column":0},"end":{"line":94,"column":43}},"94":{"start":{"line":95,"column":0},"end":{"line":95,"column":18}},"95":{"start":{"line":96,"column":0},"end":{"line":96,"column":28}},"96":{"start":{"line":97,"column":0},"end":{"line":97,"column":14}},"97":{"start":{"line":98,"column":0},"end":{"line":98,"column":14}},"98":{"start":{"line":99,"column":0},"end":{"line":99,"column":13}},"99":{"start":{"line":100,"column":0},"end":{"line":100,"column":12}},"100":{"start":{"line":101,"column":0},"end":{"line":101,"column":1}},"101":{"start":{"line":102,"column":0},"end":{"line":102,"column":0}},"102":{"start":{"line":103,"column":0},"end":{"line":103,"column":42}},"103":{"start":{"line":104,"column":0},"end":{"line":104,"column":15}},"104":{"start":{"line":105,"column":0},"end":{"line":105,"column":46}},"105":{"start":{"line":106,"column":0},"end":{"line":106,"column":47}},"106":{"start":{"line":107,"column":0},"end":{"line":107,"column":19}},"107":{"start":{"line":108,"column":0},"end":{"line":108,"column":3}},"108":{"start":{"line":109,"column":0},"end":{"line":109,"column":2}},"109":{"start":{"line":110,"column":0},"end":{"line":110,"column":11}},"110":{"start":{"line":111,"column":0},"end":{"line":111,"column":1}},"111":{"start":{"line":112,"column":0},"end":{"line":112,"column":0}},"112":{"start":{"line":113,"column":0},"end":{"line":113,"column":24}},"113":{"start":{"line":114,"column":0},"end":{"line":114,"column":19}},"114":{"start":{"line":115,"column":0},"end":{"line":115,"column":1}},"115":{"start":{"line":116,"column":0},"end":{"line":116,"column":0}},"116":{"start":{"line":117,"column":0},"end":{"line":117,"column":16}},"117":{"start":{"line":118,"column":0},"end":{"line":118,"column":10}},"118":{"start":{"line":119,"column":0},"end":{"line":119,"column":12}},"119":{"start":{"line":120,"column":0},"end":{"line":120,"column":9}},"120":{"start":{"line":121,"column":0},"end":{"line":121,"column":6}},"121":{"start":{"line":122,"column":0},"end":{"line":122,"column":7}},"122":{"start":{"line":123,"column":0},"end":{"line":123,"column":12}},"123":{"start":{"line":124,"column":0},"end":{"line":124,"column":12}},"124":{"start":{"line":125,"column":0},"end":{"line":125,"column":14}},"125":{"start":{"line":126,"column":0},"end":{"line":126,"column":24}},"126":{"start":{"line":127,"column":0},"end":{"line":127,"column":14}},"127":{"start":{"line":128,"column":0},"end":{"line":128,"column":14}},"128":{"start":{"line":129,"column":0},"end":{"line":129,"column":21}},"129":{"start":{"line":130,"column":0},"end":{"line":130,"column":31}},"130":{"start":{"line":131,"column":0},"end":{"line":131,"column":5}},"131":{"start":{"line":132,"column":0},"end":{"line":132,"column":17}},"132":{"start":{"line":133,"column":0},"end":{"line":133,"column":7}},"133":{"start":{"line":134,"column":0},"end":{"line":134,"column":1}}},"s":{"0":7733,"1":7733,"2":7733,"3":1,"4":96,"5":96,"6":96,"7":1,"8":187958,"9":187958,"10":187958,"11":187958,"12":187958,"13":1,"14":77,"15":77,"16":77,"17":1,"18":265,"19":265,"20":265,"21":1,"22":42874,"23":42874,"24":42872,"25":42872,"26":42872,"27":85756,"28":42884,"29":42884,"30":42884,"31":42884,"32":85768,"33":85768,"34":85768,"35":42884,"36":42884,"37":42872,"38":42872,"39":42872,"40":42872,"41":1,"42":101474,"43":101474,"44":101474,"45":1,"46":82,"47":82,"48":82,"49":82,"50":82,"51":82,"52":82,"53":82,"54":82,"55":1,"56":56,"57":56,"58":56,"59":1,"60":9,"61":9,"62":9,"63":1,"64":1,"65":1,"66":1,"67":1,"68":1,"69":1,"70":1,"71":1,"72":1,"73":1,"74":1,"75":1,"76":1,"77":1,"78":305,"79":305,"80":305,"81":305,"82":305,"83":305,"84":305,"85":305,"86":305,"87":1,"88":303,"89":303,"90":303,"91":1,"92":75,"93":75,"94":74,"95":74,"96":152,"97":152,"98":152,"99":74,"100":74,"101":1,"102":1824,"103":1824,"104":1824,"105":18166,"106":181428,"107":181428,"108":18166,"109":1824,"110":1824,"111":1,"112":197346,"113":197346,"114":197346,"115":1,"116":1,"117":1,"118":1,"119":1,"120":1,"121":1,"122":1,"123":1,"124":1,"125":1,"126":1,"127":1,"128":1,"129":1,"130":1,"131":1,"132":1,"133":1},"branchMap":{"0":{"type":"branch","line":1,"loc":{"start":{"line":1,"column":0},"end":{"line":3,"column":1}},"locations":[{"start":{"line":1,"column":0},"end":{"line":3,"column":1}}]},"1":{"type":"branch","line":1,"loc":{"start":{"line":1,"column":37},"end":{"line":1,"column":38}},"locations":[{"start":{"line":1,"column":37},"end":{"line":1,"column":38}}]},"2":{"type":"branch","line":1,"loc":{"start":{"line":1,"column":37},"end":{"line":1,"column":38}},"locations":[{"start":{"line":1,"column":37},"end":{"line":1,"column":38}}]},"3":{"type":"branch","line":5,"loc":{"start":{"line":5,"column":0},"end":{"line":7,"column":1}},"locations":[{"start":{"line":5,"column":0},"end":{"line":7,"column":1}}]},"4":{"type":"branch","line":5,"loc":{"start":{"line":5,"column":42},"end":{"line":5,"column":43}},"locations":[{"start":{"line":5,"column":42},"end":{"line":5,"column":43}}]},"5":{"type":"branch","line":5,"loc":{"start":{"line":5,"column":42},"end":{"line":5,"column":43}},"locations":[{"start":{"line":5,"column":42},"end":{"line":5,"column":43}}]},"6":{"type":"branch","line":5,"loc":{"start":{"line":5,"column":42},"end":{"line":5,"column":41}},"locations":[{"start":{"line":5,"column":42},"end":{"line":5,"column":41}}]},"7":{"type":"branch","line":6,"loc":{"start":{"line":6,"column":33},"end":{"line":6,"column":40}},"locations":[{"start":{"line":6,"column":33},"end":{"line":6,"column":40}}]},"8":{"type":"branch","line":9,"loc":{"start":{"line":9,"column":0},"end":{"line":13,"column":1}},"locations":[{"start":{"line":9,"column":0},"end":{"line":13,"column":1}}]},"9":{"type":"branch","line":11,"loc":{"start":{"line":11,"column":5},"end":{"line":11,"column":29}},"locations":[{"start":{"line":11,"column":5},"end":{"line":11,"column":29}}]},"10":{"type":"branch","line":11,"loc":{"start":{"line":11,"column":29},"end":{"line":11,"column":36}},"locations":[{"start":{"line":11,"column":29},"end":{"line":11,"column":36}}]},"11":{"type":"branch","line":11,"loc":{"start":{"line":11,"column":29},"end":{"line":12,"column":10}},"locations":[{"start":{"line":11,"column":29},"end":{"line":12,"column":10}}]},"12":{"type":"branch","line":12,"loc":{"start":{"line":12,"column":8},"end":{"line":12,"column":44}},"locations":[{"start":{"line":12,"column":8},"end":{"line":12,"column":44}}]},"13":{"type":"branch","line":12,"loc":{"start":{"line":12,"column":20},"end":{"line":12,"column":44}},"locations":[{"start":{"line":12,"column":20},"end":{"line":12,"column":44}}]},"14":{"type":"branch","line":12,"loc":{"start":{"line":12,"column":8},"end":{"line":12,"column":49}},"locations":[{"start":{"line":12,"column":8},"end":{"line":12,"column":49}}]},"15":{"type":"branch","line":12,"loc":{"start":{"line":12,"column":8},"end":{"line":12,"column":51}},"locations":[{"start":{"line":12,"column":8},"end":{"line":12,"column":51}}]},"16":{"type":"branch","line":15,"loc":{"start":{"line":15,"column":0},"end":{"line":17,"column":1}},"locations":[{"start":{"line":15,"column":0},"end":{"line":17,"column":1}}]},"17":{"type":"branch","line":19,"loc":{"start":{"line":19,"column":0},"end":{"line":21,"column":1}},"locations":[{"start":{"line":19,"column":0},"end":{"line":21,"column":1}}]},"18":{"type":"branch","line":20,"loc":{"start":{"line":20,"column":25},"end":{"line":20,"column":26}},"locations":[{"start":{"line":20,"column":25},"end":{"line":20,"column":26}}]},"19":{"type":"branch","line":20,"loc":{"start":{"line":20,"column":42},"end":{"line":20,"column":98}},"locations":[{"start":{"line":20,"column":42},"end":{"line":20,"column":98}}]},"20":{"type":"branch","line":23,"loc":{"start":{"line":23,"column":0},"end":{"line":41,"column":1}},"locations":[{"start":{"line":23,"column":0},"end":{"line":41,"column":1}}]},"21":{"type":"branch","line":24,"loc":{"start":{"line":24,"column":29},"end":{"line":24,"column":36}},"locations":[{"start":{"line":24,"column":29},"end":{"line":24,"column":36}}]},"22":{"type":"branch","line":24,"loc":{"start":{"line":24,"column":1},"end":{"line":41,"column":1}},"locations":[{"start":{"line":24,"column":1},"end":{"line":41,"column":1}}]},"23":{"type":"branch","line":27,"loc":{"start":{"line":27,"column":37},"end":{"line":38,"column":4}},"locations":[{"start":{"line":27,"column":37},"end":{"line":38,"column":4}}]},"24":{"type":"branch","line":28,"loc":{"start":{"line":28,"column":17},"end":{"line":38,"column":4}},"locations":[{"start":{"line":28,"column":17},"end":{"line":38,"column":4}}]},"25":{"type":"branch","line":28,"loc":{"start":{"line":28,"column":17},"end":{"line":28,"column":24}},"locations":[{"start":{"line":28,"column":17},"end":{"line":28,"column":24}}]},"26":{"type":"branch","line":28,"loc":{"start":{"line":28,"column":17},"end":{"line":38,"column":4}},"locations":[{"start":{"line":28,"column":17},"end":{"line":38,"column":4}}]},"27":{"type":"branch","line":32,"loc":{"start":{"line":32,"column":17},"end":{"line":35,"column":4}},"locations":[{"start":{"line":32,"column":17},"end":{"line":35,"column":4}}]},"28":{"type":"branch","line":34,"loc":{"start":{"line":34,"column":3},"end":{"line":34,"column":12}},"locations":[{"start":{"line":34,"column":3},"end":{"line":34,"column":12}}]},"29":{"type":"branch","line":40,"loc":{"start":{"line":40,"column":23},"end":{"line":40,"column":31}},"locations":[{"start":{"line":40,"column":23},"end":{"line":40,"column":31}}]},"30":{"type":"branch","line":43,"loc":{"start":{"line":43,"column":0},"end":{"line":45,"column":1}},"locations":[{"start":{"line":43,"column":0},"end":{"line":45,"column":1}}]},"31":{"type":"branch","line":44,"loc":{"start":{"line":44,"column":21},"end":{"line":44,"column":22}},"locations":[{"start":{"line":44,"column":21},"end":{"line":44,"column":22}}]},"32":{"type":"branch","line":44,"loc":{"start":{"line":44,"column":37},"end":{"line":44,"column":74}},"locations":[{"start":{"line":44,"column":37},"end":{"line":44,"column":74}}]},"33":{"type":"branch","line":47,"loc":{"start":{"line":47,"column":0},"end":{"line":55,"column":1}},"locations":[{"start":{"line":47,"column":0},"end":{"line":55,"column":1}}]},"34":{"type":"branch","line":57,"loc":{"start":{"line":57,"column":0},"end":{"line":59,"column":1}},"locations":[{"start":{"line":57,"column":0},"end":{"line":59,"column":1}}]},"35":{"type":"branch","line":58,"loc":{"start":{"line":58,"column":36},"end":{"line":58,"column":43}},"locations":[{"start":{"line":58,"column":36},"end":{"line":58,"column":43}}]},"36":{"type":"branch","line":61,"loc":{"start":{"line":61,"column":0},"end":{"line":63,"column":1}},"locations":[{"start":{"line":61,"column":0},"end":{"line":63,"column":1}}]},"37":{"type":"branch","line":62,"loc":{"start":{"line":62,"column":34},"end":{"line":62,"column":44}},"locations":[{"start":{"line":62,"column":34},"end":{"line":62,"column":44}}]},"38":{"type":"branch","line":65,"loc":{"start":{"line":65,"column":0},"end":{"line":77,"column":1}},"locations":[{"start":{"line":65,"column":0},"end":{"line":77,"column":1}}]},"39":{"type":"branch","line":79,"loc":{"start":{"line":79,"column":0},"end":{"line":87,"column":1}},"locations":[{"start":{"line":79,"column":0},"end":{"line":87,"column":1}}]},"40":{"type":"branch","line":89,"loc":{"start":{"line":89,"column":0},"end":{"line":91,"column":1}},"locations":[{"start":{"line":89,"column":0},"end":{"line":91,"column":1}}]},"41":{"type":"branch","line":90,"loc":{"start":{"line":90,"column":43},"end":{"line":90,"column":48}},"locations":[{"start":{"line":90,"column":43},"end":{"line":90,"column":48}}]},"42":{"type":"branch","line":93,"loc":{"start":{"line":93,"column":0},"end":{"line":101,"column":1}},"locations":[{"start":{"line":93,"column":0},"end":{"line":101,"column":1}}]},"43":{"type":"branch","line":94,"loc":{"start":{"line":94,"column":30},"end":{"line":101,"column":1}},"locations":[{"start":{"line":94,"column":30},"end":{"line":101,"column":1}}]},"44":{"type":"branch","line":94,"loc":{"start":{"line":94,"column":30},"end":{"line":94,"column":37}},"locations":[{"start":{"line":94,"column":30},"end":{"line":94,"column":37}}]},"45":{"type":"branch","line":96,"loc":{"start":{"line":96,"column":10},"end":{"line":100,"column":5}},"locations":[{"start":{"line":96,"column":10},"end":{"line":100,"column":5}}]},"46":{"type":"branch","line":103,"loc":{"start":{"line":103,"column":0},"end":{"line":111,"column":1}},"locations":[{"start":{"line":103,"column":0},"end":{"line":111,"column":1}}]},"47":{"type":"branch","line":105,"loc":{"start":{"line":105,"column":45},"end":{"line":109,"column":2}},"locations":[{"start":{"line":105,"column":45},"end":{"line":109,"column":2}}]},"48":{"type":"branch","line":106,"loc":{"start":{"line":106,"column":46},"end":{"line":108,"column":3}},"locations":[{"start":{"line":106,"column":46},"end":{"line":108,"column":3}}]},"49":{"type":"branch","line":113,"loc":{"start":{"line":113,"column":0},"end":{"line":115,"column":1}},"locations":[{"start":{"line":113,"column":0},"end":{"line":115,"column":1}}]}},"b":{"0":[7733],"1":[0],"2":[0],"3":[96],"4":[2],"5":[2],"6":[94],"7":[192],"8":[187958],"9":[49083],"10":[15366],"11":[172592],"12":[89472],"13":[33717],"14":[108653],"15":[63939],"16":[77],"17":[265],"18":[1177],"19":[913],"20":[42874],"21":[2],"22":[42872],"23":[85756],"24":[42890],"25":[42872],"26":[42884],"27":[85768],"28":[85762],"29":[57036],"30":[101474],"31":[200175],"32":[199487],"33":[82],"34":[56],"35":[224],"36":[9],"37":[36],"38":[1],"39":[305],"40":[303],"41":[1212],"42":[75],"43":[74],"44":[1],"45":[152],"46":[1824],"47":[18166],"48":[181428],"49":[197346]},"fnMap":{"0":{"name":"toString","decl":{"start":{"line":1,"column":0},"end":{"line":3,"column":1}},"loc":{"start":{"line":1,"column":0},"end":{"line":3,"column":1}},"line":1},"1":{"name":"fromString","decl":{"start":{"line":5,"column":0},"end":{"line":7,"column":1}},"loc":{"start":{"line":5,"column":0},"end":{"line":7,"column":1}},"line":5},"2":{"name":"compare","decl":{"start":{"line":9,"column":0},"end":{"line":13,"column":1}},"loc":{"start":{"line":9,"column":0},"end":{"line":13,"column":1}},"line":9},"3":{"name":"sort","decl":{"start":{"line":15,"column":0},"end":{"line":17,"column":1}},"loc":{"start":{"line":15,"column":0},"end":{"line":17,"column":1}},"line":15},"4":{"name":"equal","decl":{"start":{"line":19,"column":0},"end":{"line":21,"column":1}},"loc":{"start":{"line":19,"column":0},"end":{"line":21,"column":1}},"line":19},"5":{"name":"onSameAxis","decl":{"start":{"line":23,"column":0},"end":{"line":41,"column":1}},"loc":{"start":{"line":23,"column":0},"end":{"line":41,"column":1}},"line":23},"6":{"name":"withinGrid","decl":{"start":{"line":43,"column":0},"end":{"line":45,"column":1}},"loc":{"start":{"line":43,"column":0},"end":{"line":45,"column":1}},"line":43},"7":{"name":"get4Adjacent","decl":{"start":{"line":47,"column":0},"end":{"line":55,"column":1}},"loc":{"start":{"line":47,"column":0},"end":{"line":55,"column":1}},"line":47},"8":{"name":"get4AdjacentWithinGrid","decl":{"start":{"line":57,"column":0},"end":{"line":59,"column":1}},"loc":{"start":{"line":57,"column":0},"end":{"line":59,"column":1}},"line":57},"9":{"name":"areAdjacent4","decl":{"start":{"line":61,"column":0},"end":{"line":63,"column":1}},"loc":{"start":{"line":61,"column":0},"end":{"line":63,"column":1}},"line":61},"10":{"name":"get8Adjacent","decl":{"start":{"line":65,"column":0},"end":{"line":77,"column":1}},"loc":{"start":{"line":65,"column":0},"end":{"line":77,"column":1}},"line":65},"11":{"name":"getDiagonalAdjacent","decl":{"start":{"line":79,"column":0},"end":{"line":87,"column":1}},"loc":{"start":{"line":79,"column":0},"end":{"line":87,"column":1}},"line":79},"12":{"name":"getDiagonalAdjacentWithinGrid","decl":{"start":{"line":89,"column":0},"end":{"line":91,"column":1}},"loc":{"start":{"line":89,"column":0},"end":{"line":91,"column":1}},"line":89},"13":{"name":"add","decl":{"start":{"line":93,"column":0},"end":{"line":101,"column":1}},"loc":{"start":{"line":93,"column":0},"end":{"line":101,"column":1}},"line":93},"14":{"name":"getCoordsInGrid","decl":{"start":{"line":103,"column":0},"end":{"line":111,"column":1}},"loc":{"start":{"line":103,"column":0},"end":{"line":111,"column":1}},"line":103},"15":{"name":"clone","decl":{"start":{"line":113,"column":0},"end":{"line":115,"column":1}},"loc":{"start":{"line":113,"column":0},"end":{"line":115,"column":1}},"line":113}},"f":{"0":7733,"1":96,"2":187958,"3":77,"4":265,"5":42874,"6":101474,"7":82,"8":56,"9":9,"10":1,"11":305,"12":303,"13":75,"14":1824,"15":197346}}
,"E:\\odins\\battleship\\src\\game-modules\\game-board\\createGameBoard.js": {"path":"E:\\odins\\battleship\\src\\game-modules\\game-board\\createGameBoard.js","all":false,"statementMap":{"0":{"start":{"line":1,"column":0},"end":{"line":1,"column":36}},"1":{"start":{"line":2,"column":0},"end":{"line":2,"column":38}},"2":{"start":{"line":3,"column":0},"end":{"line":3,"column":98}},"3":{"start":{"line":4,"column":0},"end":{"line":4,"column":40}},"4":{"start":{"line":5,"column":0},"end":{"line":5,"column":36}},"5":{"start":{"line":6,"column":0},"end":{"line":6,"column":0}},"6":{"start":{"line":7,"column":0},"end":{"line":7,"column":46}},"7":{"start":{"line":8,"column":0},"end":{"line":8,"column":39}},"8":{"start":{"line":9,"column":0},"end":{"line":9,"column":82}},"9":{"start":{"line":10,"column":0},"end":{"line":10,"column":2}},"10":{"start":{"line":11,"column":0},"end":{"line":11,"column":0}},"11":{"start":{"line":12,"column":0},"end":{"line":12,"column":38}},"12":{"start":{"line":13,"column":0},"end":{"line":13,"column":0}},"13":{"start":{"line":14,"column":0},"end":{"line":14,"column":67}},"14":{"start":{"line":15,"column":0},"end":{"line":15,"column":0}},"15":{"start":{"line":16,"column":0},"end":{"line":16,"column":22}},"16":{"start":{"line":17,"column":0},"end":{"line":17,"column":32}},"17":{"start":{"line":18,"column":0},"end":{"line":18,"column":33}},"18":{"start":{"line":19,"column":0},"end":{"line":19,"column":0}},"19":{"start":{"line":20,"column":0},"end":{"line":20,"column":21}},"20":{"start":{"line":21,"column":0},"end":{"line":21,"column":0}},"21":{"start":{"line":22,"column":0},"end":{"line":22,"column":45}},"22":{"start":{"line":23,"column":0},"end":{"line":23,"column":60}},"23":{"start":{"line":24,"column":0},"end":{"line":24,"column":2}},"24":{"start":{"line":25,"column":0},"end":{"line":25,"column":0}},"25":{"start":{"line":26,"column":0},"end":{"line":26,"column":39}},"26":{"start":{"line":27,"column":0},"end":{"line":27,"column":53}},"27":{"start":{"line":28,"column":0},"end":
[...]
nd":{"line":95,"column":10}},"95":{"start":{"line":96,"column":0},"end":{"line":96,"column":12}},"96":{"start":{"line":97,"column":0},"end":{"line":97,"column":9}},"97":{"start":{"line":98,"column":0},"end":{"line":98,"column":19}},"98":{"start":{"line":99,"column":0},"end":{"line":99,"column":12}},"99":{"start":{"line":100,"column":0},"end":{"line":100,"column":14}},"100":{"start":{"line":101,"column":0},"end":{"line":101,"column":17}},"101":{"start":{"line":102,"column":0},"end":{"line":102,"column":14}},"102":{"start":{"line":103,"column":0},"end":{"line":103,"column":17}},"103":{"start":{"line":104,"column":0},"end":{"line":104,"column":27}},"104":{"start":{"line":105,"column":0},"end":{"line":105,"column":14}},"105":{"start":{"line":106,"column":0},"end":{"line":106,"column":7}},"106":{"start":{"line":107,"column":0},"end":{"line":107,"column":8}},"107":{"start":{"line":108,"column":0},"end":{"line":108,"column":10}},"108":{"start":{"line":109,"column":0},"end":{"line":109,"column":7}},"109":{"start":{"line":110,"column":0},"end":{"line":110,"column":1}}},"s":{"0":1,"1":1,"2":97055,"3":97055,"4":97055,"5":1,"6":1,"7":1,"8":1,"9":1,"10":18401,"11":18401,"12":18401,"13":18401,"14":18401,"15":1,"16":18401,"17":18401,"18":18401,"19":18401,"20":18401,"21":1,"22":18397,"23":18397,"24":18397,"25":1,"26":36232,"27":36232,"28":36232,"29":36232,"30":36232,"31":36232,"32":36232,"33":1,"34":186933,"35":186933,"36":186933,"37":186933,"38":186933,"39":186933,"40":186933,"41":186933,"42":1,"43":139077,"44":139077,"45":139077,"46":1,"47":1,"48":1,"49":1,"50":1,"51":6,"52":6,"53":6,"54":1,"55":234,"56":234,"57":234,"58":234,"59":234,"60":234,"61":234,"62":234,"63":234,"64":234,"65":234,"66":234,"67":1,"68":142,"69":142,"70":142,"71":1,"72":8,"73":8,"74":8,"75":8,"76":12,"77":22,"78":22,"79":12,"80":8,"81":8,"82":1,"83":1071950,"84":1071950,"85":1071950,"86":1071950,"87":1071950,"88":1,"89":98290,"90":98290,"91":98290,"92":1,"93":1,"94":1,"95":1,"96":1,"97":1,"98":1,"99":1,"100":1,"101":1,"102":1,"103":1,"104":1,"105":1,"106":1,"107":1,"108":1,"109":1},"branchMap":{"0":{"type":"branch","line":3,"loc":{"start":{"line":3,"column":0},"end":{"line":5,"column":1}},"locations":[{"start":{"line":3,"column":0},"end":{"line":5,"column":1}}]},"1":{"type":"branch","line":3,"loc":{"start":{"line":3,"column":65},"end":{"line":3,"column":66}},"locations":[{"start":{"line":3,"column":65},"end":{"line":3,"column":66}}]},"2":{"type":"branch","line":3,"loc":{"start":{"line":3,"column":65},"end":{"line":3,"column":66}},"locations":[{"start":{"line":3,"column":65},"end":{"line":3,"column":66}}]},"3":{"type":"branch","line":3,"loc":{"start":{"line":3,"column":65},"end":{"line":3,"column":66}},"locations":[{"start":{"line":3,"column":65},"end":{"line":3,"column":66}}]},"4":{"type":"branch","line":3,"loc":{"start":{"line":3,"column":65},"end":{"line":3,"column":66}},"locations":[{"start":{"line":3,"column":65},"end":{"line":3,"column":66}}]},"5":{"type":"branch","line":4,"loc":{"start":{"line":4,"column":17},"end":{"line":4,"column":27}},"locations":[{"start":{"line":4,"column":17},"end":{"line":4,"column":27}}]},"6":{"type":"branch","line":7,"loc":{"start":{"line":7,"column":0},"end":{"line":9,"column":1}},"locations":[{"start":{"line":7,"column":0},"end":{"line":9,"column":1}}]},"7":{"type":"branch","line":7,"loc":{"start":{"line":7,"column":73},"end":{"line":7,"column":74}},"locations":[{"start":{"line":7,"column":73},"end":{"line":7,"column":74}}]},"8":{"type":"branch","line":7,"loc":{"start":{"line":7,"column":73},"end":{"line":7,"column":74}},"locations":[{"start":{"line":7,"column":73},"end":{"line":7,"column":74}}]},"9":{"type":"branch","line":7,"loc":{"start":{"line":7,"column":73},"end":{"line":7,"column":74}},"locations":[{"start":{"line":7,"column":73},"end":{"line":7,"column":74}}]},"10":{"type":"branch","line":7,"loc":{"start":{"line":7,"column":73},"end":{"line":7,"column":74}},"locations":[{"start":{"line":7,"column":73},"end":{"line":7,"column":74}}]},"11":{"type":"branch","line":8,"loc":{"start":{"line":8,"column":47},"end":{"line":8,"column":60}},"locations":[{"start":{"line":8,"column":47},"end":{"line":8,"column":60}}]},"12":{"type":"branch","line":11,"loc":{"start":{"line":11,"column":0},"end":{"line":15,"column":1}},"locations":[{"start":{"line":11,"column":0},"end":{"line":15,"column":1}}]},"13":{"type":"branch","line":17,"loc":{"start":{"line":17,"column":0},"end":{"line":21,"column":1}},"locations":[{"start":{"line":17,"column":0},"end":{"line":21,"column":1}}]},"14":{"type":"branch","line":23,"loc":{"start":{"line":23,"column":0},"end":{"line":25,"column":1}},"locations":[{"start":{"line":23,"column":0},"end":{"line":25,"column":1}}]},"15":{"type":"branch","line":27,"loc":{"start":{"line":27,"column":0},"end":{"line":33,"column":1}},"locations":[{"start":{"line":27,"column":0},"end":{"line":33,"column":1}}]},"16":{"type":"branch","line":35,"loc":{"start":{"line":35,"column":0},"end":{"line":42,"column":1}},"locations":[{"start":{"line":35,"column":0},"end":{"line":42,"column":1}}]},"17":{"type":"branch","line":39,"loc":{"start":{"line":39,"column":20},"end":{"line":39,"column":51}},"locations":[{"start":{"line":39,"column":20},"end":{"line":39,"column":51}}]},"18":{"type":"branch","line":40,"loc":{"start":{"line":40,"column":20},"end":{"line":40,"column":51}},"locations":[{"start":{"line":40,"column":20},"end":{"line":40,"column":51}}]},"19":{"type":"branch","line":41,"loc":{"start":{"line":41,"column":16},"end":{"line":41,"column":28}},"locations":[{"start":{"line":41,"column":16},"end":{"line":41,"column":28}}]},"20":{"type":"branch","line":44,"loc":{"start":{"line":44,"column":0},"end":{"line":46,"column":1}},"locations":[{"start":{"line":44,"column":0},"end":{"line":46,"column":1}}]},"21":{"type":"branch","line":45,"loc":{"start":{"line":45,"column":8},"end":{"line":45,"column":63}},"locations":[{"start":{"line":45,"column":8},"end":{"line":45,"column":63}}]},"22":{"type":"branch","line":48,"loc":{"start":{"line":48,"column":0},"end":{"line":50,"column":1}},"locations":[{"start":{"line":48,"column":0},"end":{"line":50,"column":1}}]},"23":{"type":"branch","line":52,"loc":{"start":{"line":52,"column":0},"end":{"line":54,"column":1}},"locations":[{"start":{"line":52,"column":0},"end":{"line":54,"column":1}}]},"24":{"type":"branch","line":53,"loc":{"start":{"line":53,"column":19},"end":{"line":53,"column":29}},"locations":[{"start":{"line":53,"column":19},"end":{"line":53,"column":29}}]},"25":{"type":"branch","line":56,"loc":{"start":{"line":56,"column":0},"end":{"line":67,"column":1}},"locations":[{"start":{"line":56,"column":0},"end":{"line":67,"column":1}}]},"26":{"type":"branch","line":61,"loc":{"start":{"line":61,"column":1},"end":{"line":61,"column":6}},"locations":[{"start":{"line":61,"column":1},"end":{"line":61,"column":6}}]},"27":{"type":"branch","line":62,"loc":{"start":{"line":62,"column":1},"end":{"line":62,"column":6}},"locations":[{"start":{"line":62,"column":1},"end":{"line":62,"column":6}}]},"28":{"type":"branch","line":63,"loc":{"start":{"line":63,"column":1},"end":{"line":63,"column":6}},"locations":[{"start":{"line":63,"column":1},"end":{"line":63,"column":6}}]},"29":{"type":"branch","line":64,"loc":{"start":{"line":64,"column":1},"end":{"line":64,"column":6}},"locations":[{"start":{"line":64,"column":1},"end":{"line":64,"column":6}}]},"30":{"type":"branch","line":69,"loc":{"start":{"line":69,"column":0},"end":{"line":71,"column":1}},"locations":[{"start":{"line":69,"column":0},"end":{"line":71,"column":1}}]},"31":{"type":"branch","line":70,"loc":{"start":{"line":70,"column":44},"end":{"line":70,"column":54}},"locations":[{"start":{"line":70,"column":44},"end":{"line":70,"column":54}}]},"32":{"type":"branch","line":73,"loc":{"start":{"line":73,"column":0},"end":{"line":82,"column":1}},"locations":[{"start":{"line":73,"column":0},"end":{"line":82,"column":1}}]},"33":{"type":"branch","line":76,"loc":{"start":{"line":76,"column":32},"end":{"line":80,"column":2}},"locations":[{"start":{"line":76,"column":32},"end":{"line":80,"column":2}}]},"34":{"type":"branch","line":77,"loc":{"start":{"line":77,"column":33},"end":{"line":79,"column":3}},"locations":[{"start":{"line":77,"column":33},"end":{"line":79,"column":3}}]},"35":{"type":"branch","line":84,"loc":{"start":{"line":84,"column":0},"end":{"line":88,"column":1}},"locations":[{"start":{"line":84,"column":0},"end":{"line":88,"column":1}}]},"36":{"type":"branch","line":87,"loc":{"start":{"line":87,"column":8},"end":{"line":87,"column":30}},"locations":[{"start":{"line":87,"column":8},"end":{"line":87,"column":30}}]},"37":{"type":"branch","line":87,"loc":{"start":{"line":87,"column":8},"end":{"line":87,"column":41}},"locations":[{"start":{"line":87,"column":8},"end":{"line":87,"column":41}}]},"38":{"type":"branch","line":87,"loc":{"start":{"line":87,"column":8},"end":{"line":87,"column":48}},"locations":[{"start":{"line":87,"column":8},"end":{"line":87,"column":48}}]},"39":{"type":"branch","line":90,"loc":{"start":{"line":90,"column":0},"end":{"line":92,"column":1}},"locations":[{"start":{"line":90,"column":0},"end":{"line":92,"column":1}}]},"40":{"type":"branch","line":91,"loc":{"start":{"line":91,"column":17},"end":{"line":91,"column":27}},"locations":[{"start":{"line":91,"column":17},"end":{"line":91,"column":27}}]}},"b":{"0":[97055],"1":[0],"2":[0],"3":[0],"4":[0],"5":[194110],"6":[1],"7":[0],"8":[0],"9":[0],"10":[0],"11":[2],"12":[18401],"13":[18401],"14":[18397],"15":[36232],"16":[186933],"17":[120562],"18":[120700],"19":[58371],"20":[139077],"21":[42],"22":[1],"23":[6],"24":[10],"25":[234],"26":[870],"27":[617],"28":[636],"29":[383],"30":[142],"31":[1496],"32":[8],"33":[12],"34":[22],"35":[1071950],"36":[709110],"37":[375549],"38":[254324],"39":[98290],"40":[196580]},"fnMap":{"0":{"name":"toString","decl":{"start":{"line":3,"column":0},"end":{"line":5,"column":1}},"loc":{"start":{"line":3,"column":0},"end":{"line":5,"column":1}},"line":3},"1":{"name":"fromString","decl":{"start":{"line":7,"column":0},"end":{"line":9,"column":1}},"loc":{"start":{"line":7,"column":0},"end":{"line":9,"column":1}},"line":7},"2":{"name":"height","decl":{"start":{"line":11,"column":0},"end":{"line":15,"column":1}},"loc":{"start":{"line":11,"column":0},"end":{"line":15,"column":1}},"line":11},"3":{"name":"width","decl":{"start":{"line":17,"column":0},"end":{"line":21,"column":1}},"loc":{"start":{"line":17,"column":0},"end":{"line":21,"column":1}},"line":17},"4":{"name":"maxDimension","decl":{"start":{"line":23,"column":0},"end":{"line":25,"column":1}},"loc":{"start":{"line":23,"column":0},"end":{"line":25,"column":1}},"line":23},"5":{"name":"boundingRect","decl":{"start":{"line":27,"column":0},"end":{"line":33,"column":1}},"loc":{"start":{"line":27,"column":0},"end":{"line":33,"column":1}},"line":27},"6":{"name":"overlap","decl":{"start":{"line":35,"column":0},"end":{"line":42,"column":1}},"loc":{"start":{"line":35,"column":0},"end":{"line":42,"column":1}},"line":35},"7":{"name":"compareByCoords","decl":{"start":{"line":44,"column":0},"end":{"line":46,"column":1}},"loc":{"start":{"line":44,"column":0},"end":{"line":46,"column":1}},"line":44},"8":{"name":"sortByCoords","decl":{"start":{"line":48,"column":0},"end":{"line":50,"column":1}},"loc":{"start":{"line":48,"column":0},"end":{"line":50,"column":1}},"line":48},"9":{"name":"withinGrid","decl":{"start":{"line":52,"column":0},"end":{"line":54,"column":1}},"loc":{"start":{"line":52,"column":0},"end":{"line":54,"column":1}},"line":52},"10":{"name":"getAdjacentCoords","decl":{"start":{"line":56,"column":0},"end":{"line":67,"column":1}},"loc":{"start":{"line":56,"column":0},"end":{"line":67,"column":1}},"line":56},"11":{"name":"getAdjacentCoordsWithGrid","decl":{"start":{"line":69,"column":0},"end":{"line":71,"column":1}},"loc":{"start":{"line":69,"column":0},"end":{"line":71,"column":1}},"line":69},"12":{"name":"getCoordsWithin","decl":{"start":{"line":73,"column":0},"end":{"line":82,"column":1}},"loc":{"start":{"line":73,"column":0},"end":{"line":82,"column":1}},"line":73},"13":{"name":"contains","decl":{"start":{"line":84,"column":0},"end":{"line":88,"column":1}},"loc":{"start":{"line":84,"column":0},"end":{"line":88,"column":1}},"line":84},"14":{"name":"clone","decl":{"start":{"line":90,"column":0},"end":{"line":92,"column":1}},"loc":{"start":{"line":90,"column":0},"end":{"line":92,"column":1}},"line":90}},"f":{"0":97055,"1":1,"2":18401,"3":18401,"4":18397,"5":36232,"6":186933,"7":139077,"8":1,"9":6,"10":234,"11":142,"12":8,"13":1071950,"14":98290}}
,"E:\\odins\\battleship\\src\\game-modules\\ship\\createShip.js": {"path":"E:\\odins\\battleship\\src\\game-modules\\ship\\createShip.js","all":false,"statementMap":{"0":{"start":{"line":1,"column":0},"end":{"line":1,"column":29}},"1":{"start":{"line":2,"column":0},"end":{"line":2,"column":76}},"2":{"start":{"line":3,"column":0},"end":{"line":3,"column":0}},"3":{"start":{"line":4,"column":0},"end":{"line":4,"column":23}},"4":{"start":{"line":5,"column":0},"end":{"line":5,"column":0}},"5":{"start":{"line":6,"column":0},"end":{"line":6,"column":23}},"6":{"start":{"line":7,"column":0},"end":{"line":7,"column":15}},"7":{"start":{"line":8,"column":0},"end":{"line":8,"column":2}},"8":{"start":{"line":9,"column":0},"end":{"line":9,"column":0}},"9":{"start":{"line":10,"column":0},"end":{"line":10,"column":45}},"10":{"start":{"line":11,"column":0},"end":{"line":11,"column":51}},"11":{"start":{"line":12,"column":0},"end":{"line":12,"column":78}},"12":{"start":{"line":13,"column":0},"end":{"line":13,"column":3}},"13":{"start":{"line":14,"column":0},"end":{"line":14,"column":2}},"14":{"start":{"line":15,"column":0},"end":{"line":15,"column":0}},"15":{"start":{"line":16,"column":0},"end":{"line":16,"column":28}},"16":{"start":{"line":17,"column":0},"end":{"line":17,"column":35}},"17":{"start":{"line":18,"column":0},"end":{"line":18,"column":27}},"18":{"start":{"line":19,"column":0},"end":{"line":19,"column":2}},"19":{"start":{"line":20,"column":0},"end":{"line":20,"column":0}},"20":{"start":{"line":21,"column":0},"end":{"line":21,"column":25}},"21":{"start":{"line":22,"column":0},"end":{"line":22,"column":25}},"22":{"start":{"line":23,"column":0},"end":{"line":23,"column":63}},"23":{"start":{"line":24,"column":0},"end":{"line":24,"column":3}},"24":{"start":{"line":25,"column":0},"end":{"line":25,"column":20}},"25":{"start":{"line":26,"column":0},"end":{"line":26,"column":2}},"26":{"start":{"line":27,"column":0},"end":{"line":27,"column":0}},"27":{"start":{"line":28,"column":0},"end":{"line":28,"column":20}},"28":{"start":{"line":29,"column":0},"end":{"line":29,"column":34}},"29":{"start":{"line":30,"column":0},"end":{"line":30,"column":2}},"30":{"start":{"line":31,"column":0},"end":{"line":31,"column":0}},"31":{"start":{"line":32,"column":0},"end":{"line":32,"column":29}},"32":{"start":{"line":33,"column":0},"end":{"line":33,"column":18}},"33":{"start":{"line":34,"column":0},"end":{"line":34,"column":2}},"34":{"start":{"line":35,"column":0},"end":{"line":35,"column":0}},"35":{"start":{"line":36,"column":0},"end":{"line":36,"column":9}},"36":{"start":{"line":37,"column":0},"end":{"line":37,"column":12}},"37":{"start":{"line":38,"column":0},"end":{"line":38,"column":6}},"38":{"start":{"line":39,"column":0},"end":{"line":39,"column":9}},"39":{"start":{"line":40,"column":0},"end":{"line":40,"column":18}},"40":{"start":{"line":41,"column":0},"end":{"line":41,"column":9}},"41":{"start":{"line":42,"column":0},"end":{"line":42,"column":2}},"42":{"start":{"line":43,"column":0},"end":{"line":43,"column":1}},"43":{"start":{"line":44,"column":0},"end":{"line":44,"column":0}},"44":{"start":{"line":45,"column":0},"end":{"line":45,"column":25}}},"s":{"0":18240,"1":18240,"2":18237,"3":18237,"4":18237,"5":18237,"6":1017,"7":1017,"8":18237,"9":18237,"10":690,"11":10,"12":10,"13":690,"14":18237,"15":18237,"16":690,"17":690,"18":690,"19":18237,"20":18237,"21":322,"22":1,"23":1,"24":322,"25":322,"26":18237,"27":18237,"28":319,"29":319,"30":18237,"31":18237,"32":9,"33":9,"34":18237,"35":18237,"36":18237,"37":18237,"38":18237,"39":18237,"40":18237,"41":18237,"42":18237,"43":1,"44":1},"branchMap":{"0":{"type":"branch","line":1,"loc":{"start":{"line":1,"column":0},"end":{"line":43,"column":1}},"locations":[{"start":{"line":1,"column":0},"end":{"line":43,"column":1}}]},"1":{"type":"branch","line":2,"loc":{"start":{"line":2,"column":18},"end":{"line":2,"column":24}},"locations":[{"start":{"line":2,"column":18},"end":{"line":2,"column":24}}]},"2":{"type":"branch","line":2,"loc":{"start":{"line":2,"column":18},"end":{"line":43,"column":1}},"locations":[{"start":{"line":2,"column":18},"end":{"line":43,"column":1}}]},"3":{"type":"branch","line":6,"loc":{"start":{"line":6,"column":1},"end":{"line":8,"column":2}},"locations":[{"start":{"line":6,"column":1},"end":{"line":8,"column":2}}]},"4":{"type":"branch","line":10,"loc":{"start":{"line":10,"column":1},"end":{"line":14,"column":2}},"locations":[{"start":{"line":10,"column":1},"end":{"line":14,"column":2}}]},"5":{"type":"branch","line":11,"loc":{"start":{"line":11,"column":8},"end":{"line":11,"column":50}},"locations":[{"start":{"line":11,"column":8},"end":{"line":11,"column":50}}]},"6":{"type":"branch","line":11,"loc":{"start":{"line":11,"column":50},"end":{"line":13,"column":3}},"locations":[{"start":{"line":11,"column":50},"end":{"line":13,"column":3}}]},"7":{"type":"branch","line":16,"loc":{"start":{"line":16,"column":1},"end":{"line":19,"column":2}},"locations":[{"start":{"line":16,"column":1},"end":{"line":19,"column":2}}]},"8":{"type":"branch","line":21,"loc":{"start":{"line":21,"column":1},"end":{"line":26,"column":2}},"locations":[{"start":{"line":21,"column":1},"end":{"line":26,"column":2}}]},"9":{"type":"branch","line":22,"loc":{"start":{"line":22,"column":24},"end":{"line":24,"column":3}},"locations":[{"start":{"line":22,"column":24},"end":{"line":24,"column":3}}]},"10":{"type":"branch","line":28,"loc":{"start":{"line":28,"column":1},"end":{"line":30,"column":2}},"locations":[{"start":{"line":28,"column":1},"end":{"line":30,"column":2}}]},"11":{"type":"branch","line":32,"loc":{"start":{"line":32,"column":1},"end":{"line":34,"column":2}},"locations":[{"start":{"line":32,"column":1},"end":{"line":34,"column":2}}]}},"b":{"0":[18240],"1":[3],"2":[18237],"3":[1017],"4":[690],"5":[685],"6":[10],"7":[690],"8":[322],"9":[1],"10":[319],"11":[9]},"fnMap":{"0":{"name":"createShip","decl":{"start":{"line":1,"column":0},"end":{"line":43,"column":1}},"loc":{"start":{"line":1,"column":0},"end":{"line":43,"column":1}},"line":1},"1":{"name":"getLength","decl":{"start":{"line":6,"column":1},"end":{"line":8,"column":2}},"loc":{"start":{"line":6,"column":1},"end":{"line":8,"column":2}},"line":6},"2":{"name":"validatePositionInRange","decl":{"start":{"line":10,"column":1},"end":{"line":14,"column":2}},"loc":{"start":{"line":10,"column":1},"end":{"line":14,"column":2}},"line":10},"3":{"name":"wasHit","decl":{"start":{"line":16,"column":1},"end":{"line":19,"column":2}},"loc":{"start":{"line":16,"column":1},"end":{"line":19,"column":2}},"line":16},"4":{"name":"hit","decl":{"start":{"line":21,"column":1},"end":{"line":26,"column":2}},"loc":{"start":{"line":21,"column":1},"end":{"line":26,"column":2}},"line":21},"5":{"name":"isSunk","decl":{"start":{"line":28,"column":1},"end":{"line":30,"column":2}},"loc":{"start":{"line":28,"column":1},"end":{"line":30,"column":2}},"line":28},"6":{"name":"getHitPositions","decl":{"start":{"line":32,"column":1},"end":{"line":34,"column":2}},"loc":{"start":{"line":32,"column":1},"end":{"line":34,"column":2}},"line":32}},"f":{"0":18240,"1":1017,"2":690,"3":690,"4":322,"5":319,"6":9}}
,"E:\\odins\\battleship\\src\\game-modules\\ship\\index.js": {"path":"E:\\odins\\battleship\\src\\game-modules\\ship\\index.js","all":false,"statementMap":{"0":{"start":{"line":1,"column":0},"end":{"line":1,"column":52}}},"s":{"0":1},"branchMap":{},"b":{},"fnMap":{},"f":{}}
}
