TN:
SF:src\game-modules\arrUtils\index.js
FN:1,defaultComparator
FN:6,sortUnique
FN:22,freqMap
FN:33,freqMapToArr
FN:39,group
FN:49,reshape1dTo2d
FNF:6
FNH:6
FNDA:169,defaultComparator
FNDA:11,sortUnique
FNDA:32,freqMap
FNDA:31,freqMapToArr
FNDA:2,group
FNDA:14,reshape1dTo2d
DA:1,169
DA:2,169
DA:3,169
DA:4,169
DA:5,1
DA:6,11
DA:7,11
DA:8,9
DA:9,9
DA:10,9
DA:11,9
DA:12,9
DA:13,11
DA:14,149
DA:15,102
DA:16,102
DA:17,149
DA:18,9
DA:19,9
DA:20,9
DA:21,1
DA:22,32
DA:23,32
DA:24,32
DA:25,32
DA:26,163
DA:27,163
DA:28,163
DA:29,32
DA:30,32
DA:31,32
DA:32,1
DA:33,31
DA:34,31
DA:35,31
DA:36,31
DA:37,31
DA:38,1
DA:39,2
DA:40,2
DA:41,2
DA:42,9
DA:43,9
DA:44,9
DA:45,2
DA:46,2
DA:47,2
DA:48,1
DA:49,14
DA:50,14
DA:51,6
DA:52,6
DA:53,8
DA:54,14
DA:55,3
DA:56,3
DA:57,14
DA:58,14
DA:59,14
DA:60,14
DA:61,9
DA:62,12
DA:63,12
DA:64,9
DA:65,5
DA:66,5
DA:67,5
DA:68,1
DA:69,1
DA:70,1
DA:71,1
DA:72,1
DA:73,1
DA:74,1
DA:75,1
LF:75
LH:75
BRDA:1,0,0,169
BRDA:3,1,0,27
BRDA:3,2,0,142
BRDA:3,3,0,63
BRDA:3,4,0,79
BRDA:6,5,0,11
BRDA:6,6,0,4
BRDA:6,7,0,4
BRDA:6,8,0,7
BRDA:7,9,0,2
BRDA:7,10,0,9
BRDA:13,11,0,149
BRDA:14,12,0,102
BRDA:18,13,0,9
BRDA:22,14,0,32
BRDA:25,15,0,163
BRDA:26,16,0,110
BRDA:33,17,0,31
BRDA:35,18,0,135
BRDA:36,19,0,68
BRDA:39,20,0,2
BRDA:41,21,0,9
BRDA:42,22,0,3
BRDA:49,23,0,14
BRDA:50,24,0,6
BRDA:53,25,0,8
BRDA:54,26,0,7
BRDA:54,27,0,3
BRDA:60,28,0,9
BRDA:61,29,0,12
BRDA:65,30,0,5
BRDA:58,31,0,9
BRF:32
BRH:32
end_of_record
TN:
SF:src\game-modules\boardPlugins\createBoardAttacker\index.js
FN:13,createBoardAttacker
FN:25,excludeShipAdjacent
FN:37,clearAttackingState
FN:47,excludeShipAdjacentAndClearAttackingState
FN:52,attackAndExcludeCoords
FN:57,freshAttack
FN:82,adjacentAttack
FN:108,directionAttack
FN:134,attack
FNF:9
FNH:9
FNDA:7,createBoardAttacker
FNDA:75,excludeShipAdjacent
FNDA:75,clearAttackingState
FNDA:75,excludeShipAdjacentAndClearAttackingState
FNDA:485,attackAndExcludeCoords
FNDA:348,freshAttack
FNDA:78,adjacentAttack
FNDA:73,directionAttack
FNDA:485,attack
DA:1,1
DA:2,1
DA:3,1
DA:4,1
DA:5,1
DA:6,1
DA:7,1
DA:8,1
DA:9,1
DA:10,1
DA:11,1
DA:12,1
DA:13,7
DA:14,7
DA:15,7
DA:16,7
DA:17,7
DA:18,7
DA:19,7
DA:20,7
DA:21,7
DA:22,7
DA:23,7
DA:24,7
DA:25,7
DA:26,75
DA:27,75
DA:28,75
DA:29,75
DA:30,75
DA:31,75
DA:32,75
DA:33,75
DA:34,75
DA:35,75
DA:36,7
DA:37,7
DA:38,75
DA:39,75
DA:40,75
DA:41,75
DA:42,75
DA:43,75
DA:44,75
DA:45,75
DA:46,7
DA:47,7
DA:48,75
DA:49,75
DA:50,75
DA:51,7
DA:52,7
DA:53,485
DA:54,485
DA:55,485
DA:56,7
DA:57,7
DA:58,348
DA:59,348
DA:60,348
DA:61,348
DA:62,75
DA:63,75
DA:64,75
DA:65,348
DA:66,20
DA:67,20
DA:68,20
DA:69,55
DA:70,55
DA:71,55
DA:72,55
DA:73,55
DA:74,55
DA:75,55
DA:76,55
DA:77,55
DA:78,55
DA:79,55
DA:80,55
DA:81,7
DA:82,7
DA:83,78
DA:84,78
DA:85,78
DA:86,78
DA:87,78
DA:88,55
DA:89,55
DA:90,55
DA:91,55
DA:92,78
DA:93,15
DA:94,15
DA:95,15
DA:96,78
DA:97,78
DA:98,78
DA:99,78
DA:100,78
DA:101,78
DA:102,78
DA:103,78
DA:104,78
DA:105,78
DA:106,78
DA:107,7
DA:108,7
DA:109,73
DA:110,73
DA:111,73
DA:112,73
DA:113,73
DA:114,14
DA:115,14
DA:116,14
DA:117,14
DA:118,59
DA:119,59
DA:120,73
DA:121,4
DA:122,4
DA:123,4
DA:124,4
DA:125,73
DA:126,73
DA:127,73
DA:128,73
DA:129,40
DA:130,40
DA:131,40
DA:132,40
DA:133,7
DA:134,7
DA:135,485
DA:136,485
DA:137,485
DA:138,485
DA:139,485
DA:140,485
DA:141,485
DA:142,485
DA:143,485
DA:144,485
DA:145,485
DA:146,7
DA:147,7
DA:148,7
DA:149,1
DA:150,1
LF:150
LH:150
BRDA:13,0,0,7
BRDA:25,1,0,75
BRDA:33,2,0,820
BRDA:37,3,0,75
BRDA:47,4,0,75
BRDA:52,5,0,485
BRDA:57,6,0,348
BRDA:61,7,0,273
BRDA:61,8,0,75
BRDA:65,9,0,20
BRDA:69,10,0,55
BRDA:75,11,0,173
BRDA:82,12,0,78
BRDA:87,13,0,23
BRDA:87,14,0,55
BRDA:92,15,0,15
BRDA:108,16,0,73
BRDA:112,17,0,69
BRDA:113,18,0,14
BRDA:118,19,0,59
BRDA:120,20,0,4
BRDA:128,21,0,15
BRDA:128,22,0,40
BRDA:114,23,0,28
BRDA:121,24,0,8
BRDA:134,25,0,485
BRDA:136,26,0,78
BRDA:139,27,0,59
BRDA:142,28,0,348
BRF:29
BRH:29
end_of_record
TN:
SF:src\game-modules\boardPlugins\placeShipsRandomly\index.js
FN:5,excludeShipCoordsFromAllowedPositions
FN:11,getShipsPlacementCanonicalForm
FN:18,recursePlaceShips
FN:60,placeShipsRandomly
FNF:4
FNH:4
FNDA:18006,excludeShipCoordsFromAllowedPositions
FNDA:18006,getShipsPlacementCanonicalForm
FNDA:19806,recursePlaceShips
FNDA:1800,placeShipsRandomly
DA:1,1
DA:2,1
DA:3,1
DA:4,1
DA:5,18006
DA:6,18006
DA:7,18006
DA:8,18006
DA:9,18006
DA:10,1
DA:11,18006
DA:12,18006
DA:13,18006
DA:14,18006
DA:15,18006
DA:16,18006
DA:17,1
DA:18,19806
DA:19,19806
DA:20,19806
DA:21,19806
DA:22,19806
DA:23,19806
DA:24,19806
DA:25,19806
DA:26,18006
DA:27,18006
DA:28,18006
DA:29,19806
DA:30,18006
DA:31,18006
DA:32,18006
DA:33,18006
DA:34,21662
DA:35,21662
DA:36,21662
DA:37,21662
DA:38,28337
DA:39,28337
DA:40,18006
DA:41,18006
DA:42,18006
DA:43,28337
DA:44,28337
DA:45,28337
DA:46,28337
DA:47,28337
DA:48,28337
DA:49,28337
DA:50,6
DA:51,6
DA:52,6
DA:53,6
DA:54,21662
DA:55,19806
DA:56,18006
DA:57,18006
DA:58,18006
DA:59,1
DA:60,1800
DA:61,1800
DA:62,1800
DA:63,1800
DA:64,1800
DA:65,1800
DA:66,1800
DA:67,1800
DA:68,1800
DA:69,1800
DA:70,1800
DA:71,1800
DA:72,1800
DA:73,1800
DA:74,1800
DA:75,1800
DA:76,1
DA:77,1
LF:77
LH:77
BRDA:5,0,0,18006
BRDA:8,1,0,1062253
BRDA:11,2,0,18006
BRDA:14,3,0,81054
BRDA:18,4,0,19806
BRDA:25,5,0,1800
BRDA:25,6,0,18006
BRDA:29,7,0,0
BRDA:29,8,0,18006
BRDA:55,9,0,6
BRDA:55,10,0,18006
BRDA:33,11,0,21662
BRDA:37,12,0,28337
BRDA:39,13,0,10331
BRDA:39,14,0,18006
BRDA:49,15,0,18000
BRDA:49,16,0,6
BRDA:60,17,0,1800
BRF:18
BRH:17
end_of_record
TN:
SF:src\game-modules\boardPlugins\restrictBoardToFixedShipsLengths\index.js
FN:4,restrictBoardToFixedShipsLengths
FN:9,lengthAllowed
FN:13,lengthAvailable
FN:17,shipPlaced
FN:21,placeLength
FN:26,unplaceLength
FN:31,getAvailableShipsLengths
FN:35,placeShip
FN:52,unplaceShip
FN:68,unplaceAllShips
FN:73,canPlaceShip
FNF:11
FNH:11
FNDA:29,restrictBoardToFixedShipsLengths
FNDA:151,lengthAllowed
FNDA:118,lengthAvailable
FNDA:42,shipPlaced
FNDA:89,placeLength
FNDA:32,unplaceLength
FNDA:21,getAvailableShipsLengths
FNDA:106,placeShip
FNDA:45,unplaceShip
FNDA:7,unplaceAllShips
FNDA:15,canPlaceShip
DA:1,1
DA:2,1
DA:3,1
DA:4,29
DA:5,29
DA:6,29
DA:7,29
DA:8,29
DA:9,29
DA:10,151
DA:11,151
DA:12,29
DA:13,29
DA:14,118
DA:15,118
DA:16,29
DA:17,29
DA:18,42
DA:19,42
DA:20,29
DA:21,29
DA:22,89
DA:23,89
DA:24,89
DA:25,29
DA:26,29
DA:27,32
DA:28,32
DA:29,32
DA:30,29
DA:31,29
DA:32,21
DA:33,21
DA:34,29
DA:35,29
DA:36,106
DA:37,106
DA:38,106
DA:39,3
DA:40,3
DA:41,3
DA:42,106
DA:43,106
DA:44,10
DA:45,10
DA:46,10
DA:47,106
DA:48,106
DA:49,106
DA:50,106
DA:51,29
DA:52,29
DA:53,45
DA:54,45
DA:55,45
DA:56,3
DA:57,3
DA:58,3
DA:59,45
DA:60,45
DA:61,18
DA:62,18
DA:63,24
DA:64,24
DA:65,24
DA:66,24
DA:67,29
DA:68,29
DA:69,7
DA:70,7
DA:71,7
DA:72,29
DA:73,29
DA:74,15
DA:75,15
DA:76,15
DA:77,15
DA:78,29
DA:79,29
DA:80,29
DA:81,29
DA:82,29
DA:83,29
DA:84,29
DA:85,29
DA:86,29
DA:87,29
DA:88,1
DA:89,1
LF:89
LH:89
BRDA:4,0,0,29
BRDA:6,1,0,103
BRDA:9,2,0,151
BRDA:13,3,0,118
BRDA:14,4,0,112
BRDA:17,5,0,42
BRDA:21,6,0,89
BRDA:26,7,0,32
BRDA:31,8,0,21
BRDA:35,9,0,106
BRDA:38,10,0,3
BRDA:43,11,0,10
BRDA:52,12,0,45
BRDA:55,13,0,3
BRDA:60,14,0,18
BRDA:63,15,0,24
BRDA:68,16,0,7
BRDA:70,17,0,12
BRDA:73,18,0,15
BRDA:76,19,0,3
BRF:20
BRH:20
end_of_record
TN:
SF:src\game-modules\coordsUtils\index.js
FN:1,toString
FN:5,fromString
FN:9,compare
FN:15,sort
FN:19,equal
FN:23,onSameAxis
FN:43,withinGrid
FN:47,get4Adjacent
FN:57,get4AdjacentWithinGrid
FN:61,areAdjacent4
FN:65,get8Adjacent
FN:79,getDiagonalAdjacent
FN:89,getDiagonalAdjacentWithinGrid
FN:93,add
FN:103,getCoordsInGrid
FN:113,clone
FNF:16
FNH:16
FNDA:7733,toString
FNDA:96,fromString
FNDA:187958,compare
FNDA:77,sort
FNDA:265,equal
FNDA:42874,onSameAxis
FNDA:101474,withinGrid
FNDA:82,get4Adjacent
FNDA:56,get4AdjacentWithinGrid
FNDA:9,areAdjacent4
FNDA:1,get8Adjacent
FNDA:305,getDiagonalAdjacent
FNDA:303,getDiagonalAdjacentWithinGrid
FNDA:75,add
FNDA:1824,getCoordsInGrid
FNDA:197346,clone
DA:1,7733
DA:2,7733
DA:3,7733
DA:4,1
DA:5,96
DA:6,96
DA:7,96
DA:8,1
DA:9,187958
DA:10,187958
DA:11,187958
DA:12,187958
DA:13,187958
DA:14,1
DA:15,77
DA:16,77
DA:17,77
DA:18,1
DA:19,265
DA:20,265
DA:21,265
DA:22,1
DA:23,42874
DA:24,42874
DA:25,42872
DA:26,42872
DA:27,42872
DA:28,85756
DA:29,42884
DA:30,42884
DA:31,42884
DA:32,42884
DA:33,85768
DA:34,85768
DA:35,85768
DA:36,42884
DA:37,42884
DA:38,42872
DA:39,42872
DA:40,42872
DA:41,42872
DA:42,1
DA:43,101474
DA:44,101474
DA:45,101474
DA:46,1
DA:47,82
DA:48,82
DA:49,82
DA:50,82
DA:51,82
DA:52,82
DA:53,82
DA:54,82
DA:55,82
DA:56,1
DA:57,56
DA:58,56
DA:59,56
DA:60,1
DA:61,9
DA:62,9
DA:63,9
DA:64,1
DA:65,1
DA:66,1
DA:67,1
DA:68,1
DA:69,1
DA:70,1
DA:71,1
DA:72,1
DA:73,1
DA:74,1
DA:75,1
DA:76,1
DA:77,1
DA:78,1
DA:79,305
DA:80,305
DA:81,305
DA:82,305
DA:83,305
DA:84,305
DA:85,305
DA:86,305
DA:87,305
DA:88,1
DA:89,303
DA:90,303
DA:91,303
DA:92,1
DA:93,75
DA:94,75
DA:95,74
DA:96,74
DA:97,152
DA:98,152
DA:99,152
DA:100,74
DA:101,74
DA:102,1
DA:103,1824
DA:104,1824
DA:105,1824
DA:106,18166
DA:107,181428
DA:108,181428
DA:109,18166
DA:110,1824
DA:111,1824
DA:112,1
DA:113,197346
DA:114,197346
DA:115,197346
DA:116,1
DA:117,1
DA:118,1
DA:119,1
DA:120,1
DA:121,1
DA:122,1
DA:123,1
DA:124,1
DA:125,1
DA:126,1
DA:127,1
DA:128,1
DA:129,1
DA:130,1
DA:131,1
DA:132,1
DA:133,1
DA:134,1
LF:134
LH:134
BRDA:1,0,0,7733
BRDA:1,1,0,0
BRDA:1,2,0,0
BRDA:5,3,0,96
BRDA:5,4,0,2
BRDA:5,5,0,2
BRDA:5,6,0,94
BRDA:6,7,0,192
BRDA:9,8,0,187958
BRDA:11,9,0,49083
BRDA:11,10,0,15366
BRDA:11,11,0,172592
BRDA:12,12,0,89472
BRDA:12,13,0,33717
BRDA:12,14,0,108653
BRDA:12,15,0,63939
BRDA:15,16,0,77
BRDA:19,17,0,265
BRDA:20,18,0,1177
BRDA:20,19,0,913
BRDA:23,20,0,42874
BRDA:24,21,0,2
BRDA:24,22,0,42872
BRDA:27,23,0,85756
BRDA:28,24,0,42890
BRDA:28,25,0,42872
BRDA:28,26,0,42884
BRDA:32,27,0,85768
BRDA:34,28,0,85762
BRDA:40,29,0,57036
BRDA:43,30,0,101474
BRDA:44,31,0,200175
BRDA:44,32,0,199487
BRDA:47,33,0,82
BRDA:57,34,0,56
BRDA:58,35,0,224
BRDA:61,36,0,9
BRDA:62,37,0,36
BRDA:65,38,0,1
BRDA:79,39,0,305
BRDA:89,40,0,303
BRDA:90,41,0,1212
BRDA:93,42,0,75
BRDA:94,43,0,74
BRDA:94,44,0,1
BRDA:96,45,0,152
BRDA:103,46,0,1824
BRDA:105,47,0,18166
BRDA:106,48,0,181428
BRDA:113,49,0,197346
BRF:50
BRH:48
end_of_record
TN:
SF:src\game-modules\game-board\createGameBoard.js
FN:7,createGameBoard
FN:22,missedAttacksContains
FN:26,addMissedAttack
FN:30,hitDiagonalAdjContains
FN:34,addToHitDiagonalAdj
FN:38,shipCauseOverlap
FN:42,validateShipPlacement
FN:61,validateAttackPosition
FN:85,canPlaceShip
FN:95,placeShip
FN:110,unplaceShip
FN:122,unplaceAllShips
FN:127,receiveAttack
FN:156,getGridDimensions
FN:160,isFleetSunk
FN:164,getMissedAttacks
FN:168,getShipsStatus
FN:183,getShipsCoords
FN:187,getLastAttack
FN:191,isAttackValid
FN:200,getRedundantAdjacent
FNF:21
FNH:21
FNDA:1856,createGameBoard
FNDA:972,missedAttacksContains
FNDA:403,addMissedAttack
FNDA:917,hitDiagonalAdjContains
FNDA:428,addToHitDiagonalAdj
FNDA:42862,shipCauseOverlap
FNDA:47192,validateShipPlacement
FNDA:921,validateAttackPosition
FNDA:28343,canPlaceShip
FNDA:18853,placeShip
FNDA:42,unplaceShip
FNDA:4,unplaceAllShips
FNDA:746,receiveAttack
FNDA:1807,getGridDimensions
FNDA:342,isFleetSunk
FNDA:1,getMissedAttacks
FNDA:1,getShipsStatus
FNDA:19740,getShipsCoords
FNDA:4,getLastAttack
FNDA:175,isAttackValid
FNDA:8,getRedundantAdjacent
DA:1,1
DA:2,1
DA:3,1
DA:4,1
DA:5,1
DA:6,1
DA:7,1856
DA:8,1856
DA:9,5
DA:10,5
DA:11,1851
DA:12,1851
DA:13,1851
DA:14,1851
DA:15,1851
DA:16,1851
DA:17,1851
DA:18,1851
DA:19,1851
DA:20,1851
DA:21,1851
DA:22,1851
DA:23,972
DA:24,972
DA:25,1851
DA:26,1851
DA:27,403
DA:28,403
DA:29,1851
DA:30,1851
DA:31,917
DA:32,917
DA:33,1851
DA:34,1851
DA:35,428
DA:36,428
DA:37,1851
DA:38,1851
DA:39,42862
DA:40,42862
DA:41,1851
DA:42,1851
DA:43,47192
DA:44,4
DA:45,4
DA:46,47188
DA:47,47188
DA:48,94370
DA:49,4322
DA:50,4322
DA:51,47188
DA:52,47192
DA:53,4
DA:54,4
DA:55,47192
DA:56,47192
DA:57,6628
DA:58,6628
DA:59,47192
DA:60,1851
DA:61,1851
DA:62,921
DA:63,2
DA:64,2
DA:65,921
DA:66,921
DA:67,917
DA:68,921
DA:69,114
DA:70,114
DA:71,921
DA:72,921
DA:73,921
DA:74,921
DA:75,358
DA:76,358
DA:77,358
DA:78,921
DA:79,1
DA:80,1
DA:81,921
DA:82,1851
DA:83,1851
DA:84,1851
DA:85,1851
DA:86,28343
DA:87,28342
DA:88,28342
DA:89,28342
DA:90,28343
DA:91,10333
DA:92,10333
DA:93,28343
DA:94,1851
DA:95,1851
DA:96,18853
DA:97,18850
DA:98,18850
DA:99,18850
DA:100,18850
DA:101,18850
DA:102,18850
DA:103,18850
DA:104,18850
DA:105,18850
DA:106,18850
DA:107,18850
DA:108,18850
DA:109,1851
DA:110,1851
DA:111,42
DA:112,39
DA:113,39
DA:114,39
DA:115,39
DA:116,39
DA:117,42
DA:118,36
DA:119,36
DA:120,36
DA:121,1851
DA:122,1851
DA:123,4
DA:124,1
DA:125,1
DA:126,1851
DA:127,1851
DA:128,746
DA:129,746
DA:130,746
DA:131,746
DA:132,746
DA:133,746
DA:134,746
DA:135,403
DA:136,403
DA:137,403
DA:138,403
DA:139,302
DA:140,302
DA:141,302
DA:142,302
DA:143,302
DA:144,302
DA:145,302
DA:146,302
DA:147,746
DA:148,126
DA:149,126
DA:150,126
DA:151,126
DA:152,126
DA:153,126
DA:154,126
DA:155,1851
DA:156,1851
DA:157,1807
DA:158,1807
DA:159,1851
DA:160,1851
DA:161,342
DA:162,342
DA:163,1851
DA:164,1851
DA:165,1
DA:166,1
DA:167,1851
DA:168,1851
DA:169,1
DA:170,7
DA:171,7
DA:172,7
DA:173,7
DA:174,7
DA:175,7
DA:176,7
DA:177,7
DA:178,7
DA:179,7
DA:180,7
DA:181,1
DA:182,1851
DA:183,1851
DA:184,19740
DA:185,19740
DA:186,1851
DA:187,1851
DA:188,4
DA:189,4
DA:190,1851
DA:191,1851
DA:192,175
DA:193,175
DA:194,175
DA:195,175
DA:196,78
DA:197,78
DA:198,175
DA:199,1851
DA:200,1851
DA:201,8
DA:202,8
DA:203,8
DA:204,8
DA:205,1851
DA:206,1851
DA:207,1851
DA:208,1851
DA:209,1851
DA:210,1851
DA:211,1851
DA:212,1851
DA:213,1851
DA:214,1851
DA:215,1851
DA:216,1851
DA:217,1851
DA:218,1851
DA:219,1851
DA:220,1851
DA:221,1851
DA:222,1851
DA:223,1851
DA:224,1851
DA:225,1851
DA:226,1
DA:227,1
LF:227
LH:227
BRDA:7,0,0,1856
BRDA:8,1,0,5
BRDA:11,2,0,1851
BRDA:22,3,0,972
BRDA:26,4,0,403
BRDA:30,5,0,917
BRDA:34,6,0,428
BRDA:34,7,0,1756
BRDA:35,8,0,1756
BRDA:38,9,0,42862
BRDA:39,10,0,186917
BRDA:42,11,0,47192
BRDA:43,12,0,4
BRDA:46,13,0,47188
BRDA:52,14,0,4
BRDA:56,15,0,6628
BRDA:47,16,0,94370
BRDA:48,17,0,90048
BRDA:48,18,0,4322
BRDA:61,19,0,921
BRDA:62,20,0,2
BRDA:66,21,0,1
BRDA:66,22,0,917
BRDA:68,23,0,114
BRDA:74,24,0,445
BRDA:74,25,0,358
BRDA:78,26,0,1
BRDA:72,27,0,4621
BRDA:85,28,0,28343
BRDA:86,29,0,1
BRDA:86,30,0,28342
BRDA:90,31,0,10333
BRDA:95,32,0,18853
BRDA:96,33,0,3
BRDA:96,34,0,18850
BRDA:110,35,0,42
BRDA:111,36,0,3
BRDA:111,37,0,39
BRDA:117,38,0,3
BRDA:117,39,0,36
BRDA:114,40,0,193
BRDA:122,41,0,4
BRDA:123,42,0,3
BRDA:123,43,0,1
BRDA:127,44,0,746
BRDA:134,45,0,403
BRDA:139,46,0,302
BRDA:147,47,0,176
BRDA:147,48,0,126
BRDA:132,49,0,3866
BRDA:156,50,0,1807
BRDA:160,51,0,342
BRDA:164,52,0,1
BRDA:165,53,0,34
BRDA:168,54,0,1
BRDA:169,55,0,7
BRDA:173,56,0,8
BRDA:183,57,0,19740
BRDA:184,58,0,98282
BRDA:187,59,0,4
BRDA:188,60,0,2
BRDA:188,61,0,2
BRDA:191,62,0,175
BRDA:195,63,0,78
BRDA:200,64,0,8
BRDA:202,65,0,54
BRDA:203,66,0,54
BRF:67
BRH:67
end_of_record
TN:
SF:src\game-modules\game-board\index.js
FN:2,get
FNF:1
FNH:1
FNDA:678,get
DA:1,1
DA:2,678
LF:2
LH:2
BRDA:2,0,0,16
BRDA:2,1,0,0
BRDA:2,2,0,0
BRDA:2,3,0,0
BRDA:2,4,0,0
BRDA:2,5,0,678
BRF:6
BRH:2
end_of_record
TN:
SF:src\game-modules\game-board\shotType.js
FNF:0
FNH:0
DA:1,1
DA:2,1
DA:3,1
DA:4,1
DA:5,1
DA:6,1
DA:7,1
DA:8,1
DA:9,1
DA:10,1
DA:11,1
DA:12,1
DA:13,1
DA:14,1
DA:15,1
DA:16,1
LF:16
LH:16
BRF:0
BRH:0
end_of_record
TN:
SF:src\game-modules\game-board\utils.js
FN:6,getShipDirection
FN:11,translateShipAtIdxToCoords
FN:17,translateShipAtCoordsToIdx
FNF:3
FNH:3
FNDA:18225,getShipDirection
FNDA:8,translateShipAtIdxToCoords
FNDA:660,translateShipAtCoordsToIdx
DA:1,1
DA:2,1
DA:3,1
DA:4,1
DA:5,1
DA:6,18225
DA:7,18225
DA:8,18225
DA:9,18225
DA:10,1
DA:11,8
DA:12,8
DA:13,8
DA:14,8
DA:15,8
DA:16,1
DA:17,660
DA:18,660
DA:19,660
DA:20,1
DA:21,1
DA:22,1
DA:23,1
DA:24,1
DA:25,1
LF:25
LH:25
BRDA:6,0,0,18225
BRDA:8,1,0,12752
BRDA:8,2,0,5473
BRDA:11,3,0,8
BRDA:17,4,0,660
BRF:5
BRH:5
end_of_record
TN:
SF:src\game-modules\random-coords-generator\index.js
FN:4,getRandomCoords
FN:8,createRandomCoordsGenerator
FN:12,get
FN:27,exclude
FN:33,canGenerate
FNF:5
FNH:5
FNDA:1200,getRandomCoords
FNDA:22,createRandomCoordsGenerator
FNDA:947,get
FNDA:565,exclude
FNDA:258,canGenerate
DA:1,1
DA:2,1
DA:3,1
DA:4,1200
DA:5,1200
DA:6,1200
DA:7,1
DA:8,22
DA:9,22
DA:10,22
DA:11,22
DA:12,22
DA:13,947
DA:14,1226
DA:15,1226
DA:16,1226
DA:17,1226
DA:18,945
DA:19,945
DA:20,945
DA:21,945
DA:22,945
DA:23,2
DA:24,2
DA:25,2
DA:26,22
DA:27,22
DA:28,565
DA:29,565
DA:30,565
DA:31,565
DA:32,22
DA:33,22
DA:34,258
DA:35,258
DA:36,22
DA:37,22
DA:38,22
DA:39,22
DA:40,22
DA:41,22
DA:42,22
DA:43,1
DA:44,1
DA:45,1
DA:46,1
DA:47,1
LF:47
LH:47
BRDA:4,0,0,1200
BRDA:5,1,0,2400
BRDA:8,2,0,22
BRDA:12,3,0,947
BRDA:13,4,0,1226
BRDA:17,5,0,281
BRDA:17,6,0,945
BRDA:23,7,0,2
BRDA:27,8,0,565
BRDA:27,9,0,1060
BRDA:29,10,0,1060
BRDA:30,11,0,1053
BRDA:33,12,0,258
BRDA:34,13,0,256
BRF:14
BRH:14
end_of_record
TN:
SF:src\game-modules\randoms\index.js
FN:3,_float
FN:7,_int
FN:14,choice
FN:18,shuffle
FNF:4
FNH:2
FNDA:0,_float
FNDA:219943,_int
FNDA:0,choice
FNDA:25341,shuffle
DA:1,1
DA:2,1
DA:3,0
DA:4,0
DA:5,0
DA:6,1
DA:7,219943
DA:8,219943
DA:9,219943
DA:10,219943
DA:11,219943
DA:12,219943
DA:13,1
DA:14,0
DA:15,0
DA:16,0
DA:17,1
DA:18,25341
DA:19,25341
DA:20,25341
DA:21,25341
DA:22,217543
DA:23,217543
DA:24,217543
DA:25,25341
DA:26,25341
DA:27,1
DA:28,1
DA:29,1
DA:30,1
DA:31,1
DA:32,1
DA:33,1
LF:33
LH:27
BRDA:7,0,0,219943
BRDA:18,1,0,25341
BRDA:21,2,0,217543
BRF:3
BRH:3
end_of_record
TN:
SF:src\game-modules\rectUtils\index.js
FN:3,toString
FN:7,fromString
FN:11,height
FN:17,width
FN:23,maxDimension
FN:27,boundingRect
FN:35,overlap
FN:44,compareByCoords
FN:48,sortByCoords
FN:52,withinGrid
FN:56,getAdjacentCoords
FN:69,getAdjacentCoordsWithGrid
FN:73,getCoordsWithin
FN:84,contains
FN:90,clone
FNF:15
FNH:15
FNDA:97055,toString
FNDA:1,fromString
FNDA:18401,height
FNDA:18401,width
FNDA:18397,maxDimension
FNDA:36232,boundingRect
FNDA:186933,overlap
FNDA:139077,compareByCoords
FNDA:1,sortByCoords
FNDA:6,withinGrid
FNDA:234,getAdjacentCoords
FNDA:142,getAdjacentCoordsWithGrid
FNDA:8,getCoordsWithin
FNDA:1071950,contains
FNDA:98290,clone
DA:1,1
DA:2,1
DA:3,97055
DA:4,97055
DA:5,97055
DA:6,1
DA:7,1
DA:8,1
DA:9,1
DA:10,1
DA:11,18401
DA:12,18401
DA:13,18401
DA:14,18401
DA:15,18401
DA:16,1
DA:17,18401
DA:18,18401
DA:19,18401
DA:20,18401
DA:21,18401
DA:22,1
DA:23,18397
DA:24,18397
DA:25,18397
DA:26,1
DA:27,36232
DA:28,36232
DA:29,36232
DA:30,36232
DA:31,36232
DA:32,36232
DA:33,36232
DA:34,1
DA:35,186933
DA:36,186933
DA:37,186933
DA:38,186933
DA:39,186933
DA:40,186933
DA:41,186933
DA:42,186933
DA:43,1
DA:44,139077
DA:45,139077
DA:46,139077
DA:47,1
DA:48,1
DA:49,1
DA:50,1
DA:51,1
DA:52,6
DA:53,6
DA:54,6
DA:55,1
DA:56,234
DA:57,234
DA:58,234
DA:59,234
DA:60,234
DA:61,234
DA:62,234
DA:63,234
DA:64,234
DA:65,234
DA:66,234
DA:67,234
DA:68,1
DA:69,142
DA:70,142
DA:71,142
DA:72,1
DA:73,8
DA:74,8
DA:75,8
DA:76,8
DA:77,12
DA:78,22
DA:79,22
DA:80,12
DA:81,8
DA:82,8
DA:83,1
DA:84,1071950
DA:85,1071950
DA:86,1071950
DA:87,1071950
DA:88,1071950
DA:89,1
DA:90,98290
DA:91,98290
DA:92,98290
DA:93,1
DA:94,1
DA:95,1
DA:96,1
DA:97,1
DA:98,1
DA:99,1
DA:100,1
DA:101,1
DA:102,1
DA:103,1
DA:104,1
DA:105,1
DA:106,1
DA:107,1
DA:108,1
DA:109,1
DA:110,1
LF:110
LH:110
BRDA:3,0,0,97055
BRDA:3,1,0,0
BRDA:3,2,0,0
BRDA:3,3,0,0
BRDA:3,4,0,0
BRDA:4,5,0,194110
BRDA:7,6,0,1
BRDA:7,7,0,0
BRDA:7,8,0,0
BRDA:7,9,0,0
BRDA:7,10,0,0
BRDA:8,11,0,2
BRDA:11,12,0,18401
BRDA:17,13,0,18401
BRDA:23,14,0,18397
BRDA:27,15,0,36232
BRDA:35,16,0,186933
BRDA:39,17,0,120562
BRDA:40,18,0,120700
BRDA:41,19,0,58371
BRDA:44,20,0,139077
BRDA:45,21,0,42
BRDA:48,22,0,1
BRDA:52,23,0,6
BRDA:53,24,0,10
BRDA:56,25,0,234
BRDA:61,26,0,870
BRDA:62,27,0,617
BRDA:63,28,0,636
BRDA:64,29,0,383
BRDA:69,30,0,142
BRDA:70,31,0,1496
BRDA:73,32,0,8
BRDA:76,33,0,12
BRDA:77,34,0,22
BRDA:84,35,0,1071950
BRDA:87,36,0,709110
BRDA:87,37,0,375549
BRDA:87,38,0,254324
BRDA:90,39,0,98290
BRDA:91,40,0,196580
BRF:41
BRH:33
end_of_record
TN:
SF:src\game-modules\ship\createShip.js
FN:1,createShip
FN:6,getLength
FN:10,validatePositionInRange
FN:16,wasHit
FN:21,hit
FN:28,isSunk
FN:32,getHitPositions
FNF:7
FNH:7
FNDA:18240,createShip
FNDA:1017,getLength
FNDA:690,validatePositionInRange
FNDA:690,wasHit
FNDA:322,hit
FNDA:319,isSunk
FNDA:9,getHitPositions
DA:1,18240
DA:2,18240
DA:3,18237
DA:4,18237
DA:5,18237
DA:6,18237
DA:7,1017
DA:8,1017
DA:9,18237
DA:10,18237
DA:11,690
DA:12,10
DA:13,10
DA:14,690
DA:15,18237
DA:16,18237
DA:17,690
DA:18,690
DA:19,690
DA:20,18237
DA:21,18237
DA:22,322
DA:23,1
DA:24,1
DA:25,322
DA:26,322
DA:27,18237
DA:28,18237
DA:29,319
DA:30,319
DA:31,18237
DA:32,18237
DA:33,9
DA:34,9
DA:35,18237
DA:36,18237
DA:37,18237
DA:38,18237
DA:39,18237
DA:40,18237
DA:41,18237
DA:42,18237
DA:43,18237
DA:44,1
DA:45,1
LF:45
LH:45
BRDA:1,0,0,18240
BRDA:2,1,0,3
BRDA:2,2,0,18237
BRDA:6,3,0,1017
BRDA:10,4,0,690
BRDA:11,5,0,685
BRDA:11,6,0,10
BRDA:16,7,0,690
BRDA:21,8,0,322
BRDA:22,9,0,1
BRDA:28,10,0,319
BRDA:32,11,0,9
BRF:12
BRH:12
end_of_record
TN:
SF:src\game-modules\ship\index.js
FNF:0
FNH:0
DA:1,1
LF:1
LH:1
BRF:0
BRH:0
end_of_record
